#
# There is insufficient memory for the Java Runtime Environment to continue.
# Native memory allocation (mmap) failed to map 23068672 bytes for G1 virtual space
# Possible reasons:
#   The system is out of physical RAM or swap space
#   The process is running with CompressedOops enabled, and the Java Heap may be blocking the growth of the native heap
# Possible solutions:
#   Reduce memory load on the system
#   Increase physical memory or swap space
#   Check if swap backing store is full
#   Decrease Java heap size (-Xmx/-Xms)
#   Decrease number of Java threads
#   Decrease Java thread stack sizes (-Xss)
#   Set larger code cache with -XX:ReservedCodeCacheSize=
#   JVM is running with Unscaled Compressed Oops mode in which the Java heap is
#     placed in the first 4GB address space. The Java Heap base address is the
#     maximum limit for the native heap growth. Please use -XX:HeapBaseMinAddress
#     to set the Java Heap base and to place the Java Heap above 4GB virtual address.
# This output file may be truncated or incomplete.
#
#  Out of Memory Error (os_windows.cpp:3825), pid=10348, tid=16240
#
# JRE version: OpenJDK Runtime Environment (17.0.9) (build 17.0.9+0--11185874)
# Java VM: OpenJDK 64-Bit Server VM (17.0.9+0--11185874, mixed mode, tiered, compressed oops, compressed class ptrs, g1 gc, windows-amd64)
# No core dump will be written. Minidumps are not enabled by default on client versions of Windows
#

---------------  S U M M A R Y ------------

Command Line: org.jetbrains.kotlin.cli.jvm.K2JVMCompiler @C:\Users\irese\StudioProjects\SchoolApp\app\build\20240710_2545547537474039576.compiler.options

Host: AMD Ryzen 7 4700U with Radeon Graphics         , 8 cores, 7G,  Windows 10 , 64 bit Build 19041 (10.0.19041.3636)
Time: Wed Jul 10 18:59:37 2024 RTZ 2 (s 10 , 64 bit Build 19041 (10.0.19041.3636) elapsed time: 8.107966 seconds (0d 0h 0m 8s)

---------------  T H R E A D  ---------------

Current thread (0x0000024c7e8f3320):  VMThread "VM Thread" [stack: 0x000000b037400000,0x000000b037500000] [id=16240]

Stack: [0x000000b037400000,0x000000b037500000]
Native frames: (J=compiled Java code, j=interpreted, Vv=VM code, C=native code)
V  [jvm.dll+0x6886e9]
V  [jvm.dll+0x841e4a]
V  [jvm.dll+0x843a8e]
V  [jvm.dll+0x8440f3]
V  [jvm.dll+0x24c14f]
V  [jvm.dll+0x685499]
V  [jvm.dll+0x679c2a]
V  [jvm.dll+0x30cf9b]
V  [jvm.dll+0x314446]
V  [jvm.dll+0x36425e]
V  [jvm.dll+0x36448f]
V  [jvm.dll+0x2e2d68]
V  [jvm.dll+0x2e0f44]
V  [jvm.dll+0x2e054c]
V  [jvm.dll+0x3253fb]
V  [jvm.dll+0x8487eb]
V  [jvm.dll+0x849531]
V  [jvm.dll+0x849a4d]
V  [jvm.dll+0x849e24]
V  [jvm.dll+0x849ef0]
V  [jvm.dll+0x7f06aa]
V  [jvm.dll+0x687565]
C  [ucrtbase.dll+0x21bb2]
C  [KERNEL32.DLL+0x17344]
C  [ntdll.dll+0x4cc91]

VM_Operation (0x000000b036ef6d80): G1CollectForAllocation, mode: safepoint, requested by thread 0x0000024c6302e940


---------------  P R O C E S S  ---------------

Threads class SMR info:
_java_thread_list=0x0000024c04426340, length=12, elements={
0x0000024c6302e940, 0x0000024c7ea63260, 0x0000024c7e8dc0a0, 0x0000024c7ea8fc80,
0x0000024c7ea90640, 0x0000024c7ea83ad0, 0x0000024c7ea863b0, 0x0000024c7ea87840,
0x0000024c7ea882f0, 0x0000024c7ea89490, 0x0000024c7ebe7a00, 0x0000024c7ec002e0
}

Java Threads: ( => current thread )
  0x0000024c6302e940 JavaThread "main" [_thread_blocked, id=18296, stack(0x000000b036e00000,0x000000b036f00000)]
  0x0000024c7ea63260 JavaThread "Reference Handler" daemon [_thread_blocked, id=5768, stack(0x000000b037500000,0x000000b037600000)]
  0x0000024c7e8dc0a0 JavaThread "Finalizer" daemon [_thread_blocked, id=17456, stack(0x000000b037600000,0x000000b037700000)]
  0x0000024c7ea8fc80 JavaThread "Signal Dispatcher" daemon [_thread_blocked, id=20692, stack(0x000000b037700000,0x000000b037800000)]
  0x0000024c7ea90640 JavaThread "Attach Listener" daemon [_thread_blocked, id=11080, stack(0x000000b037800000,0x000000b037900000)]
  0x0000024c7ea83ad0 JavaThread "Service Thread" daemon [_thread_blocked, id=15240, stack(0x000000b037900000,0x000000b037a00000)]
  0x0000024c7ea863b0 JavaThread "Monitor Deflation Thread" daemon [_thread_blocked, id=15368, stack(0x000000b037a00000,0x000000b037b00000)]
  0x0000024c7ea87840 JavaThread "C2 CompilerThread0" daemon [_thread_blocked, id=10616, stack(0x000000b037b00000,0x000000b037c00000)]
  0x0000024c7ea882f0 JavaThread "C1 CompilerThread0" daemon [_thread_blocked, id=11928, stack(0x000000b037c00000,0x000000b037d00000)]
  0x0000024c7ea89490 JavaThread "Sweeper thread" daemon [_thread_blocked, id=17556, stack(0x000000b037d00000,0x000000b037e00000)]
  0x0000024c7ebe7a00 JavaThread "Notification Thread" daemon [_thread_blocked, id=4580, stack(0x000000b037e00000,0x000000b037f00000)]
  0x0000024c7ec002e0 JavaThread "Common-Cleaner" daemon [_thread_blocked, id=17776, stack(0x000000b038000000,0x000000b038100000)]

Other Threads:
=>0x0000024c7e8f3320 VMThread "VM Thread" [stack: 0x000000b037400000,0x000000b037500000] [id=16240]
  0x0000024c7ebe84f0 WatcherThread [stack: 0x000000b037f00000,0x000000b038000000] [id=12184]
  0x0000024c63086540 GCTaskThread "GC Thread#0" [stack: 0x000000b036f00000,0x000000b037000000] [id=10520]
  0x0000024c7f2352b0 GCTaskThread "GC Thread#1" [stack: 0x000000b038200000,0x000000b038300000] [id=17116]
  0x0000024c7f30d850 GCTaskThread "GC Thread#2" [stack: 0x000000b038300000,0x000000b038400000] [id=17620]
  0x0000024c7f30df20 GCTaskThread "GC Thread#3" [stack: 0x000000b038400000,0x000000b038500000] [id=15308]
  0x0000024c7f30e1e0 GCTaskThread "GC Thread#4" [stack: 0x000000b038500000,0x000000b038600000] [id=11588]
  0x0000024c041a9c50 GCTaskThread "GC Thread#5" [stack: 0x000000b038600000,0x000000b038700000] [id=17244]
  0x0000024c04426f20 GCTaskThread "GC Thread#6" [stack: 0x000000b038700000,0x000000b038800000] [id=17924]
  0x0000024c042bcb20 GCTaskThread "GC Thread#7" [stack: 0x000000b038800000,0x000000b038900000] [id=8544]
  0x0000024c63096210 ConcurrentGCThread "G1 Main Marker" [stack: 0x000000b037000000,0x000000b037100000] [id=15476]
  0x0000024c63096c30 ConcurrentGCThread "G1 Conc#0" [stack: 0x000000b037100000,0x000000b037200000] [id=14512]
  0x0000024c042bcde0 ConcurrentGCThread "G1 Conc#1" [stack: 0x000000b038900000,0x000000b038a00000] [id=3596]
  0x0000024c7e7424b0 ConcurrentGCThread "G1 Refine#0" [stack: 0x000000b037200000,0x000000b037300000] [id=20556]
  0x0000024c059f34e0 ConcurrentGCThread "G1 Refine#1" [stack: 0x000000b038100000,0x000000b038200000] [id=7456]
  0x0000024c630ecfa0 ConcurrentGCThread "G1 Service" [stack: 0x000000b037300000,0x000000b037400000] [id=8664]

Threads with active compile tasks:
C2 CompilerThread0     8147 8848       4       org.jetbrains.kotlin.types.TypeUtils::contains (301 bytes)

VM state: at safepoint (normal execution)

VM Mutex/Monitor currently owned by a thread:  ([mutex/lock_event])
[0x0000024c6302ab50] Threads_lock - owner thread: 0x0000024c7e8f3320
[0x0000024c6302b7b0] Heap_lock - owner thread: 0x0000024c6302e940

Heap address: 0x0000000089400000, size: 1900 MB, Compressed Oops mode: 32-bit

CDS archive(s) not mapped
Compressed class space mapped at: 0x0000000100000000-0x0000000140000000, reserved size: 1073741824
Narrow klass base: 0x0000000000000000, Narrow klass shift: 3, Narrow klass range: 0x140000000

GC Precious Log:
 CPUs: 8 total, 8 available
 Memory: 7599M
 Large Page Support: Disabled
 NUMA Support: Disabled
 Compressed Oops: Enabled (32-bit)
 Heap Region Size: 1M
 Heap Min Capacity: 8M
 Heap Initial Capacity: 120M
 Heap Max Capacity: 1900M
 Pre-touch: Disabled
 Parallel Workers: 8
 Concurrent Workers: 2
 Concurrent Refinement Workers: 8
 Periodic GC: Disabled

Heap:
 garbage-first heap   total 100352K, used 58639K [0x0000000089400000, 0x0000000100000000)
  region size 1024K, 3 young (3072K), 3 survivors (3072K)
 Metaspace       used 61820K, committed 62080K, reserved 1114112K
  class space    used 7125K, committed 7232K, reserved 1048576K

Heap Regions: E=young(eden), S=young(survivor), O=old, HS=humongous(starts), HC=humongous(continues), CS=collection set, F=free, OA=open archive, CA=closed archive, TAMS=top-at-mark-start (previous, next)
|   0|0x0000000089400000, 0x0000000089500000, 0x0000000089500000|100%|HS|  |TAMS 0x0000000089500000, 0x0000000089500000| Complete 
|   1|0x0000000089500000, 0x0000000089600000, 0x0000000089600000|100%|HC|  |TAMS 0x0000000089600000, 0x0000000089600000| Complete 
|   2|0x0000000089600000, 0x0000000089700000, 0x0000000089700000|100%|HC|  |TAMS 0x0000000089700000, 0x0000000089700000| Complete 
|   3|0x0000000089700000, 0x0000000089800000, 0x0000000089800000|100%|HC|  |TAMS 0x0000000089800000, 0x0000000089800000| Complete 
|   4|0x0000000089800000, 0x0000000089900000, 0x0000000089900000|100%| O|  |TAMS 0x0000000089900000, 0x0000000089900000| Untracked 
|   5|0x0000000089900000, 0x0000000089a00000, 0x0000000089a00000|100%| O|  |TAMS 0x0000000089a00000, 0x0000000089a00000| Untracked 
|   6|0x0000000089a00000, 0x0000000089b00000, 0x0000000089b00000|100%| O|  |TAMS 0x0000000089b00000, 0x0000000089b00000| Untracked 
|   7|0x0000000089b00000, 0x0000000089c00000, 0x0000000089c00000|100%| O|  |TAMS 0x0000000089c00000, 0x0000000089c00000| Untracked 
|   8|0x0000000089c00000, 0x0000000089c43e00, 0x0000000089d00000| 26%| O|  |TAMS 0x0000000089c00000, 0x0000000089c00000| Untracked 
|   9|0x0000000089d00000, 0x0000000089e00000, 0x0000000089e00000|100%| O|  |TAMS 0x0000000089d00000, 0x0000000089e00000| Untracked 
|  10|0x0000000089e00000, 0x0000000089f00000, 0x0000000089f00000|100%| O|  |TAMS 0x0000000089f00000, 0x0000000089f00000| Untracked 
|  11|0x0000000089f00000, 0x000000008a000000, 0x000000008a000000|100%| O|  |TAMS 0x000000008a000000, 0x000000008a000000| Untracked 
|  12|0x000000008a000000, 0x000000008a100000, 0x000000008a100000|100%| O|  |TAMS 0x000000008a100000, 0x000000008a100000| Untracked 
|  13|0x000000008a100000, 0x000000008a200000, 0x000000008a200000|100%| O|  |TAMS 0x000000008a200000, 0x000000008a200000| Untracked 
|  14|0x000000008a200000, 0x000000008a300000, 0x000000008a300000|100%| O|  |TAMS 0x000000008a300000, 0x000000008a300000| Untracked 
|  15|0x000000008a300000, 0x000000008a400000, 0x000000008a400000|100%| O|  |TAMS 0x000000008a400000, 0x000000008a400000| Untracked 
|  16|0x000000008a400000, 0x000000008a500000, 0x000000008a500000|100%| O|  |TAMS 0x000000008a500000, 0x000000008a500000| Untracked 
|  17|0x000000008a500000, 0x000000008a600000, 0x000000008a600000|100%| O|  |TAMS 0x000000008a600000, 0x000000008a600000| Untracked 
|  18|0x000000008a600000, 0x000000008a700000, 0x000000008a700000|100%| O|  |TAMS 0x000000008a700000, 0x000000008a700000| Untracked 
|  19|0x000000008a700000, 0x000000008a800000, 0x000000008a800000|100%| O|  |TAMS 0x000000008a800000, 0x000000008a800000| Untracked 
|  20|0x000000008a800000, 0x000000008a900000, 0x000000008a900000|100%| O|  |TAMS 0x000000008a900000, 0x000000008a900000| Untracked 
|  21|0x000000008a900000, 0x000000008aa00000, 0x000000008aa00000|100%| O|  |TAMS 0x000000008aa00000, 0x000000008aa00000| Untracked 
|  22|0x000000008aa00000, 0x000000008ab00000, 0x000000008ab00000|100%| O|  |TAMS 0x000000008ab00000, 0x000000008ab00000| Untracked 
|  23|0x000000008ab00000, 0x000000008ac00000, 0x000000008ac00000|100%| O|  |TAMS 0x000000008ac00000, 0x000000008ac00000| Untracked 
|  24|0x000000008ac00000, 0x000000008ad00000, 0x000000008ad00000|100%|HS|  |TAMS 0x000000008ad00000, 0x000000008ad00000| Complete 
|  25|0x000000008ad00000, 0x000000008ae00000, 0x000000008ae00000|100%|HC|  |TAMS 0x000000008ae00000, 0x000000008ae00000| Complete 
|  26|0x000000008ae00000, 0x000000008af00000, 0x000000008af00000|100%| O|  |TAMS 0x000000008af00000, 0x000000008af00000| Untracked 
|  27|0x000000008af00000, 0x000000008b000000, 0x000000008b000000|100%| O|  |TAMS 0x000000008b000000, 0x000000008b000000| Untracked 
|  28|0x000000008b000000, 0x000000008b100000, 0x000000008b100000|100%| O|  |TAMS 0x000000008b100000, 0x000000008b100000| Untracked 
|  29|0x000000008b100000, 0x000000008b200000, 0x000000008b200000|100%| O|  |TAMS 0x000000008b200000, 0x000000008b200000| Untracked 
|  30|0x000000008b200000, 0x000000008b300000, 0x000000008b300000|100%| O|  |TAMS 0x000000008b300000, 0x000000008b300000| Untracked 
|  31|0x000000008b300000, 0x000000008b400000, 0x000000008b400000|100%| O|  |TAMS 0x000000008b400000, 0x000000008b400000| Untracked 
|  32|0x000000008b400000, 0x000000008b500000, 0x000000008b500000|100%| O|  |TAMS 0x000000008b500000, 0x000000008b500000| Untracked 
|  33|0x000000008b500000, 0x000000008b600000, 0x000000008b600000|100%| O|  |TAMS 0x000000008b600000, 0x000000008b600000| Untracked 
|  34|0x000000008b600000, 0x000000008b700000, 0x000000008b700000|100%| O|  |TAMS 0x000000008b700000, 0x000000008b700000| Untracked 
|  35|0x000000008b700000, 0x000000008b800000, 0x000000008b800000|100%| O|  |TAMS 0x000000008b800000, 0x000000008b800000| Untracked 
|  36|0x000000008b800000, 0x000000008b900000, 0x000000008b900000|100%| O|  |TAMS 0x000000008b900000, 0x000000008b900000| Untracked 
|  37|0x000000008b900000, 0x000000008ba00000, 0x000000008ba00000|100%| O|  |TAMS 0x000000008ba00000, 0x000000008ba00000| Untracked 
|  38|0x000000008ba00000, 0x000000008bb00000, 0x000000008bb00000|100%| O|  |TAMS 0x000000008bb00000, 0x000000008bb00000| Untracked 
|  39|0x000000008bb00000, 0x000000008bc00000, 0x000000008bc00000|100%| O|  |TAMS 0x000000008bc00000, 0x000000008bc00000| Untracked 
|  40|0x000000008bc00000, 0x000000008bd00000, 0x000000008bd00000|100%| O|  |TAMS 0x000000008bd00000, 0x000000008bd00000| Untracked 
|  41|0x000000008bd00000, 0x000000008be00000, 0x000000008be00000|100%| O|  |TAMS 0x000000008be00000, 0x000000008be00000| Untracked 
|  42|0x000000008be00000, 0x000000008bf00000, 0x000000008bf00000|100%| O|  |TAMS 0x000000008bf00000, 0x000000008bf00000| Untracked 
|  43|0x000000008bf00000, 0x000000008c000000, 0x000000008c000000|100%| O|  |TAMS 0x000000008c000000, 0x000000008c000000| Untracked 
|  44|0x000000008c000000, 0x000000008c100000, 0x000000008c100000|100%| O|  |TAMS 0x000000008c100000, 0x000000008c100000| Untracked 
|  45|0x000000008c100000, 0x000000008c200000, 0x000000008c200000|100%| O|  |TAMS 0x000000008c200000, 0x000000008c200000| Untracked 
|  46|0x000000008c200000, 0x000000008c300000, 0x000000008c300000|100%| O|  |TAMS 0x000000008c300000, 0x000000008c300000| Untracked 
|  47|0x000000008c300000, 0x000000008c400000, 0x000000008c400000|100%| O|  |TAMS 0x000000008c400000, 0x000000008c400000| Untracked 
|  48|0x000000008c400000, 0x000000008c500000, 0x000000008c500000|100%| O|  |TAMS 0x000000008c4f7600, 0x000000008c500000| Untracked 
|  49|0x000000008c500000, 0x000000008c600000, 0x000000008c600000|100%| O|  |TAMS 0x000000008c500000, 0x000000008c600000| Untracked 
|  50|0x000000008c600000, 0x000000008c700000, 0x000000008c700000|100%| O|  |TAMS 0x000000008c600000, 0x000000008c700000| Untracked 
|  51|0x000000008c700000, 0x000000008c800000, 0x000000008c800000|100%| O|  |TAMS 0x000000008c700000, 0x000000008c800000| Untracked 
|  52|0x000000008c800000, 0x000000008c900000, 0x000000008c900000|100%| O|  |TAMS 0x000000008c800000, 0x000000008c900000| Untracked 
|  53|0x000000008c900000, 0x000000008ca00000, 0x000000008ca00000|100%| O|  |TAMS 0x000000008c900000, 0x000000008ca00000| Untracked 
|  54|0x000000008ca00000, 0x000000008cb00000, 0x000000008cb00000|100%| O|  |TAMS 0x000000008ca00000, 0x000000008cac8400| Untracked 
|  55|0x000000008cb00000, 0x000000008cb00000, 0x000000008cc00000|  0%| F|  |TAMS 0x000000008cb00000, 0x000000008cb00000| Untracked 
|  56|0x000000008cc00000, 0x000000008cc00000, 0x000000008cd00000|  0%| F|  |TAMS 0x000000008cc00000, 0x000000008cc00000| Untracked 
|  57|0x000000008cd00000, 0x000000008cd00000, 0x000000008ce00000|  0%| F|  |TAMS 0x000000008cd00000, 0x000000008cd00000| Untracked 
|  58|0x000000008ce00000, 0x000000008ce00000, 0x000000008cf00000|  0%| F|  |TAMS 0x000000008ce00000, 0x000000008ce00000| Untracked 
|  59|0x000000008cf00000, 0x000000008cf00000, 0x000000008d000000|  0%| F|  |TAMS 0x000000008cf00000, 0x000000008cf00000| Untracked 
|  60|0x000000008d000000, 0x000000008d000000, 0x000000008d100000|  0%| F|  |TAMS 0x000000008d000000, 0x000000008d000000| Untracked 
|  61|0x000000008d100000, 0x000000008d100000, 0x000000008d200000|  0%| F|  |TAMS 0x000000008d100000, 0x000000008d100000| Untracked 
|  62|0x000000008d200000, 0x000000008d200000, 0x000000008d300000|  0%| F|  |TAMS 0x000000008d200000, 0x000000008d200000| Untracked 
|  63|0x000000008d300000, 0x000000008d300000, 0x000000008d400000|  0%| F|  |TAMS 0x000000008d300000, 0x000000008d300000| Untracked 
|  64|0x000000008d400000, 0x000000008d400000, 0x000000008d500000|  0%| F|  |TAMS 0x000000008d400000, 0x000000008d400000| Untracked 
|  65|0x000000008d500000, 0x000000008d500000, 0x000000008d600000|  0%| F|  |TAMS 0x000000008d500000, 0x000000008d500000| Untracked 
|  66|0x000000008d600000, 0x000000008d600000, 0x000000008d700000|  0%| F|  |TAMS 0x000000008d600000, 0x000000008d600000| Untracked 
|  67|0x000000008d700000, 0x000000008d700000, 0x000000008d800000|  0%| F|  |TAMS 0x000000008d700000, 0x000000008d700000| Untracked 
|  68|0x000000008d800000, 0x000000008d800000, 0x000000008d900000|  0%| F|  |TAMS 0x000000008d800000, 0x000000008d800000| Untracked 
|  69|0x000000008d900000, 0x000000008d900000, 0x000000008da00000|  0%| F|  |TAMS 0x000000008d900000, 0x000000008d900000| Untracked 
|  70|0x000000008da00000, 0x000000008da00000, 0x000000008db00000|  0%| F|  |TAMS 0x000000008da00000, 0x000000008da00000| Untracked 
|  71|0x000000008db00000, 0x000000008dc00000, 0x000000008dc00000|100%| S|CS|TAMS 0x000000008db00000, 0x000000008db00000| Complete 
|  72|0x000000008dc00000, 0x000000008dd00000, 0x000000008dd00000|100%| S|CS|TAMS 0x000000008dc00000, 0x000000008dc00000| Complete 
|  73|0x000000008dd00000, 0x000000008de00000, 0x000000008de00000|100%| S|CS|TAMS 0x000000008dd00000, 0x000000008dd00000| Complete 
|  74|0x000000008de00000, 0x000000008de00000, 0x000000008df00000|  0%| F|  |TAMS 0x000000008de00000, 0x000000008de00000| Untracked 
|  75|0x000000008df00000, 0x000000008df00000, 0x000000008e000000|  0%| F|  |TAMS 0x000000008df00000, 0x000000008df00000| Untracked 
|  76|0x000000008e000000, 0x000000008e000000, 0x000000008e100000|  0%| F|  |TAMS 0x000000008e000000, 0x000000008e000000| Untracked 
|  77|0x000000008e100000, 0x000000008e100000, 0x000000008e200000|  0%| F|  |TAMS 0x000000008e100000, 0x000000008e100000| Untracked 
|  78|0x000000008e200000, 0x000000008e200000, 0x000000008e300000|  0%| F|  |TAMS 0x000000008e200000, 0x000000008e200000| Untracked 
|  79|0x000000008e300000, 0x000000008e300000, 0x000000008e400000|  0%| F|  |TAMS 0x000000008e300000, 0x000000008e300000| Untracked 
|  80|0x000000008e400000, 0x000000008e400000, 0x000000008e500000|  0%| F|  |TAMS 0x000000008e400000, 0x000000008e400000| Untracked 
|  81|0x000000008e500000, 0x000000008e500000, 0x000000008e600000|  0%| F|  |TAMS 0x000000008e500000, 0x000000008e500000| Untracked 
|  82|0x000000008e600000, 0x000000008e600000, 0x000000008e700000|  0%| F|  |TAMS 0x000000008e600000, 0x000000008e600000| Untracked 
|  83|0x000000008e700000, 0x000000008e700000, 0x000000008e800000|  0%| F|  |TAMS 0x000000008e700000, 0x000000008e700000| Untracked 
|  84|0x000000008e800000, 0x000000008e800000, 0x000000008e900000|  0%| F|  |TAMS 0x000000008e800000, 0x000000008e800000| Untracked 
|  85|0x000000008e900000, 0x000000008e900000, 0x000000008ea00000|  0%| F|  |TAMS 0x000000008e900000, 0x000000008e900000| Untracked 
|  86|0x000000008ea00000, 0x000000008ea00000, 0x000000008eb00000|  0%| F|  |TAMS 0x000000008ea00000, 0x000000008ea00000| Untracked 
|  87|0x000000008eb00000, 0x000000008eb00000, 0x000000008ec00000|  0%| F|  |TAMS 0x000000008eb00000, 0x000000008eb00000| Untracked 
|  88|0x000000008ec00000, 0x000000008ec00000, 0x000000008ed00000|  0%| F|  |TAMS 0x000000008ec00000, 0x000000008ec00000| Untracked 
|  89|0x000000008ed00000, 0x000000008ed00000, 0x000000008ee00000|  0%| F|  |TAMS 0x000000008ed00000, 0x000000008ed00000| Untracked 
|  90|0x000000008ee00000, 0x000000008ee00000, 0x000000008ef00000|  0%| F|  |TAMS 0x000000008ee00000, 0x000000008ee00000| Untracked 
|  91|0x000000008ef00000, 0x000000008ef00000, 0x000000008f000000|  0%| F|  |TAMS 0x000000008ef00000, 0x000000008ef00000| Untracked 
|  92|0x000000008f000000, 0x000000008f000000, 0x000000008f100000|  0%| F|  |TAMS 0x000000008f000000, 0x000000008f000000| Untracked 
|  93|0x000000008f100000, 0x000000008f100000, 0x000000008f200000|  0%| F|  |TAMS 0x000000008f100000, 0x000000008f100000| Untracked 
|  94|0x000000008f200000, 0x000000008f200000, 0x000000008f300000|  0%| F|  |TAMS 0x000000008f200000, 0x000000008f200000| Untracked 
|  95|0x000000008f300000, 0x000000008f300000, 0x000000008f400000|  0%| F|  |TAMS 0x000000008f300000, 0x000000008f300000| Untracked 
|  96|0x000000008f400000, 0x000000008f400000, 0x000000008f500000|  0%| F|  |TAMS 0x000000008f400000, 0x000000008f400000| Untracked 
| 119|0x0000000090b00000, 0x0000000090b00000, 0x0000000090c00000|  0%| F|  |TAMS 0x0000000090b00000, 0x0000000090b00000| Untracked 

Card table byte_map: [0x0000024c77b30000,0x0000024c77ef0000] _byte_map_base: 0x0000024c776e6000

Marking Bits (Prev, Next): (CMBitMap*) 0x0000024c63086b60, (CMBitMap*) 0x0000024c63086ba0
 Prev Bits: [0x0000024c782b0000, 0x0000024c7a060000)
 Next Bits: [0x0000024c7a060000, 0x0000024c7be10000)

Polling page: 0x0000024c630f0000

Metaspace:

Usage:
  Non-class:     53.41 MB used.
      Class:      6.96 MB used.
       Both:     60.37 MB used.

Virtual space:
  Non-class space:       64.00 MB reserved,      53.56 MB ( 84%) committed,  1 nodes.
      Class space:        1.00 GB reserved,       7.06 MB ( <1%) committed,  1 nodes.
             Both:        1.06 GB reserved,      60.62 MB (  6%) committed. 

Chunk freelists:
   Non-Class:  9.61 MB
       Class:  8.91 MB
        Both:  18.52 MB

MaxMetaspaceSize: unlimited
CompressedClassSpaceSize: 1.00 GB
Initial GC threshold: 21.00 MB
Current GC threshold: 97.00 MB
CDS: off
MetaspaceReclaimPolicy: balanced
 - commit_granule_bytes: 65536.
 - commit_granule_words: 8192.
 - virtual_space_node_default_size: 8388608.
 - enlarge_chunks_in_place: 1.
 - new_chunks_are_fully_committed: 0.
 - uncommit_free_chunks: 1.
 - use_allocation_guard: 0.
 - handle_deallocations: 1.


Internal statistics:

num_allocs_failed_limit: 6.
num_arena_births: 256.
num_arena_deaths: 0.
num_vsnodes_births: 2.
num_vsnodes_deaths: 0.
num_space_committed: 968.
num_space_uncommitted: 0.
num_chunks_returned_to_freelist: 6.
num_chunks_taken_from_freelist: 2207.
num_chunk_merges: 6.
num_chunk_splits: 1785.
num_chunks_enlarged: 1556.
num_inconsistent_stats: 0.

CodeHeap 'non-profiled nmethods': size=120000Kb used=3178Kb max_used=3178Kb free=116821Kb
 bounds [0x0000024c6f7b0000, 0x0000024c6fad0000, 0x0000024c76ce0000]
CodeHeap 'profiled nmethods': size=120000Kb used=21294Kb max_used=21294Kb free=98705Kb
 bounds [0x0000024c67ce0000, 0x0000024c691b0000, 0x0000024c6f210000]
CodeHeap 'non-nmethods': size=5760Kb used=1299Kb max_used=1339Kb free=4460Kb
 bounds [0x0000024c6f210000, 0x0000024c6f480000, 0x0000024c6f7b0000]
 total_blobs=8584 nmethods=7977 adapters=517
 compilation: enabled
              stopped_count=0, restarted_count=0
 full_count=0

Compilation events (20 events):
Event: 8.087 Thread 0x0000024c7ea882f0 8915       3       org.jetbrains.kotlin.types.TypeUtils::getDefaultTypeProjections (86 bytes)
Event: 8.088 Thread 0x0000024c7ea882f0 nmethod 8915 0x0000024c691a4410 code [0x0000024c691a4700, 0x0000024c691a5928]
Event: 8.088 Thread 0x0000024c7ea882f0 8913       3       org.jetbrains.kotlin.types.TypeUtils::makeUnsubstitutedType (48 bytes)
Event: 8.088 Thread 0x0000024c7ea882f0 nmethod 8913 0x0000024c691a5f10 code [0x0000024c691a6120, 0x0000024c691a6718]
Event: 8.088 Thread 0x0000024c7ea882f0 8914       3       org.jetbrains.kotlin.types.TypeUtils::makeUnsubstitutedType (61 bytes)
Event: 8.088 Thread 0x0000024c7ea882f0 nmethod 8914 0x0000024c691a6910 code [0x0000024c691a6b20, 0x0000024c691a6fe8]
Event: 8.088 Thread 0x0000024c7ea882f0 8911       3       jdk.internal.misc.Unsafe::getAndSetReference (24 bytes)
Event: 8.089 Thread 0x0000024c7ea882f0 nmethod 8911 0x0000024c691a7190 code [0x0000024c691a7340, 0x0000024c691a75e8]
Event: 8.089 Thread 0x0000024c7ea882f0 8916       3       org.jetbrains.kotlin.descriptors.impl.AbstractTypeParameterDescriptor::<init> (136 bytes)
Event: 8.089 Thread 0x0000024c7ea882f0 nmethod 8916 0x0000024c691a7710 code [0x0000024c691a7980, 0x0000024c691a8578]
Event: 8.089 Thread 0x0000024c7ea882f0 8917       3       org.jetbrains.kotlin.descriptors.impl.AbstractTypeParameterDescriptor$1::<init> (20 bytes)
Event: 8.089 Thread 0x0000024c7ea882f0 nmethod 8917 0x0000024c691a8910 code [0x0000024c691a8ac0, 0x0000024c691a8d38]
Event: 8.089 Thread 0x0000024c7ea882f0 8918       3       org.jetbrains.kotlin.utils.SmartList::toArray (157 bytes)
Event: 8.090 Thread 0x0000024c7ea882f0 nmethod 8918 0x0000024c691a8e10 code [0x0000024c691a90a0, 0x0000024c691a9f78]
Event: 8.093 Thread 0x0000024c7ea882f0 8919       3       org.jetbrains.kotlin.load.kotlin.BinaryClassAnnotationAndConstantLoaderImpl::access$createConstant (7 bytes)
Event: 8.093 Thread 0x0000024c7ea882f0 nmethod 8919 0x0000024c691aa290 code [0x0000024c691aa420, 0x0000024c691aa548]
Event: 8.093 Thread 0x0000024c7ea882f0 8920       3       org.jetbrains.kotlin.load.kotlin.BinaryClassAnnotationAndConstantLoaderImpl::createConstant (46 bytes)
Event: 8.094 Thread 0x0000024c7ea882f0 nmethod 8920 0x0000024c691aa610 code [0x0000024c691aa860, 0x0000024c691ab048]
Event: 8.094 Thread 0x0000024c7ea882f0 8921       3       org.jetbrains.kotlin.load.kotlin.BinaryClassAnnotationAndConstantLoaderImpl$AbstractAnnotationArgumentVisitor::visit (15 bytes)
Event: 8.094 Thread 0x0000024c7ea882f0 nmethod 8921 0x0000024c691ab310 code [0x0000024c691ab4c0, 0x0000024c691ab738]

GC Heap History (20 events):
Event: 3.585 GC heap after
{Heap after GC invocations=13 (full 0):
 garbage-first heap   total 77824K, used 33743K [0x0000000089400000, 0x0000000100000000)
  region size 1024K, 3 young (3072K), 3 survivors (3072K)
 Metaspace       used 50034K, committed 50240K, reserved 1114112K
  class space    used 6074K, committed 6144K, reserved 1048576K
}
Event: 3.678 GC heap before
{Heap before GC invocations=13 (full 0):
 garbage-first heap   total 77824K, used 57295K [0x0000000089400000, 0x0000000100000000)
  region size 1024K, 27 young (27648K), 3 survivors (3072K)
 Metaspace       used 50157K, committed 50368K, reserved 1114112K
  class space    used 6074K, committed 6144K, reserved 1048576K
}
Event: 3.685 GC heap after
{Heap after GC invocations=14 (full 0):
 garbage-first heap   total 77824K, used 34398K [0x0000000089400000, 0x0000000100000000)
  region size 1024K, 2 young (2048K), 2 survivors (2048K)
 Metaspace       used 50157K, committed 50368K, reserved 1114112K
  class space    used 6074K, committed 6144K, reserved 1048576K
}
Event: 3.986 GC heap before
{Heap before GC invocations=14 (full 0):
 garbage-first heap   total 77824K, used 57950K [0x0000000089400000, 0x0000000100000000)
  region size 1024K, 26 young (26624K), 2 survivors (2048K)
 Metaspace       used 51933K, committed 52160K, reserved 1114112K
  class space    used 6266K, committed 6336K, reserved 1048576K
}
Event: 3.991 GC heap after
{Heap after GC invocations=15 (full 0):
 garbage-first heap   total 77824K, used 36812K [0x0000000089400000, 0x0000000100000000)
  region size 1024K, 4 young (4096K), 4 survivors (4096K)
 Metaspace       used 51933K, committed 52160K, reserved 1114112K
  class space    used 6266K, committed 6336K, reserved 1048576K
}
Event: 4.632 GC heap before
{Heap before GC invocations=15 (full 0):
 garbage-first heap   total 77824K, used 58316K [0x0000000089400000, 0x0000000100000000)
  region size 1024K, 26 young (26624K), 4 survivors (4096K)
 Metaspace       used 53749K, committed 53952K, reserved 1114112K
  class space    used 6390K, committed 6464K, reserved 1048576K
}
Event: 4.645 GC heap after
{Heap after GC invocations=16 (full 0):
 garbage-first heap   total 77824K, used 41428K [0x0000000089400000, 0x0000000100000000)
  region size 1024K, 4 young (4096K), 4 survivors (4096K)
 Metaspace       used 53749K, committed 53952K, reserved 1114112K
  class space    used 6390K, committed 6464K, reserved 1048576K
}
Event: 5.125 GC heap before
{Heap before GC invocations=16 (full 0):
 garbage-first heap   total 77824K, used 59860K [0x0000000089400000, 0x0000000100000000)
  region size 1024K, 22 young (22528K), 4 survivors (4096K)
 Metaspace       used 54379K, committed 54656K, reserved 1114112K
  class space    used 6402K, committed 6528K, reserved 1048576K
}
Event: 5.145 GC heap after
{Heap after GC invocations=17 (full 0):
 garbage-first heap   total 100352K, used 45056K [0x0000000089400000, 0x0000000100000000)
  region size 1024K, 3 young (3072K), 3 survivors (3072K)
 Metaspace       used 54379K, committed 54656K, reserved 1114112K
  class space    used 6402K, committed 6528K, reserved 1048576K
}
Event: 6.134 GC heap before
{Heap before GC invocations=18 (full 0):
 garbage-first heap   total 100352K, used 75776K [0x0000000089400000, 0x0000000100000000)
  region size 1024K, 33 young (33792K), 3 survivors (3072K)
 Metaspace       used 56197K, committed 56448K, reserved 1114112K
  class space    used 6609K, committed 6720K, reserved 1048576K
}
Event: 6.147 GC heap after
{Heap after GC invocations=19 (full 0):
 garbage-first heap   total 100352K, used 49871K [0x0000000089400000, 0x0000000100000000)
  region size 1024K, 5 young (5120K), 5 survivors (5120K)
 Metaspace       used 56197K, committed 56448K, reserved 1114112K
  class space    used 6609K, committed 6720K, reserved 1048576K
}
Event: 6.159 GC heap before
{Heap before GC invocations=19 (full 0):
 garbage-first heap   total 100352K, used 50895K [0x0000000089400000, 0x0000000100000000)
  region size 1024K, 6 young (6144K), 5 survivors (5120K)
 Metaspace       used 56205K, committed 56512K, reserved 1114112K
  class space    used 6610K, committed 6720K, reserved 1048576K
}
Event: 6.166 GC heap after
{Heap after GC invocations=20 (full 0):
 garbage-first heap   total 100352K, used 49877K [0x0000000089400000, 0x0000000100000000)
  region size 1024K, 1 young (1024K), 1 survivors (1024K)
 Metaspace       used 56205K, committed 56512K, reserved 1114112K
  class space    used 6610K, committed 6720K, reserved 1048576K
}
Event: 6.832 GC heap before
{Heap before GC invocations=20 (full 0):
 garbage-first heap   total 100352K, used 77525K [0x0000000089400000, 0x0000000100000000)
  region size 1024K, 28 young (28672K), 1 survivors (1024K)
 Metaspace       used 59277K, committed 59456K, reserved 1114112K
  class space    used 6968K, committed 7040K, reserved 1048576K
}
Event: 6.842 GC heap after
{Heap after GC invocations=21 (full 0):
 garbage-first heap   total 100352K, used 52787K [0x0000000089400000, 0x0000000100000000)
  region size 1024K, 4 young (4096K), 4 survivors (4096K)
 Metaspace       used 59277K, committed 59456K, reserved 1114112K
  class space    used 6968K, committed 7040K, reserved 1048576K
}
Event: 7.489 GC heap before
{Heap before GC invocations=22 (full 0):
 garbage-first heap   total 100352K, used 78387K [0x0000000089400000, 0x0000000100000000)
  region size 1024K, 29 young (29696K), 4 survivors (4096K)
 Metaspace       used 60999K, committed 61312K, reserved 1114112K
  class space    used 7098K, committed 7232K, reserved 1048576K
}
Event: 7.502 GC heap after
{Heap after GC invocations=23 (full 0):
 garbage-first heap   total 100352K, used 55789K [0x0000000089400000, 0x0000000100000000)
  region size 1024K, 3 young (3072K), 3 survivors (3072K)
 Metaspace       used 60999K, committed 61312K, reserved 1114112K
  class space    used 7098K, committed 7232K, reserved 1048576K
}
Event: 7.538 GC heap before
{Heap before GC invocations=23 (full 0):
 garbage-first heap   total 100352K, used 56813K [0x0000000089400000, 0x0000000100000000)
  region size 1024K, 4 young (4096K), 3 survivors (3072K)
 Metaspace       used 61054K, committed 61376K, reserved 1114112K
  class space    used 7098K, committed 7232K, reserved 1048576K
}
Event: 7.545 GC heap after
{Heap after GC invocations=24 (full 0):
 garbage-first heap   total 100352K, used 55589K [0x0000000089400000, 0x0000000100000000)
  region size 1024K, 1 young (1024K), 1 survivors (1024K)
 Metaspace       used 61054K, committed 61376K, reserved 1114112K
  class space    used 7098K, committed 7232K, reserved 1048576K
}
Event: 8.095 GC heap before
{Heap before GC invocations=24 (full 0):
 garbage-first heap   total 100352K, used 79141K [0x0000000089400000, 0x0000000100000000)
  region size 1024K, 24 young (24576K), 1 survivors (1024K)
 Metaspace       used 61820K, committed 62080K, reserved 1114112K
  class space    used 7125K, committed 7232K, reserved 1048576K
}

Dll operation events (2 events):
Event: 0.010 Loaded shared library C:\Program Files\Android\Android Studio\jbr\bin\java.dll
Event: 1.255 Loaded shared library C:\Program Files\Android\Android Studio\jbr\bin\verify.dll

Deoptimization events (20 events):
Event: 7.191 Thread 0x0000024c6302e940 Uncommon trap: trap_request=0xffffff45 fr.pc=0x0000024c6f7f6dec relative=0x00000000000003cc
Event: 7.191 Thread 0x0000024c6302e940 Uncommon trap: reason=unstable_if action=reinterpret pc=0x0000024c6f7f6dec method=java.lang.AbstractStringBuilder.isLatin1()Z @ 10 c2
Event: 7.191 Thread 0x0000024c6302e940 DEOPT PACKING pc=0x0000024c6f7f6dec sp=0x000000b036efb4d0
Event: 7.191 Thread 0x0000024c6302e940 DEOPT UNPACKING pc=0x0000024c6f2669a3 sp=0x000000b036efb450 mode 2
Event: 7.233 Thread 0x0000024c6302e940 Uncommon trap: trap_request=0xffffff45 fr.pc=0x0000024c6f8ea940 relative=0x00000000000018c0
Event: 7.233 Thread 0x0000024c6302e940 Uncommon trap: reason=unstable_if action=reinterpret pc=0x0000024c6f8ea940 method=org.jetbrains.kotlin.lexer._JetLexer.advance()Lorg/jetbrains/kotlin/com/intellij/psi/tree/IElementType; @ 403 c2
Event: 7.233 Thread 0x0000024c6302e940 DEOPT PACKING pc=0x0000024c6f8ea940 sp=0x000000b036ef9aa0
Event: 7.233 Thread 0x0000024c6302e940 DEOPT UNPACKING pc=0x0000024c6f2669a3 sp=0x000000b036ef9a50 mode 2
Event: 7.274 Thread 0x0000024c6302e940 Uncommon trap: trap_request=0xffffff45 fr.pc=0x0000024c6f82c584 relative=0x0000000000000584
Event: 7.274 Thread 0x0000024c6302e940 Uncommon trap: reason=unstable_if action=reinterpret pc=0x0000024c6f82c584 method=org.jetbrains.kotlin.config.LanguageVersionSettingsImpl.getFeatureSupport(Lorg/jetbrains/kotlin/config/LanguageFeature;)Lorg/jetbrains/kotlin/config/LanguageFeature$State; @
Event: 7.274 Thread 0x0000024c6302e940 DEOPT PACKING pc=0x0000024c6f82c584 sp=0x000000b036ef9d40
Event: 7.274 Thread 0x0000024c6302e940 DEOPT UNPACKING pc=0x0000024c6f2669a3 sp=0x000000b036ef9c70 mode 2
Event: 7.730 Thread 0x0000024c6302e940 DEOPT PACKING pc=0x0000024c685a06c1 sp=0x000000b036ef5350
Event: 7.730 Thread 0x0000024c6302e940 DEOPT UNPACKING pc=0x0000024c6f267143 sp=0x000000b036ef4818 mode 0
Event: 7.739 Thread 0x0000024c6302e940 DEOPT PACKING pc=0x0000024c6856b13a sp=0x000000b036ef3c10
Event: 7.739 Thread 0x0000024c6302e940 DEOPT UNPACKING pc=0x0000024c6f267143 sp=0x000000b036ef30e0 mode 0
Event: 8.009 Thread 0x0000024c6302e940 Uncommon trap: trap_request=0xffffffc6 fr.pc=0x0000024c6f87455c relative=0x0000000000000b1c
Event: 8.009 Thread 0x0000024c6302e940 Uncommon trap: reason=bimorphic_or_optimized_type_check action=maybe_recompile pc=0x0000024c6f87455c method=gnu.trove.TObjectHash.insertionIndex(Ljava/lang/Object;)I @ 75 c2
Event: 8.009 Thread 0x0000024c6302e940 DEOPT PACKING pc=0x0000024c6f87455c sp=0x000000b036ef7540
Event: 8.009 Thread 0x0000024c6302e940 DEOPT UNPACKING pc=0x0000024c6f2669a3 sp=0x000000b036ef74c8 mode 2

Classes unloaded (0 events):
No events

Classes redefined (0 events):
No events

Internal exceptions (20 events):
Event: 1.951 Thread 0x0000024c6302e940 Implicit null exception at 0x0000024c6f7c9e72 to 0x0000024c6f7ca44c
Event: 1.984 Thread 0x0000024c6302e940 Exception <a 'java/lang/NoSuchMethodError'{0x000000008b3a23d0}: 'java.lang.Object java.lang.invoke.DirectMethodHandle$Holder.invokeVirtual(java.lang.Object, java.lang.Object, java.lang.Object)'> (0x000000008b3a23d0) 
thrown [s\src\hotspot\share\interpreter\linkResolver.cpp, line 771]
Event: 2.563 Thread 0x0000024c6302e940 Exception <a 'java/lang/NoSuchMethodError'{0x000000008cc26608}: 'java.lang.Object java.lang.invoke.DirectMethodHandle$Holder.newInvokeSpecial(java.lang.Object, java.lang.Object, int)'> (0x000000008cc26608) 
thrown [s\src\hotspot\share\interpreter\linkResolver.cpp, line 771]
Event: 2.622 Thread 0x0000024c6302e940 Implicit null exception at 0x0000024c6f8c9fd0 to 0x0000024c6f8ca09c
Event: 2.715 Thread 0x0000024c6302e940 Exception <a 'java/lang/NoSuchMethodError'{0x000000008c7b6058}: 'java.lang.Object java.lang.invoke.DirectMethodHandle$Holder.newInvokeSpecial(java.lang.Object, java.lang.Object, java.lang.Object, int)'> (0x000000008c7b6058) 
thrown [s\src\hotspot\share\interpreter\linkResolver.cpp, line 771]
Event: 2.715 Thread 0x0000024c6302e940 Exception <a 'java/lang/NoSuchMethodError'{0x000000008c7ba6e0}: 'java.lang.Object java.lang.invoke.DirectMethodHandle$Holder.invokeSpecial(java.lang.Object, java.lang.Object, java.lang.Object, java.lang.Object, int)'> (0x000000008c7ba6e0) 
thrown [s\src\hotspot\share\interpreter\linkResolver.cpp, line 771]
Event: 2.716 Thread 0x0000024c6302e940 Exception <a 'java/lang/NoSuchMethodError'{0x000000008c7be550}: 'java.lang.Object java.lang.invoke.Invokers$Holder.linkToTargetMethod(java.lang.Object, java.lang.Object, int, java.lang.Object)'> (0x000000008c7be550) 
thrown [s\src\hotspot\share\interpreter\linkResolver.cpp, line 771]
Event: 3.507 Thread 0x0000024c6302e940 Exception <a 'java/lang/NoSuchMethodError'{0x000000008c1c2db0}: 'java.lang.Object java.lang.invoke.DirectMethodHandle$Holder.newInvokeSpecial(java.lang.Object, java.lang.Object, java.lang.Object, java.lang.Object, java.lang.Object, java.lang.Object)'> (0x000000008c1c2db0) 
thrown [s\src\hotspot\share\interpreter\linkResolver.cpp, line 771]
Event: 3.743 Thread 0x0000024c6302e940 Implicit null exception at 0x0000024c6f80888e to 0x0000024c6f808ae4
Event: 4.543 Thread 0x0000024c6302e940 Exception <a 'java/lang/NoSuchMethodError'{0x000000008cb61ce8}: 'java.lang.Object java.lang.invoke.DirectMethodHandle$Holder.invokeStaticInit(java.lang.Object, java.lang.Object, java.lang.Object)'> (0x000000008cb61ce8) 
thrown [s\src\hotspot\share\interpreter\linkResolver.cpp, line 771]
Event: 5.728 Thread 0x0000024c6302e940 Exception <a 'java/lang/NoSuchMethodError'{0x000000008ea4e208}: 'int java.lang.invoke.DirectMethodHandle$Holder.invokeStaticInit(java.lang.Object, int)'> (0x000000008ea4e208) 
thrown [s\src\hotspot\share\interpreter\linkResolver.cpp, line 771]
Event: 6.100 Thread 0x0000024c6302e940 Implicit null exception at 0x0000024c6f8aef89 to 0x0000024c6f8af070
Event: 6.100 Thread 0x0000024c6302e940 Implicit null exception at 0x0000024c6f815458 to 0x0000024c6f8154ea
Event: 6.457 Thread 0x0000024c6302e940 Exception <a 'java/lang/NoSuchMethodError'{0x000000008e895128}: 'java.lang.Object java.lang.invoke.DirectMethodHandle$Holder.invokeInterface(java.lang.Object, java.lang.Object, java.lang.Object)'> (0x000000008e895128) 
thrown [s\src\hotspot\share\interpreter\linkResolver.cpp, line 771]
Event: 6.457 Thread 0x0000024c6302e940 Exception <a 'java/lang/IncompatibleClassChangeError'{0x000000008e89a528}: Found class java.lang.Object, but interface was expected> (0x000000008e89a528) 
thrown [s\src\hotspot\share\interpreter\linkResolver.cpp, line 838]
Event: 6.872 Thread 0x0000024c6302e940 Exception <a 'java/lang/NoSuchMethodError'{0x000000008f143440}: 'java.lang.Object java.lang.invoke.DirectMethodHandle$Holder.newInvokeSpecial(java.lang.Object, int, java.lang.Object)'> (0x000000008f143440) 
thrown [s\src\hotspot\share\interpreter\linkResolver.cpp, line 771]
Event: 6.873 Thread 0x0000024c6302e940 Exception <a 'java/lang/NoSuchMethodError'{0x000000008f14a040}: 'int java.lang.invoke.DirectMethodHandle$Holder.invokeInterface(java.lang.Object, java.lang.Object)'> (0x000000008f14a040) 
thrown [s\src\hotspot\share\interpreter\linkResolver.cpp, line 771]
Event: 7.169 Thread 0x0000024c6302e940 Exception <a 'java/lang/NoSuchMethodError'{0x000000008e552668}: 'java.lang.Object java.lang.invoke.DirectMethodHandle$Holder.newInvokeSpecial(java.lang.Object, java.lang.Object, java.lang.Object, java.lang.Object, java.lang.Object, java.lang.Object, java.lang.Object)'> (0x000000008e552668) 
thrown [s\src\hotspot\share\interpreter\linkResolver.cpp, line 771]
Event: 7.169 Thread 0x0000024c6302e940 Exception <a 'java/lang/NoSuchMethodError'{0x000000008e557220}: 'java.lang.Object java.lang.invoke.Invokers$Holder.linkToTargetMethod(java.lang.Object, java.lang.Object, java.lang.Object, java.lang.Object, java.lang.Object, java.lang.Object, java.lang.Object)'> (0x000000008e557220) 
thrown [s\src\hotspot\share\interpreter\linkResolver.cpp, line 771]
Event: 8.060 Thread 0x0000024c6302e940 Exception <a 'java/lang/NoSuchMethodError'{0x000000008e19a778}: 'java.lang.Object java.lang.invoke.DirectMethodHandle$Holder.invokeStatic(java.lang.Object, int, java.lang.Object)'> (0x000000008e19a778) 
thrown [s\src\hotspot\share\interpreter\linkResolver.cpp, line 771]

VM Operations (20 events):
Event: 7.278 Executing VM operation: ICBufferFull done
Event: 7.395 Executing VM operation: ICBufferFull
Event: 7.395 Executing VM operation: ICBufferFull done
Event: 7.489 Executing VM operation: G1CollectForAllocation
Event: 7.502 Executing VM operation: G1CollectForAllocation done
Event: 7.538 Executing VM operation: G1CollectForAllocation
Event: 7.545 Executing VM operation: G1CollectForAllocation done
Event: 7.719 Executing VM operation: ICBufferFull
Event: 7.719 Executing VM operation: ICBufferFull done
Event: 7.890 Executing VM operation: ICBufferFull
Event: 7.891 Executing VM operation: ICBufferFull done
Event: 8.003 Executing VM operation: ICBufferFull
Event: 8.004 Executing VM operation: ICBufferFull done
Event: 8.007 Executing VM operation: HandshakeAllThreads
Event: 8.007 Executing VM operation: HandshakeAllThreads done
Event: 8.062 Executing VM operation: HandshakeAllThreads
Event: 8.062 Executing VM operation: HandshakeAllThreads done
Event: 8.073 Executing VM operation: ICBufferFull
Event: 8.073 Executing VM operation: ICBufferFull done
Event: 8.095 Executing VM operation: G1CollectForAllocation

Events (20 events):
Event: 6.082 Thread 0x0000024c7ea89490 flushing nmethod 0x0000024c687a7f10
Event: 6.082 Thread 0x0000024c7ea89490 flushing nmethod 0x0000024c687ac490
Event: 6.082 Thread 0x0000024c7ea89490 flushing nmethod 0x0000024c687c0210
Event: 6.082 Thread 0x0000024c7ea89490 flushing nmethod 0x0000024c687c2d10
Event: 6.082 Thread 0x0000024c7ea89490 flushing nmethod 0x0000024c687c3910
Event: 6.082 Thread 0x0000024c7ea89490 flushing nmethod 0x0000024c687d3410
Event: 6.082 Thread 0x0000024c7ea89490 flushing nmethod 0x0000024c68801710
Event: 6.082 Thread 0x0000024c7ea89490 flushing nmethod 0x0000024c68831010
Event: 6.082 Thread 0x0000024c7ea89490 flushing nmethod 0x0000024c6887ec10
Event: 6.082 Thread 0x0000024c7ea89490 flushing nmethod 0x0000024c688b6590
Event: 6.082 Thread 0x0000024c7ea89490 flushing nmethod 0x0000024c688beb90
Event: 6.082 Thread 0x0000024c7ea89490 flushing nmethod 0x0000024c688d5510
Event: 6.082 Thread 0x0000024c7ea89490 flushing nmethod 0x0000024c688e2290
Event: 6.083 Thread 0x0000024c7ea89490 flushing nmethod 0x0000024c689dc090
Event: 6.083 Thread 0x0000024c7ea89490 flushing nmethod 0x0000024c68a44310
Event: 6.083 Thread 0x0000024c7ea89490 flushing nmethod 0x0000024c68a56590
Event: 6.642 loading class java/util/function/ToIntFunction
Event: 6.642 loading class java/util/function/ToIntFunction done
Event: 7.164 loading class java/util/Collections$CopiesList
Event: 7.165 loading class java/util/Collections$CopiesList done


Dynamic libraries:
0x00007ff6084a0000 - 0x00007ff6084aa000 	C:\Program Files\Android\Android Studio\jbr\bin\java.exe
0x00007ffd618d0000 - 0x00007ffd61ac8000 	C:\WINDOWS\SYSTEM32\ntdll.dll
0x00007ffd5fd80000 - 0x00007ffd5fe3d000 	C:\WINDOWS\System32\KERNEL32.DLL
0x00007ffd5f180000 - 0x00007ffd5f476000 	C:\WINDOWS\System32\KERNELBASE.dll
0x00007ffd5f7e0000 - 0x00007ffd5f8e0000 	C:\WINDOWS\System32\ucrtbase.dll
0x00007ffd51650000 - 0x00007ffd51667000 	C:\Program Files\Android\Android Studio\jbr\bin\jli.dll
0x00007ffd52230000 - 0x00007ffd5224b000 	C:\Program Files\Android\Android Studio\jbr\bin\VCRUNTIME140.dll
0x00007ffd604e0000 - 0x00007ffd6067f000 	C:\WINDOWS\System32\USER32.dll
0x00007ffd5efd0000 - 0x00007ffd5eff2000 	C:\WINDOWS\System32\win32u.dll
0x00007ffd4ef40000 - 0x00007ffd4f1da000 	C:\WINDOWS\WinSxS\amd64_microsoft.windows.common-controls_6595b64144ccf1df_6.0.19041.4355_none_60b8b9eb71f62e16\COMCTL32.dll
0x00007ffd60360000 - 0x00007ffd6038b000 	C:\WINDOWS\System32\GDI32.dll
0x00007ffd5f480000 - 0x00007ffd5f597000 	C:\WINDOWS\System32\gdi32full.dll
0x00007ffd60680000 - 0x00007ffd6071e000 	C:\WINDOWS\System32\msvcrt.dll
0x00007ffd5f000000 - 0x00007ffd5f09d000 	C:\WINDOWS\System32\msvcp_win.dll
0x00007ffd60390000 - 0x00007ffd603bf000 	C:\WINDOWS\System32\IMM32.DLL
0x00007ffd57e10000 - 0x00007ffd57e1c000 	C:\Program Files\Android\Android Studio\jbr\bin\vcruntime140_1.dll
0x00007ffd29910000 - 0x00007ffd2999d000 	C:\Program Files\Android\Android Studio\jbr\bin\msvcp140.dll
0x00007ffd16150000 - 0x00007ffd16dd3000 	C:\Program Files\Android\Android Studio\jbr\bin\server\jvm.dll
0x00007ffd5fe40000 - 0x00007ffd5fef0000 	C:\WINDOWS\System32\ADVAPI32.dll
0x00007ffd5fb50000 - 0x00007ffd5fbf0000 	C:\WINDOWS\System32\sechost.dll
0x00007ffd5fa20000 - 0x00007ffd5fb43000 	C:\WINDOWS\System32\RPCRT4.dll
0x00007ffd5f7b0000 - 0x00007ffd5f7d7000 	C:\WINDOWS\System32\bcrypt.dll
0x00007ffd59b60000 - 0x00007ffd59b69000 	C:\WINDOWS\SYSTEM32\WSOCK32.dll
0x00007ffd55400000 - 0x00007ffd5540a000 	C:\WINDOWS\SYSTEM32\VERSION.dll
0x00007ffd553d0000 - 0x00007ffd553f7000 	C:\WINDOWS\SYSTEM32\WINMM.dll
0x00007ffd5e930000 - 0x00007ffd5e97b000 	C:\WINDOWS\SYSTEM32\POWRPROF.dll
0x00007ffd60470000 - 0x00007ffd604db000 	C:\WINDOWS\System32\WS2_32.dll
0x00007ffd5e910000 - 0x00007ffd5e922000 	C:\WINDOWS\SYSTEM32\UMPDC.dll
0x00007ffd5cdc0000 - 0x00007ffd5cdd2000 	C:\WINDOWS\SYSTEM32\kernel.appcore.dll
0x00007ffd597c0000 - 0x00007ffd597ca000 	C:\Program Files\Android\Android Studio\jbr\bin\jimage.dll
0x00007ffd524f0000 - 0x00007ffd526d4000 	C:\WINDOWS\SYSTEM32\DBGHELP.DLL
0x00007ffd4a4b0000 - 0x00007ffd4a4e4000 	C:\WINDOWS\SYSTEM32\dbgcore.DLL
0x00007ffd5f0f0000 - 0x00007ffd5f172000 	C:\WINDOWS\System32\bcryptPrimitives.dll
0x00007ffd585d0000 - 0x00007ffd585f5000 	C:\Program Files\Android\Android Studio\jbr\bin\java.dll
0x00007ffd58470000 - 0x00007ffd58488000 	C:\Program Files\Android\Android Studio\jbr\bin\zip.dll
0x00007ffd60780000 - 0x00007ffd60eec000 	C:\WINDOWS\System32\SHELL32.dll
0x00007ffd5cfe0000 - 0x00007ffd5d77d000 	C:\WINDOWS\SYSTEM32\windows.storage.dll
0x00007ffd60fa0000 - 0x00007ffd612f3000 	C:\WINDOWS\System32\combase.dll
0x00007ffd5e980000 - 0x00007ffd5e9ae000 	C:\WINDOWS\SYSTEM32\Wldp.dll
0x00007ffd61580000 - 0x00007ffd6164d000 	C:\WINDOWS\System32\OLEAUT32.dll
0x00007ffd60ef0000 - 0x00007ffd60f9d000 	C:\WINDOWS\System32\SHCORE.dll
0x00007ffd60720000 - 0x00007ffd60775000 	C:\WINDOWS\System32\shlwapi.dll
0x00007ffd5ee90000 - 0x00007ffd5eeb4000 	C:\WINDOWS\SYSTEM32\profapi.dll
0x00007ffd58450000 - 0x00007ffd58469000 	C:\Program Files\Android\Android Studio\jbr\bin\net.dll
0x00007ffd5be30000 - 0x00007ffd5bf3a000 	C:\WINDOWS\SYSTEM32\WINHTTP.dll
0x00007ffd5e670000 - 0x00007ffd5e6da000 	C:\WINDOWS\system32\mswsock.dll
0x00007ffd582c0000 - 0x00007ffd582d6000 	C:\Program Files\Android\Android Studio\jbr\bin\nio.dll
0x00007ffd582b0000 - 0x00007ffd582c0000 	C:\Program Files\Android\Android Studio\jbr\bin\verify.dll

dbghelp: loaded successfully - version: 4.0.5 - missing functions: none
symbol engine: initialized successfully - sym options: 0x614 - pdb path: .;C:\Program Files\Android\Android Studio\jbr\bin;C:\WINDOWS\SYSTEM32;C:\WINDOWS\WinSxS\amd64_microsoft.windows.common-controls_6595b64144ccf1df_6.0.19041.4355_none_60b8b9eb71f62e16;C:\Program Files\Android\Android Studio\jbr\bin\server

VM Arguments:
java_command: org.jetbrains.kotlin.cli.jvm.K2JVMCompiler @C:\Users\irese\StudioProjects\SchoolApp\app\build\20240710_2545547537474039576.compiler.options
java_class_path (initial): C:\Users\irese\.gradle\caches\modules-2\files-2.1\org.jetbrains.kotlin\kotlin-compiler-embeddable\1.9.0\2c8c3a7402becca891f12739b3e9fd2dc2adbd7a\kotlin-compiler-embeddable-1.9.0.jar;C:\Users\irese\.gradle\caches\modules-2\files-2.1\org.jetbrains.kotlin\kotlin-stdlib\1.9.0\8ee15ef0c67dc83d874f412d84378d7f0eb50b63\kotlin-stdlib-1.9.0.jar;C:\Users\irese\.gradle\caches\modules-2\files-2.1\org.jetbrains.kotlin\kotlin-script-runtime\1.9.0\4b3102cbbb7e1b58d9d1adf89563f00069ffa7d1\kotlin-script-runtime-1.9.0.jar;C:\Users\irese\.gradle\caches\modules-2\files-2.1\org.jetbrains.kotlin\kotlin-reflect\1.6.10\1cbe9c92c12a94eea200d23c2bbaedaf3daf5132\kotlin-reflect-1.6.10.jar;C:\Users\irese\.gradle\caches\modules-2\files-2.1\org.jetbrains.kotlin\kotlin-daemon-embeddable\1.9.0\186543f5e28cf8d9a0290fecc2cf34301c40a65c\kotlin-daemon-embeddable-1.9.0.jar;C:\Users\irese\.gradle\caches\modules-2\files-2.1\org.jetbrains.intellij.deps\trove4j\1.0.20200330\3afb14d5f9ceb459d724e907a21145e8ff394f02\trove4j-1.0.20200330.jar;C:\Users\irese\.gradle\caches\modules-2\files-2.1\org.jetbrains.kotlin\kotlin-stdlib-common\1.9.0\cd65c21cfd1eec4d44ef09f9f52b6d9f8a720636\kotlin-stdlib-common-1.9.0.jar;C:\Users\irese\.gradle\caches\modules-2\files-2.1\org.jetbrains\annotations\13.0\919f0dfe192fb4e063e7dacadee7f8bb9a2672a9\annotations-13.0.jar
Launcher Type: SUN_STANDARD

[Global flags]
     intx CICompilerCount                          = 4                                         {product} {ergonomic}
     uint ConcGCThreads                            = 2                                         {product} {ergonomic}
     uint G1ConcRefinementThreads                  = 8                                         {product} {ergonomic}
   size_t G1HeapRegionSize                         = 1048576                                   {product} {ergonomic}
    uintx GCDrainStackTargetSize                   = 64                                        {product} {ergonomic}
   size_t InitialHeapSize                          = 125829120                                 {product} {ergonomic}
   size_t MarkStackSize                            = 4194304                                   {product} {ergonomic}
   size_t MaxHeapSize                              = 1992294400                                {product} {ergonomic}
   size_t MaxNewSize                               = 1195376640                                {product} {ergonomic}
   size_t MinHeapDeltaBytes                        = 1048576                                   {product} {ergonomic}
   size_t MinHeapSize                              = 8388608                                   {product} {ergonomic}
    uintx NonNMethodCodeHeapSize                   = 5839372                                {pd product} {ergonomic}
    uintx NonProfiledCodeHeapSize                  = 122909434                              {pd product} {ergonomic}
    uintx ProfiledCodeHeapSize                     = 122909434                              {pd product} {ergonomic}
    uintx ReservedCodeCacheSize                    = 251658240                              {pd product} {ergonomic}
     bool SegmentedCodeCache                       = true                                      {product} {ergonomic}
   size_t SoftMaxHeapSize                          = 1992294400                             {manageable} {ergonomic}
     bool UseCompressedClassPointers               = true                           {product lp64_product} {ergonomic}
     bool UseCompressedOops                        = true                           {product lp64_product} {ergonomic}
     bool UseG1GC                                  = true                                      {product} {ergonomic}
     bool UseLargePagesIndividualAllocation        = false                                  {pd product} {ergonomic}

Logging:
Log output configuration:
 #0: stdout all=warning uptime,level,tags
 #1: stderr all=off uptime,level,tags

Environment Variables:
JAVA_HOME=C:\Program Files\Java\jdk-17
PATH=C:\ProgramData\Oracle\Java\javapath;C:\Program Files (x86)\NVIDIA Corporation\PhysX\Common;C:\Program Files\Common Files\Oracle\Java\javapath;C:\WINDOWS\system32;C:\WINDOWS;C:\WINDOWS\System32\Wbem;C:\WINDOWS\System32\WindowsPowerShell\v1.0\;C:\WINDOWS\System32\OpenSSH\;C:\Program Files (x86)\Windows Kits\10\Windows Performance Toolkit\;C:\Program Files\nodejs\;C:\Program Files\Java\jdk-17\bin;C:\apache-tomcat-8.5.95\bin;C:\Program Files\Microsoft SQL Server\150\Tools\Binn\;C:\Program Files\Microsoft SQL Server\Client SDK\ODBC\170\Tools\Binn\;C:\Program Files\dotnet\;C:\Program Files\Git\cmd;C:\Program Files\MySQL\MySQL Shell 8.0\bin\;C:\Users\irese\AppData\Local\Microsoft\WindowsApps;C:\Program Files\JetBrains\CLion 2023.3.1\bin;;C:\Users\irese\AppData\Local\Programs\Microsoft VS Code\bin;C:\msys64\ucrt64\bin;C:\Program Files\JetBrains\IntelliJ IDEA 2023.3.2\bin;;C:\Users\irese\AppData\Roaming\npm;C:\Program Files\JetBrains\WebStorm 2023.2.2\bin;;C:\Program Files\JetBrains\IntelliJ IDEA Community Edition 2023.2.3\bin;;C:\Users\irese\.dotnet\tools;C:\Users\irese\AppData\Local\GitHubDesktop\bin;C:\flutter\bin;;C:\Program Files\JetBrains\PyCharm 2024.1.3\bin;
USERNAME=irese
OS=Windows_NT
PROCESSOR_IDENTIFIER=AMD64 Family 23 Model 96 Stepping 1, AuthenticAMD
TMP=C:\Users\irese\AppData\Local\Temp
TEMP=C:\Users\irese\AppData\Local\Temp



Periodic native trim disabled

JNI global refs:
JNI global refs: 10, weak refs: 11

JNI global refs memory usage: 843, weak refs: 841

OOME stack traces (most recent first):
Classloader memory used:
Loader jdk.internal.loader.ClassLoaders$AppClassLoader                                 : 6329K
Loader bootstrap                                                                       : 1330K
Loader java.net.URLClassLoader                                                         : 50969B
Loader jdk.internal.reflect.DelegatingClassLoader                                      : 17996B


---------------  S Y S T E M  ---------------

OS:
 Windows 10 , 64 bit Build 19041 (10.0.19041.3636)
OS uptime: 0 days 19:01 hours

CPU: total 8 (initial active 8) (8 cores per cpu, 1 threads per core) family 23 model 96 stepping 1 microcode 0x0, cx8, cmov, fxsr, mmx, 3dnowpref, sse, sse2, sse3, ssse3, sse4a, sse4.1, sse4.2, popcnt, lzcnt, tsc, tscinvbit, avx, avx2, aes, clmul, bmi1, bmi2, adx, sha, fma, vzeroupper, clflush, clflushopt
Processor Information for all 8 processors :
  Max Mhz: 2000, Current Mhz: 2000, Mhz Limit: 2000

Memory: 4k page, system-wide physical 7599M (283M free)
TotalPageFile size 31151M (AvailPageFile size 26M)
current process WorkingSet (physical memory assigned to process): 261M, peak: 261M
current process commit charge ("private bytes"): 297M, peak: 320M

vm_info: OpenJDK 64-Bit Server VM (17.0.9+0--11185874) for windows-amd64 JRE (17.0.9+0--11185874), built on Dec  6 2023 18:57:44 by "androidbuild" with MS VC++ 16.10 / 16.11 (VS2019)

END.
