#
# There is insufficient memory for the Java Runtime Environment to continue.
# Native memory allocation (mmap) failed to map 112197632 bytes for G1 virtual space
# Possible reasons:
#   The system is out of physical RAM or swap space
#   The process is running with CompressedOops enabled, and the Java Heap may be blocking the growth of the native heap
# Possible solutions:
#   Reduce memory load on the system
#   Increase physical memory or swap space
#   Check if swap backing store is full
#   Decrease Java heap size (-Xmx/-Xms)
#   Decrease number of Java threads
#   Decrease Java thread stack sizes (-Xss)
#   Set larger code cache with -XX:ReservedCodeCacheSize=
#   JVM is running with Unscaled Compressed Oops mode in which the Java heap is
#     placed in the first 4GB address space. The Java Heap base address is the
#     maximum limit for the native heap growth. Please use -XX:HeapBaseMinAddress
#     to set the Java Heap base and to place the Java Heap above 4GB virtual address.
# This output file may be truncated or incomplete.
#
#  Out of Memory Error (os_windows.cpp:3825), pid=18532, tid=12324
#
# JRE version: OpenJDK Runtime Environment (17.0.9) (build 17.0.9+0--11185874)
# Java VM: OpenJDK 64-Bit Server VM (17.0.9+0--11185874, mixed mode, tiered, compressed oops, compressed class ptrs, g1 gc, windows-amd64)
# No core dump will be written. Minidumps are not enabled by default on client versions of Windows
#

---------------  S U M M A R Y ------------

Command Line: org.jetbrains.kotlin.cli.jvm.K2JVMCompiler @C:\Users\irese\StudioProjects\SchoolApp\app\build\20240710_10410776737973073895.compiler.options

Host: AMD Ryzen 7 4700U with Radeon Graphics         , 8 cores, 7G,  Windows 10 , 64 bit Build 19041 (10.0.19041.3636)
Time: Wed Jul 10 18:22:51 2024 RTZ 2 (s 10 , 64 bit Build 19041 (10.0.19041.3636) elapsed time: 8.299689 seconds (0d 0h 0m 8s)

---------------  T H R E A D  ---------------

Current thread (0x000001906d572240):  VMThread "VM Thread" [stack: 0x0000007701a00000,0x0000007701b00000] [id=12324]

Stack: [0x0000007701a00000,0x0000007701b00000]
Native frames: (J=compiled Java code, j=interpreted, Vv=VM code, C=native code)
V  [jvm.dll+0x6886e9]
V  [jvm.dll+0x841e4a]
V  [jvm.dll+0x843a8e]
V  [jvm.dll+0x8440f3]
V  [jvm.dll+0x24c14f]
V  [jvm.dll+0x685499]
V  [jvm.dll+0x679c2a]
V  [jvm.dll+0x30cf9b]
V  [jvm.dll+0x314446]
V  [jvm.dll+0x36425e]
V  [jvm.dll+0x36448f]
V  [jvm.dll+0x2e2d68]
V  [jvm.dll+0x2e0f44]
V  [jvm.dll+0x2e054c]
V  [jvm.dll+0x334cbc]
V  [jvm.dll+0x8487eb]
V  [jvm.dll+0x849531]
V  [jvm.dll+0x849a4d]
V  [jvm.dll+0x849e24]
V  [jvm.dll+0x849ef0]
V  [jvm.dll+0x7f06aa]
V  [jvm.dll+0x687565]
C  [ucrtbase.dll+0x21bb2]
C  [KERNEL32.DLL+0x17344]
C  [ntdll.dll+0x4cc91]

VM_Operation (0x00000077014e8350): CollectForMetadataAllocation, mode: safepoint, requested by thread 0x0000019051bfbfe0


---------------  P R O C E S S  ---------------

Threads class SMR info:
_java_thread_list=0x00000190744a8710, length=13, elements={
0x0000019051bfbfe0, 0x000001906d596260, 0x000001906d596ee0, 0x000001906d701010,
0x000001906d7019d0, 0x000001906d7033c0, 0x000001906d7045a0, 0x000001906d7258c0,
0x000001906d7262c0, 0x000001906d728cd0, 0x000001906d8b6370, 0x000001906d8b8f10,
0x000001907449a400
}

Java Threads: ( => current thread )
  0x0000019051bfbfe0 JavaThread "main" [_thread_blocked, id=9532, stack(0x0000007701400000,0x0000007701500000)]
  0x000001906d596260 JavaThread "Reference Handler" daemon [_thread_blocked, id=16112, stack(0x0000007701b00000,0x0000007701c00000)]
  0x000001906d596ee0 JavaThread "Finalizer" daemon [_thread_blocked, id=9016, stack(0x0000007701c00000,0x0000007701d00000)]
  0x000001906d701010 JavaThread "Signal Dispatcher" daemon [_thread_blocked, id=10272, stack(0x0000007701d00000,0x0000007701e00000)]
  0x000001906d7019d0 JavaThread "Attach Listener" daemon [_thread_blocked, id=1132, stack(0x0000007701e00000,0x0000007701f00000)]
  0x000001906d7033c0 JavaThread "Service Thread" daemon [_thread_blocked, id=17284, stack(0x0000007701f00000,0x0000007702000000)]
  0x000001906d7045a0 JavaThread "Monitor Deflation Thread" daemon [_thread_blocked, id=6384, stack(0x0000007702000000,0x0000007702100000)]
  0x000001906d7258c0 JavaThread "C2 CompilerThread0" daemon [_thread_in_native, id=1064, stack(0x0000007702100000,0x0000007702200000)]
  0x000001906d7262c0 JavaThread "C1 CompilerThread0" daemon [_thread_blocked, id=17328, stack(0x0000007702200000,0x0000007702300000)]
  0x000001906d728cd0 JavaThread "Sweeper thread" daemon [_thread_blocked, id=19500, stack(0x0000007702300000,0x0000007702400000)]
  0x000001906d8b6370 JavaThread "Notification Thread" daemon [_thread_blocked, id=10600, stack(0x0000007702400000,0x0000007702500000)]
  0x000001906d8b8f10 JavaThread "Common-Cleaner" daemon [_thread_blocked, id=5292, stack(0x0000007702600000,0x0000007702700000)]
  0x000001907449a400 JavaThread "C2 CompilerThread1" daemon [_thread_blocked, id=14904, stack(0x0000007702f00000,0x0000007703000000)]

Other Threads:
=>0x000001906d572240 VMThread "VM Thread" [stack: 0x0000007701a00000,0x0000007701b00000] [id=12324]
  0x000001906d8b6c60 WatcherThread [stack: 0x0000007702500000,0x0000007702600000] [id=12564]
  0x0000019053ca9450 GCTaskThread "GC Thread#0" [stack: 0x0000007701500000,0x0000007701600000] [id=14984]
  0x000001907242a050 GCTaskThread "GC Thread#1" [stack: 0x0000007702800000,0x0000007702900000] [id=7468]
  0x000001907240ce80 GCTaskThread "GC Thread#2" [stack: 0x0000007702900000,0x0000007702a00000] [id=10560]
  0x000001907240d140 GCTaskThread "GC Thread#3" [stack: 0x0000007702a00000,0x0000007702b00000] [id=13940]
  0x000001907240d400 GCTaskThread "GC Thread#4" [stack: 0x0000007702b00000,0x0000007702c00000] [id=14248]
  0x00000190729debc0 GCTaskThread "GC Thread#5" [stack: 0x0000007702700000,0x0000007702800000] [id=13684]
  0x00000190729bb680 GCTaskThread "GC Thread#6" [stack: 0x0000007702c00000,0x0000007702d00000] [id=10776]
  0x00000190728ead10 GCTaskThread "GC Thread#7" [stack: 0x0000007702d00000,0x0000007702e00000] [id=17812]
  0x0000019053cb9120 ConcurrentGCThread "G1 Main Marker" [stack: 0x0000007701600000,0x0000007701700000] [id=20972]
  0x0000019053cb9b40 ConcurrentGCThread "G1 Conc#0" [stack: 0x0000007701700000,0x0000007701800000] [id=1916]
  0x00000190728eafd0 ConcurrentGCThread "G1 Conc#1" [stack: 0x0000007702e00000,0x0000007702f00000] [id=1936]
  0x0000019053d0e9c0 ConcurrentGCThread "G1 Refine#0" [stack: 0x0000007701800000,0x0000007701900000] [id=20220]
  0x0000019074acdec0 ConcurrentGCThread "G1 Refine#1" [stack: 0x0000007703000000,0x0000007703100000] [id=8592]
  0x0000019074acea80 ConcurrentGCThread "G1 Refine#2" [stack: 0x0000007703100000,0x0000007703200000] [id=11120]
  0x000001906d3c7630 ConcurrentGCThread "G1 Service" [stack: 0x0000007701900000,0x0000007701a00000] [id=18348]

Threads with active compile tasks:
C2 CompilerThread0     8330 6870       4       org.jetbrains.org.objectweb.asm.ClassReader::readMethod (1061 bytes)
C2 CompilerThread1     8330 7114       4       org.jetbrains.kotlin.cli.jvm.index.JvmDependenciesIndexImpl::search (386 bytes)

VM state: at safepoint (normal execution)

VM Mutex/Monitor currently owned by a thread:  ([mutex/lock_event])
[0x0000019053c51ba0] Threads_lock - owner thread: 0x000001906d572240
[0x0000019053c51d50] Heap_lock - owner thread: 0x0000019051bfbfe0

Heap address: 0x0000000089400000, size: 1900 MB, Compressed Oops mode: 32-bit

CDS archive(s) not mapped
Compressed class space mapped at: 0x0000000100000000-0x0000000140000000, reserved size: 1073741824
Narrow klass base: 0x0000000000000000, Narrow klass shift: 3, Narrow klass range: 0x140000000

GC Precious Log:
 CPUs: 8 total, 8 available
 Memory: 7599M
 Large Page Support: Disabled
 NUMA Support: Disabled
 Compressed Oops: Enabled (32-bit)
 Heap Region Size: 1M
 Heap Min Capacity: 8M
 Heap Initial Capacity: 120M
 Heap Max Capacity: 1900M
 Pre-touch: Disabled
 Parallel Workers: 8
 Concurrent Workers: 2
 Concurrent Refinement Workers: 8
 Periodic GC: Disabled

Heap:
 garbage-first heap   total 122880K, used 50668K [0x0000000089400000, 0x0000000100000000)
  region size 1024K, 4 young (4096K), 4 survivors (4096K)
 Metaspace       used 57611K, committed 57856K, reserved 1114112K
  class space    used 6738K, committed 6848K, reserved 1048576K

Heap Regions: E=young(eden), S=young(survivor), O=old, HS=humongous(starts), HC=humongous(continues), CS=collection set, F=free, OA=open archive, CA=closed archive, TAMS=top-at-mark-start (previous, next)
|   0|0x0000000089400000, 0x0000000089500000, 0x0000000089500000|100%|HS|  |TAMS 0x0000000089500000, 0x0000000089500000| Complete 
|   1|0x0000000089500000, 0x0000000089600000, 0x0000000089600000|100%|HC|  |TAMS 0x0000000089600000, 0x0000000089600000| Complete 
|   2|0x0000000089600000, 0x0000000089700000, 0x0000000089700000|100%|HC|  |TAMS 0x0000000089700000, 0x0000000089700000| Complete 
|   3|0x0000000089700000, 0x0000000089800000, 0x0000000089800000|100%|HC|  |TAMS 0x0000000089800000, 0x0000000089800000| Complete 
|   4|0x0000000089800000, 0x0000000089900000, 0x0000000089900000|100%| O|  |TAMS 0x0000000089900000, 0x0000000089900000| Untracked 
|   5|0x0000000089900000, 0x0000000089a00000, 0x0000000089a00000|100%| O|  |TAMS 0x0000000089a00000, 0x0000000089a00000| Untracked 
|   6|0x0000000089a00000, 0x0000000089b00000, 0x0000000089b00000|100%| O|  |TAMS 0x0000000089b00000, 0x0000000089b00000| Untracked 
|   7|0x0000000089b00000, 0x0000000089c00000, 0x0000000089c00000|100%| O|  |TAMS 0x0000000089c00000, 0x0000000089c00000| Untracked 
|   8|0x0000000089c00000, 0x0000000089d00000, 0x0000000089d00000|100%| O|  |TAMS 0x0000000089d00000, 0x0000000089d00000| Untracked 
|   9|0x0000000089d00000, 0x0000000089e00000, 0x0000000089e00000|100%| O|  |TAMS 0x0000000089d00000, 0x0000000089e00000| Untracked 
|  10|0x0000000089e00000, 0x0000000089f00000, 0x0000000089f00000|100%| O|  |TAMS 0x0000000089f00000, 0x0000000089f00000| Untracked 
|  11|0x0000000089f00000, 0x000000008a000000, 0x000000008a000000|100%| O|  |TAMS 0x000000008a000000, 0x000000008a000000| Untracked 
|  12|0x000000008a000000, 0x000000008a100000, 0x000000008a100000|100%| O|  |TAMS 0x000000008a000000, 0x000000008a100000| Untracked 
|  13|0x000000008a100000, 0x000000008a200000, 0x000000008a200000|100%| O|  |TAMS 0x000000008a100000, 0x000000008a200000| Untracked 
|  14|0x000000008a200000, 0x000000008a300000, 0x000000008a300000|100%| O|  |TAMS 0x000000008a300000, 0x000000008a300000| Untracked 
|  15|0x000000008a300000, 0x000000008a400000, 0x000000008a400000|100%| O|  |TAMS 0x000000008a400000, 0x000000008a400000| Untracked 
|  16|0x000000008a400000, 0x000000008a500000, 0x000000008a500000|100%| O|  |TAMS 0x000000008a500000, 0x000000008a500000| Untracked 
|  17|0x000000008a500000, 0x000000008a600000, 0x000000008a600000|100%| O|  |TAMS 0x000000008a500000, 0x000000008a600000| Untracked 
|  18|0x000000008a600000, 0x000000008a700000, 0x000000008a700000|100%| O|  |TAMS 0x000000008a600000, 0x000000008a700000| Untracked 
|  19|0x000000008a700000, 0x000000008a800000, 0x000000008a800000|100%| O|  |TAMS 0x000000008a700000, 0x000000008a800000| Untracked 
|  20|0x000000008a800000, 0x000000008a900000, 0x000000008a900000|100%| O|  |TAMS 0x000000008a900000, 0x000000008a900000| Untracked 
|  21|0x000000008a900000, 0x000000008aa00000, 0x000000008aa00000|100%| O|  |TAMS 0x000000008a96f400, 0x000000008aa00000| Untracked 
|  22|0x000000008aa00000, 0x000000008ab00000, 0x000000008ab00000|100%|HS|  |TAMS 0x000000008aa00000, 0x000000008ab00000| Complete 
|  23|0x000000008ab00000, 0x000000008ac00000, 0x000000008ac00000|100%|HC|  |TAMS 0x000000008ab00000, 0x000000008ac00000| Complete 
|  24|0x000000008ac00000, 0x000000008ad00000, 0x000000008ad00000|100%| O|  |TAMS 0x000000008ac00000, 0x000000008ad00000| Untracked 
|  25|0x000000008ad00000, 0x000000008ae00000, 0x000000008ae00000|100%| O|  |TAMS 0x000000008ad00000, 0x000000008ae00000| Untracked 
|  26|0x000000008ae00000, 0x000000008af00000, 0x000000008af00000|100%| O|  |TAMS 0x000000008ae00000, 0x000000008af00000| Untracked 
|  27|0x000000008af00000, 0x000000008b000000, 0x000000008b000000|100%| O|  |TAMS 0x000000008af00000, 0x000000008b000000| Untracked 
|  28|0x000000008b000000, 0x000000008b100000, 0x000000008b100000|100%| O|  |TAMS 0x000000008b000000, 0x000000008b100000| Untracked 
|  29|0x000000008b100000, 0x000000008b200000, 0x000000008b200000|100%| O|  |TAMS 0x000000008b100000, 0x000000008b200000| Untracked 
|  30|0x000000008b200000, 0x000000008b300000, 0x000000008b300000|100%| O|  |TAMS 0x000000008b200000, 0x000000008b300000| Untracked 
|  31|0x000000008b300000, 0x000000008b400000, 0x000000008b400000|100%| O|  |TAMS 0x000000008b300000, 0x000000008b400000| Untracked 
|  32|0x000000008b400000, 0x000000008b500000, 0x000000008b500000|100%| O|  |TAMS 0x000000008b400000, 0x000000008b500000| Untracked 
|  33|0x000000008b500000, 0x000000008b600000, 0x000000008b600000|100%| O|  |TAMS 0x000000008b500000, 0x000000008b600000| Untracked 
|  34|0x000000008b600000, 0x000000008b700000, 0x000000008b700000|100%| O|  |TAMS 0x000000008b600000, 0x000000008b700000| Untracked 
|  35|0x000000008b700000, 0x000000008b800000, 0x000000008b800000|100%| O|  |TAMS 0x000000008b700000, 0x000000008b800000| Untracked 
|  36|0x000000008b800000, 0x000000008b900000, 0x000000008b900000|100%| O|  |TAMS 0x000000008b800000, 0x000000008b900000| Untracked 
|  37|0x000000008b900000, 0x000000008ba00000, 0x000000008ba00000|100%| O|  |TAMS 0x000000008b900000, 0x000000008ba00000| Untracked 
|  38|0x000000008ba00000, 0x000000008bb00000, 0x000000008bb00000|100%| O|  |TAMS 0x000000008ba00000, 0x000000008bb00000| Untracked 
|  39|0x000000008bb00000, 0x000000008bc00000, 0x000000008bc00000|100%| O|  |TAMS 0x000000008bb00000, 0x000000008bc00000| Untracked 
|  40|0x000000008bc00000, 0x000000008bd00000, 0x000000008bd00000|100%| O|  |TAMS 0x000000008bc00000, 0x000000008bc96c00| Untracked 
|  41|0x000000008bd00000, 0x000000008be00000, 0x000000008be00000|100%| O|  |TAMS 0x000000008bd00000, 0x000000008bd00000| Untracked 
|  42|0x000000008be00000, 0x000000008bf00000, 0x000000008bf00000|100%| O|  |TAMS 0x000000008be00000, 0x000000008be00000| Untracked 
|  43|0x000000008bf00000, 0x000000008c000000, 0x000000008c000000|100%| O|  |TAMS 0x000000008bf00000, 0x000000008bf00000| Untracked 
|  44|0x000000008c000000, 0x000000008c100000, 0x000000008c100000|100%| O|  |TAMS 0x000000008c000000, 0x000000008c000000| Untracked 
|  45|0x000000008c100000, 0x000000008c200000, 0x000000008c200000|100%| O|  |TAMS 0x000000008c100000, 0x000000008c100000| Untracked 
|  46|0x000000008c200000, 0x000000008c200000, 0x000000008c300000|  0%| F|  |TAMS 0x000000008c200000, 0x000000008c200000| Untracked 
|  47|0x000000008c300000, 0x000000008c300000, 0x000000008c400000|  0%| F|  |TAMS 0x000000008c300000, 0x000000008c300000| Untracked 
|  48|0x000000008c400000, 0x000000008c400000, 0x000000008c500000|  0%| F|  |TAMS 0x000000008c400000, 0x000000008c400000| Untracked 
|  49|0x000000008c500000, 0x000000008c500000, 0x000000008c600000|  0%| F|  |TAMS 0x000000008c500000, 0x000000008c500000| Untracked 
|  50|0x000000008c600000, 0x000000008c600000, 0x000000008c700000|  0%| F|  |TAMS 0x000000008c600000, 0x000000008c600000| Untracked 
|  51|0x000000008c700000, 0x000000008c700000, 0x000000008c800000|  0%| F|  |TAMS 0x000000008c700000, 0x000000008c700000| Untracked 
|  52|0x000000008c800000, 0x000000008c800000, 0x000000008c900000|  0%| F|  |TAMS 0x000000008c800000, 0x000000008c800000| Untracked 
|  53|0x000000008c900000, 0x000000008c900000, 0x000000008ca00000|  0%| F|  |TAMS 0x000000008c900000, 0x000000008c900000| Untracked 
|  54|0x000000008ca00000, 0x000000008ca00000, 0x000000008cb00000|  0%| F|  |TAMS 0x000000008ca00000, 0x000000008ca00000| Untracked 
|  55|0x000000008cb00000, 0x000000008cb00000, 0x000000008cc00000|  0%| F|  |TAMS 0x000000008cb00000, 0x000000008cb00000| Untracked 
|  56|0x000000008cc00000, 0x000000008cc00000, 0x000000008cd00000|  0%| F|  |TAMS 0x000000008cc00000, 0x000000008cc00000| Untracked 
|  57|0x000000008cd00000, 0x000000008cd00000, 0x000000008ce00000|  0%| F|  |TAMS 0x000000008cd00000, 0x000000008cd00000| Untracked 
|  58|0x000000008ce00000, 0x000000008ce00000, 0x000000008cf00000|  0%| F|  |TAMS 0x000000008ce00000, 0x000000008ce00000| Untracked 
|  59|0x000000008cf00000, 0x000000008cf00000, 0x000000008d000000|  0%| F|  |TAMS 0x000000008cf00000, 0x000000008cf00000| Untracked 
|  60|0x000000008d000000, 0x000000008d000000, 0x000000008d100000|  0%| F|  |TAMS 0x000000008d000000, 0x000000008d000000| Untracked 
|  61|0x000000008d100000, 0x000000008d100000, 0x000000008d200000|  0%| F|  |TAMS 0x000000008d100000, 0x000000008d100000| Untracked 
|  62|0x000000008d200000, 0x000000008d200000, 0x000000008d300000|  0%| F|  |TAMS 0x000000008d200000, 0x000000008d200000| Untracked 
|  63|0x000000008d300000, 0x000000008d300000, 0x000000008d400000|  0%| F|  |TAMS 0x000000008d300000, 0x000000008d300000| Untracked 
|  64|0x000000008d400000, 0x000000008d400000, 0x000000008d500000|  0%| F|  |TAMS 0x000000008d400000, 0x000000008d400000| Untracked 
|  65|0x000000008d500000, 0x000000008d500000, 0x000000008d600000|  0%| F|  |TAMS 0x000000008d500000, 0x000000008d500000| Untracked 
|  66|0x000000008d600000, 0x000000008d600000, 0x000000008d700000|  0%| F|  |TAMS 0x000000008d600000, 0x000000008d600000| Untracked 
|  67|0x000000008d700000, 0x000000008d700000, 0x000000008d800000|  0%| F|  |TAMS 0x000000008d700000, 0x000000008d700000| Untracked 
|  68|0x000000008d800000, 0x000000008d800000, 0x000000008d900000|  0%| F|  |TAMS 0x000000008d800000, 0x000000008d800000| Untracked 
|  69|0x000000008d900000, 0x000000008d900000, 0x000000008da00000|  0%| F|  |TAMS 0x000000008d900000, 0x000000008d900000| Untracked 
|  70|0x000000008da00000, 0x000000008da00000, 0x000000008db00000|  0%| F|  |TAMS 0x000000008da00000, 0x000000008da00000| Untracked 
|  71|0x000000008db00000, 0x000000008db00000, 0x000000008dc00000|  0%| F|  |TAMS 0x000000008db00000, 0x000000008db00000| Untracked 
|  72|0x000000008dc00000, 0x000000008dc00000, 0x000000008dd00000|  0%| F|  |TAMS 0x000000008dc00000, 0x000000008dc00000| Untracked 
|  73|0x000000008dd00000, 0x000000008dd00000, 0x000000008de00000|  0%| F|  |TAMS 0x000000008dd00000, 0x000000008dd00000| Untracked 
|  74|0x000000008de00000, 0x000000008de00000, 0x000000008df00000|  0%| F|  |TAMS 0x000000008de00000, 0x000000008de00000| Untracked 
|  75|0x000000008df00000, 0x000000008df00000, 0x000000008e000000|  0%| F|  |TAMS 0x000000008df00000, 0x000000008df00000| Untracked 
|  76|0x000000008e000000, 0x000000008e07b100, 0x000000008e100000| 48%| S|CS|TAMS 0x000000008e000000, 0x000000008e000000| Complete 
|  77|0x000000008e100000, 0x000000008e200000, 0x000000008e200000|100%| S|CS|TAMS 0x000000008e100000, 0x000000008e100000| Complete 
|  78|0x000000008e200000, 0x000000008e300000, 0x000000008e300000|100%| S|CS|TAMS 0x000000008e200000, 0x000000008e200000| Complete 
|  79|0x000000008e300000, 0x000000008e400000, 0x000000008e400000|100%| S|CS|TAMS 0x000000008e300000, 0x000000008e300000| Complete 
|  80|0x000000008e400000, 0x000000008e400000, 0x000000008e500000|  0%| F|  |TAMS 0x000000008e400000, 0x000000008e400000| Untracked 
|  81|0x000000008e500000, 0x000000008e500000, 0x000000008e600000|  0%| F|  |TAMS 0x000000008e500000, 0x000000008e500000| Untracked 
|  82|0x000000008e600000, 0x000000008e600000, 0x000000008e700000|  0%| F|  |TAMS 0x000000008e600000, 0x000000008e600000| Untracked 
|  83|0x000000008e700000, 0x000000008e700000, 0x000000008e800000|  0%| F|  |TAMS 0x000000008e700000, 0x000000008e700000| Untracked 
|  84|0x000000008e800000, 0x000000008e800000, 0x000000008e900000|  0%| F|  |TAMS 0x000000008e800000, 0x000000008e800000| Untracked 
|  85|0x000000008e900000, 0x000000008e900000, 0x000000008ea00000|  0%| F|  |TAMS 0x000000008e900000, 0x000000008e900000| Untracked 
|  86|0x000000008ea00000, 0x000000008ea00000, 0x000000008eb00000|  0%| F|  |TAMS 0x000000008ea00000, 0x000000008ea00000| Untracked 
|  87|0x000000008eb00000, 0x000000008eb00000, 0x000000008ec00000|  0%| F|  |TAMS 0x000000008eb00000, 0x000000008eb00000| Untracked 
|  88|0x000000008ec00000, 0x000000008ec00000, 0x000000008ed00000|  0%| F|  |TAMS 0x000000008ec00000, 0x000000008ec00000| Untracked 
|  89|0x000000008ed00000, 0x000000008ed00000, 0x000000008ee00000|  0%| F|  |TAMS 0x000000008ed00000, 0x000000008ed00000| Untracked 
|  90|0x000000008ee00000, 0x000000008ee00000, 0x000000008ef00000|  0%| F|  |TAMS 0x000000008ee00000, 0x000000008ee00000| Untracked 
|  91|0x000000008ef00000, 0x000000008ef00000, 0x000000008f000000|  0%| F|  |TAMS 0x000000008ef00000, 0x000000008ef00000| Untracked 
|  92|0x000000008f000000, 0x000000008f000000, 0x000000008f100000|  0%| F|  |TAMS 0x000000008f000000, 0x000000008f000000| Untracked 
|  93|0x000000008f100000, 0x000000008f100000, 0x000000008f200000|  0%| F|  |TAMS 0x000000008f100000, 0x000000008f100000| Untracked 
|  94|0x000000008f200000, 0x000000008f200000, 0x000000008f300000|  0%| F|  |TAMS 0x000000008f200000, 0x000000008f200000| Untracked 
|  95|0x000000008f300000, 0x000000008f300000, 0x000000008f400000|  0%| F|  |TAMS 0x000000008f300000, 0x000000008f300000| Untracked 
|  96|0x000000008f400000, 0x000000008f400000, 0x000000008f500000|  0%| F|  |TAMS 0x000000008f400000, 0x000000008f400000| Untracked 
|  97|0x000000008f500000, 0x000000008f500000, 0x000000008f600000|  0%| F|  |TAMS 0x000000008f500000, 0x000000008f500000| Untracked 
|  98|0x000000008f600000, 0x000000008f600000, 0x000000008f700000|  0%| F|  |TAMS 0x000000008f600000, 0x000000008f600000| Untracked 
|  99|0x000000008f700000, 0x000000008f700000, 0x000000008f800000|  0%| F|  |TAMS 0x000000008f700000, 0x000000008f700000| Untracked 
| 100|0x000000008f800000, 0x000000008f800000, 0x000000008f900000|  0%| F|  |TAMS 0x000000008f800000, 0x000000008f800000| Untracked 
| 101|0x000000008f900000, 0x000000008f900000, 0x000000008fa00000|  0%| F|  |TAMS 0x000000008f900000, 0x000000008f900000| Untracked 
| 102|0x000000008fa00000, 0x000000008fa00000, 0x000000008fb00000|  0%| F|  |TAMS 0x000000008fa00000, 0x000000008fa00000| Untracked 
| 103|0x000000008fb00000, 0x000000008fb00000, 0x000000008fc00000|  0%| F|  |TAMS 0x000000008fb00000, 0x000000008fb00000| Untracked 
| 104|0x000000008fc00000, 0x000000008fc00000, 0x000000008fd00000|  0%| F|  |TAMS 0x000000008fc00000, 0x000000008fc00000| Untracked 
| 105|0x000000008fd00000, 0x000000008fd00000, 0x000000008fe00000|  0%| F|  |TAMS 0x000000008fd00000, 0x000000008fd00000| Untracked 
| 106|0x000000008fe00000, 0x000000008fe00000, 0x000000008ff00000|  0%| F|  |TAMS 0x000000008fe00000, 0x000000008fe00000| Untracked 
| 107|0x000000008ff00000, 0x000000008ff00000, 0x0000000090000000|  0%| F|  |TAMS 0x000000008ff00000, 0x000000008ff00000| Untracked 
| 108|0x0000000090000000, 0x0000000090000000, 0x0000000090100000|  0%| F|  |TAMS 0x0000000090000000, 0x0000000090000000| Untracked 
| 109|0x0000000090100000, 0x0000000090100000, 0x0000000090200000|  0%| F|  |TAMS 0x0000000090100000, 0x0000000090100000| Untracked 
| 110|0x0000000090200000, 0x0000000090200000, 0x0000000090300000|  0%| F|  |TAMS 0x0000000090200000, 0x0000000090200000| Untracked 
| 111|0x0000000090300000, 0x0000000090300000, 0x0000000090400000|  0%| F|  |TAMS 0x0000000090300000, 0x0000000090300000| Untracked 
| 112|0x0000000090400000, 0x0000000090400000, 0x0000000090500000|  0%| F|  |TAMS 0x0000000090400000, 0x0000000090400000| Untracked 
| 113|0x0000000090500000, 0x0000000090500000, 0x0000000090600000|  0%| F|  |TAMS 0x0000000090500000, 0x0000000090500000| Untracked 
| 114|0x0000000090600000, 0x0000000090600000, 0x0000000090700000|  0%| F|  |TAMS 0x0000000090600000, 0x0000000090600000| Untracked 
| 115|0x0000000090700000, 0x0000000090700000, 0x0000000090800000|  0%| F|  |TAMS 0x0000000090700000, 0x0000000090700000| Untracked 
| 116|0x0000000090800000, 0x0000000090800000, 0x0000000090900000|  0%| F|  |TAMS 0x0000000090800000, 0x0000000090800000| Untracked 
| 117|0x0000000090900000, 0x0000000090900000, 0x0000000090a00000|  0%| F|  |TAMS 0x0000000090900000, 0x0000000090900000| Untracked 
| 118|0x0000000090a00000, 0x0000000090a00000, 0x0000000090b00000|  0%| F|  |TAMS 0x0000000090a00000, 0x0000000090a00000| Untracked 
| 119|0x0000000090b00000, 0x0000000090b00000, 0x0000000090c00000|  0%| F|  |TAMS 0x0000000090b00000, 0x0000000090b00000| Untracked 

Card table byte_map: [0x0000019066830000,0x0000019066bf0000] _byte_map_base: 0x00000190663e6000

Marking Bits (Prev, Next): (CMBitMap*) 0x0000019053ca9a70, (CMBitMap*) 0x0000019053ca9ab0
 Prev Bits: [0x0000019066fb0000, 0x0000019068d60000)
 Next Bits: [0x0000019068d60000, 0x000001906ab10000)

Polling page: 0x0000019053410000

Metaspace:

Usage:
  Non-class:     49.68 MB used.
      Class:      6.58 MB used.
       Both:     56.26 MB used.

Virtual space:
  Non-class space:       64.00 MB reserved,      49.81 MB ( 78%) committed,  1 nodes.
      Class space:        1.00 GB reserved,       6.69 MB ( <1%) committed,  1 nodes.
             Both:        1.06 GB reserved,      56.50 MB (  5%) committed. 

Chunk freelists:
   Non-Class:  13.25 MB
       Class:  9.29 MB
        Both:  22.54 MB

MaxMetaspaceSize: unlimited
CompressedClassSpaceSize: 1.00 GB
Initial GC threshold: 21.00 MB
Current GC threshold: 56.50 MB
CDS: off
MetaspaceReclaimPolicy: balanced
 - commit_granule_bytes: 65536.
 - commit_granule_words: 8192.
 - virtual_space_node_default_size: 8388608.
 - enlarge_chunks_in_place: 1.
 - new_chunks_are_fully_committed: 0.
 - uncommit_free_chunks: 1.
 - use_allocation_guard: 0.
 - handle_deallocations: 1.


Internal statistics:

num_allocs_failed_limit: 6.
num_arena_births: 228.
num_arena_deaths: 0.
num_vsnodes_births: 2.
num_vsnodes_deaths: 0.
num_space_committed: 902.
num_space_uncommitted: 0.
num_chunks_returned_to_freelist: 6.
num_chunks_taken_from_freelist: 1996.
num_chunk_merges: 6.
num_chunk_splits: 1627.
num_chunks_enlarged: 1448.
num_inconsistent_stats: 0.

CodeHeap 'non-profiled nmethods': size=120000Kb used=2793Kb max_used=2793Kb free=117206Kb
 bounds [0x000001905ec00000, 0x000001905eed0000, 0x0000019066130000]
CodeHeap 'profiled nmethods': size=120000Kb used=15099Kb max_used=15099Kb free=104900Kb
 bounds [0x0000019057130000, 0x0000019058000000, 0x000001905e660000]
CodeHeap 'non-nmethods': size=5760Kb used=1290Kb max_used=1356Kb free=4469Kb
 bounds [0x000001905e660000, 0x000001905e8d0000, 0x000001905ec00000]
 total_blobs=6831 nmethods=6228 adapters=513
 compilation: enabled
              stopped_count=0, restarted_count=0
 full_count=0

Compilation events (20 events):
Event: 8.238 Thread 0x000001906d7262c0 7110       3       org.jetbrains.kotlin.load.java.lazy.ContextKt::childForClassOrPackage (41 bytes)
Event: 8.238 Thread 0x000001907449a400 nmethod 7059 0x000001905edc9110 code [0x000001905edc9320, 0x000001905edc9bb8]
Event: 8.238 Thread 0x000001907449a400 7090       4       kotlin.collections.MapsKt__MapsJVMKt::mapCapacity (40 bytes)
Event: 8.238 Thread 0x000001906d7262c0 nmethod 7110 0x0000019057fead90 code [0x0000019057feb060, 0x0000019057febe58]
Event: 8.238 Thread 0x000001906d7262c0 7111       3       gnu.trove.TObjectHash::<init> (10 bytes)
Event: 8.238 Thread 0x000001906d7262c0 nmethod 7111 0x0000019057fec390 code [0x0000019057fec560, 0x0000019057fec8e8]
Event: 8.239 Thread 0x000001906d7262c0 7112       3       gnu.trove.THash::<init> (8 bytes)
Event: 8.239 Thread 0x000001906d7262c0 nmethod 7112 0x0000019057feca10 code [0x0000019057fecbc0, 0x0000019057fece68]
Event: 8.239 Thread 0x000001907449a400 nmethod 7090 0x000001905edc8e10 code [0x000001905edc8fc0, 0x000001905edc9078]
Event: 8.239 Thread 0x000001907449a400 6998       4       kotlin.sequences.GeneratorSequence$iterator$1::next (44 bytes)
Event: 8.239 Thread 0x000001907449a400 nmethod 6998 0x000001905edc8b10 code [0x000001905edc8c80, 0x000001905edc8d58]
Event: 8.239 Thread 0x000001907449a400 7003       4       org.jetbrains.kotlin.com.intellij.psi.impl.source.tree.LeafPsiElement::getNextSibling (5 bytes)
Event: 8.240 Thread 0x000001907449a400 nmethod 7003 0x000001905edc8810 code [0x000001905edc8980, 0x000001905edc8a38]
Event: 8.240 Thread 0x000001907449a400 7024       4       org.jetbrains.kotlin.config.LanguageVersionSettings::supportsFeature (38 bytes)
Event: 8.241 Thread 0x000001906d7262c0 7113       3       java.util.zip.ZipEntry::setExtra0 (493 bytes)
Event: 8.243 Thread 0x000001906d7262c0 nmethod 7113 0x0000019057fecf90 code [0x0000019057fed340, 0x0000019057feeff8]
Event: 8.244 Thread 0x000001906d7262c0 7115       3       jdk.internal.org.objectweb.asm.FieldVisitor::<init> (88 bytes)
Event: 8.244 Thread 0x000001906d7262c0 nmethod 7115 0x0000019057fef990 code [0x0000019057fefbe0, 0x0000019057ff04a8]
Event: 8.265 Thread 0x000001907449a400 nmethod 7024 0x000001905ee0b990 code [0x000001905ee0bb80, 0x000001905ee0c838]
Event: 8.265 Thread 0x000001907449a400 7114       4       org.jetbrains.kotlin.cli.jvm.index.JvmDependenciesIndexImpl::search (386 bytes)

GC Heap History (20 events):
Event: 3.416 GC heap after
{Heap after GC invocations=8 (full 0):
 garbage-first heap   total 58368K, used 20410K [0x0000000089400000, 0x0000000100000000)
  region size 1024K, 2 young (2048K), 2 survivors (2048K)
 Metaspace       used 34445K, committed 34688K, reserved 1114112K
  class space    used 4391K, committed 4480K, reserved 1048576K
}
Event: 3.941 GC heap before
{Heap before GC invocations=9 (full 0):
 garbage-first heap   total 58368K, used 40890K [0x0000000089400000, 0x0000000100000000)
  region size 1024K, 23 young (23552K), 2 survivors (2048K)
 Metaspace       used 38263K, committed 38528K, reserved 1114112K
  class space    used 4795K, committed 4928K, reserved 1048576K
}
Event: 3.947 GC heap after
{Heap after GC invocations=10 (full 0):
 garbage-first heap   total 58368K, used 22295K [0x0000000089400000, 0x0000000100000000)
  region size 1024K, 3 young (3072K), 3 survivors (3072K)
 Metaspace       used 38263K, committed 38528K, reserved 1114112K
  class space    used 4795K, committed 4928K, reserved 1048576K
}
Event: 3.961 GC heap before
{Heap before GC invocations=10 (full 0):
 garbage-first heap   total 58368K, used 22295K [0x0000000089400000, 0x0000000100000000)
  region size 1024K, 4 young (4096K), 3 survivors (3072K)
 Metaspace       used 38445K, committed 38720K, reserved 1114112K
  class space    used 4802K, committed 4928K, reserved 1048576K
}
Event: 3.965 GC heap after
{Heap after GC invocations=11 (full 0):
 garbage-first heap   total 58368K, used 21722K [0x0000000089400000, 0x0000000100000000)
  region size 1024K, 1 young (1024K), 1 survivors (1024K)
 Metaspace       used 38445K, committed 38720K, reserved 1114112K
  class space    used 4802K, committed 4928K, reserved 1048576K
}
Event: 4.555 GC heap before
{Heap before GC invocations=11 (full 0):
 garbage-first heap   total 58368K, used 42202K [0x0000000089400000, 0x0000000100000000)
  region size 1024K, 21 young (21504K), 1 survivors (1024K)
 Metaspace       used 43274K, committed 43456K, reserved 1114112K
  class space    used 5278K, committed 5376K, reserved 1048576K
}
Event: 4.560 GC heap after
{Heap after GC invocations=12 (full 0):
 garbage-first heap   total 58368K, used 22937K [0x0000000089400000, 0x0000000100000000)
  region size 1024K, 2 young (2048K), 2 survivors (2048K)
 Metaspace       used 43274K, committed 43456K, reserved 1114112K
  class space    used 5278K, committed 5376K, reserved 1048576K
}
Event: 5.089 GC heap before
{Heap before GC invocations=12 (full 0):
 garbage-first heap   total 58368K, used 45465K [0x0000000089400000, 0x0000000100000000)
  region size 1024K, 22 young (22528K), 2 survivors (2048K)
 Metaspace       used 47256K, committed 47488K, reserved 1114112K
  class space    used 5748K, committed 5824K, reserved 1048576K
}
Event: 5.101 GC heap after
{Heap after GC invocations=13 (full 0):
 garbage-first heap   total 58368K, used 28071K [0x0000000089400000, 0x0000000100000000)
  region size 1024K, 3 young (3072K), 3 survivors (3072K)
 Metaspace       used 47256K, committed 47488K, reserved 1114112K
  class space    used 5748K, committed 5824K, reserved 1048576K
}
Event: 5.519 GC heap before
{Heap before GC invocations=13 (full 0):
 garbage-first heap   total 58368K, used 43431K [0x0000000089400000, 0x0000000100000000)
  region size 1024K, 19 young (19456K), 3 survivors (3072K)
 Metaspace       used 50056K, committed 50240K, reserved 1114112K
  class space    used 6078K, committed 6144K, reserved 1048576K
}
Event: 5.528 GC heap after
{Heap after GC invocations=14 (full 0):
 garbage-first heap   total 58368K, used 31176K [0x0000000089400000, 0x0000000100000000)
  region size 1024K, 3 young (3072K), 3 survivors (3072K)
 Metaspace       used 50056K, committed 50240K, reserved 1114112K
  class space    used 6078K, committed 6144K, reserved 1048576K
}
Event: 5.531 GC heap before
{Heap before GC invocations=14 (full 0):
 garbage-first heap   total 58368K, used 31176K [0x0000000089400000, 0x0000000100000000)
  region size 1024K, 4 young (4096K), 3 survivors (3072K)
 Metaspace       used 50065K, committed 50240K, reserved 1114112K
  class space    used 6078K, committed 6144K, reserved 1048576K
}
Event: 5.536 GC heap after
{Heap after GC invocations=15 (full 0):
 garbage-first heap   total 101376K, used 31462K [0x0000000089400000, 0x0000000100000000)
  region size 1024K, 1 young (1024K), 1 survivors (1024K)
 Metaspace       used 50065K, committed 50240K, reserved 1114112K
  class space    used 6078K, committed 6144K, reserved 1048576K
}
Event: 5.941 GC heap before
{Heap before GC invocations=15 (full 0):
 garbage-first heap   total 101376K, used 74470K [0x0000000089400000, 0x0000000100000000)
  region size 1024K, 42 young (43008K), 1 survivors (1024K)
 Metaspace       used 51858K, committed 52096K, reserved 1114112K
  class space    used 6266K, committed 6400K, reserved 1048576K
}
Event: 5.949 GC heap after
{Heap after GC invocations=16 (full 0):
 garbage-first heap   total 101376K, used 34026K [0x0000000089400000, 0x0000000100000000)
  region size 1024K, 3 young (3072K), 3 survivors (3072K)
 Metaspace       used 51858K, committed 52096K, reserved 1114112K
  class space    used 6266K, committed 6400K, reserved 1048576K
}
Event: 7.019 GC heap before
{Heap before GC invocations=16 (full 0):
 garbage-first heap   total 101376K, used 76010K [0x0000000089400000, 0x0000000100000000)
  region size 1024K, 44 young (45056K), 3 survivors (3072K)
 Metaspace       used 54279K, committed 54528K, reserved 1114112K
  class space    used 6403K, committed 6528K, reserved 1048576K
}
Event: 7.037 GC heap after
{Heap after GC invocations=17 (full 0):
 garbage-first heap   total 101376K, used 41210K [0x0000000089400000, 0x0000000100000000)
  region size 1024K, 6 young (6144K), 6 survivors (6144K)
 Metaspace       used 54279K, committed 54528K, reserved 1114112K
  class space    used 6403K, committed 6528K, reserved 1048576K
}
Event: 7.764 GC heap before
{Heap before GC invocations=17 (full 0):
 garbage-first heap   total 101376K, used 76026K [0x0000000089400000, 0x0000000100000000)
  region size 1024K, 40 young (40960K), 6 survivors (6144K)
 Metaspace       used 56109K, committed 56320K, reserved 1114112K
  class space    used 6595K, committed 6656K, reserved 1048576K
}
Event: 7.783 GC heap after
{Heap after GC invocations=18 (full 0):
 garbage-first heap   total 101376K, used 46643K [0x0000000089400000, 0x0000000100000000)
  region size 1024K, 5 young (5120K), 5 survivors (5120K)
 Metaspace       used 56109K, committed 56320K, reserved 1114112K
  class space    used 6595K, committed 6656K, reserved 1048576K
}
Event: 8.280 GC heap before
{Heap before GC invocations=18 (full 0):
 garbage-first heap   total 101376K, used 65075K [0x0000000089400000, 0x0000000100000000)
  region size 1024K, 24 young (24576K), 5 survivors (5120K)
 Metaspace       used 57611K, committed 57856K, reserved 1114112K
  class space    used 6738K, committed 6848K, reserved 1048576K
}

Dll operation events (2 events):
Event: 0.013 Loaded shared library C:\Program Files\Android\Android Studio\jbr\bin\java.dll
Event: 2.147 Loaded shared library C:\Program Files\Android\Android Studio\jbr\bin\verify.dll

Deoptimization events (20 events):
Event: 8.034 Thread 0x0000019051bfbfe0 DEOPT PACKING pc=0x000001905eebe04c sp=0x00000077014f4570
Event: 8.034 Thread 0x0000019051bfbfe0 DEOPT UNPACKING pc=0x000001905e6b69a3 sp=0x00000077014f44f0 mode 2
Event: 8.035 Thread 0x0000019051bfbfe0 Uncommon trap: trap_request=0xffffffde fr.pc=0x000001905eebe04c relative=0x000000000000688c
Event: 8.035 Thread 0x0000019051bfbfe0 Uncommon trap: reason=class_check action=maybe_recompile pc=0x000001905eebe04c method=org.jetbrains.org.objectweb.asm.ClassReader.readMethod(Lorg/jetbrains/org/objectweb/asm/ClassVisitor;Lorg/jetbrains/org/objectweb/asm/Context;I)I @ 736 c2
Event: 8.035 Thread 0x0000019051bfbfe0 DEOPT PACKING pc=0x000001905eebe04c sp=0x00000077014f4570
Event: 8.035 Thread 0x0000019051bfbfe0 DEOPT UNPACKING pc=0x000001905e6b69a3 sp=0x00000077014f44f0 mode 2
Event: 8.144 Thread 0x0000019051bfbfe0 DEOPT PACKING pc=0x0000019057a7ce1c sp=0x00000077014f1150
Event: 8.144 Thread 0x0000019051bfbfe0 DEOPT UNPACKING pc=0x000001905e6b7143 sp=0x00000077014f05f8 mode 0
Event: 8.200 Thread 0x0000019051bfbfe0 Uncommon trap: trap_request=0xffffff45 fr.pc=0x000001905ec7375c relative=0x000000000000069c
Event: 8.200 Thread 0x0000019051bfbfe0 Uncommon trap: reason=unstable_if action=reinterpret pc=0x000001905ec7375c method=org.jetbrains.kotlin.load.kotlin.FileBasedKotlinClass$3$1.visit(Ljava/lang/String;Ljava/lang/Object;)V @ 12 c2
Event: 8.200 Thread 0x0000019051bfbfe0 DEOPT PACKING pc=0x000001905ec7375c sp=0x00000077014f0c50
Event: 8.200 Thread 0x0000019051bfbfe0 DEOPT UNPACKING pc=0x000001905e6b69a3 sp=0x00000077014f0c28 mode 2
Event: 8.224 Thread 0x0000019051bfbfe0 Uncommon trap: trap_request=0xffffffc6 fr.pc=0x000001905ee898ec relative=0x000000000000102c
Event: 8.224 Thread 0x0000019051bfbfe0 Uncommon trap: reason=bimorphic_or_optimized_type_check action=maybe_recompile pc=0x000001905ee898ec method=kotlin.collections.CollectionsKt___CollectionsKt.toList(Ljava/lang/Iterable;)Ljava/util/List; @ 71 c2
Event: 8.224 Thread 0x0000019051bfbfe0 DEOPT PACKING pc=0x000001905ee898ec sp=0x00000077014ef730
Event: 8.224 Thread 0x0000019051bfbfe0 DEOPT UNPACKING pc=0x000001905e6b69a3 sp=0x00000077014ef700 mode 2
Event: 8.224 Thread 0x0000019051bfbfe0 Uncommon trap: trap_request=0xffffffde fr.pc=0x000001905ed626dc relative=0x00000000000000bc
Event: 8.224 Thread 0x0000019051bfbfe0 Uncommon trap: reason=class_check action=maybe_recompile pc=0x000001905ed626dc method=java.util.Collections$UnmodifiableCollection$1.next()Ljava/lang/Object; @ 4 c2
Event: 8.224 Thread 0x0000019051bfbfe0 DEOPT PACKING pc=0x000001905ed626dc sp=0x00000077014ef6e0
Event: 8.224 Thread 0x0000019051bfbfe0 DEOPT UNPACKING pc=0x000001905e6b69a3 sp=0x00000077014ef690 mode 2

Classes unloaded (0 events):
No events

Classes redefined (0 events):
No events

Internal exceptions (20 events):
Event: 1.994 Thread 0x0000019051bfbfe0 Exception <a 'java/lang/NoSuchMethodError'{0x000000008b0d5288}: 'void java.lang.invoke.DirectMethodHandle$Holder.invokeStatic(java.lang.Object, java.lang.Object, java.lang.Object, java.lang.Object)'> (0x000000008b0d5288) 
thrown [s\src\hotspot\share\interpreter\linkResolver.cpp, line 771]
Event: 2.106 Thread 0x0000019051bfbfe0 Exception <a 'java/lang/NoSuchMethodError'{0x000000008ac96808}: 'void java.lang.invoke.DirectMethodHandle$Holder.invokeStaticInit(java.lang.Object, java.lang.Object)'> (0x000000008ac96808) 
thrown [s\src\hotspot\share\interpreter\linkResolver.cpp, line 771]
Event: 2.245 Thread 0x0000019051bfbfe0 Exception <a 'java/lang/NoSuchMethodError'{0x000000008a620ed0}: 'void java.lang.invoke.DirectMethodHandle$Holder.invokeVirtual(java.lang.Object, java.lang.Object)'> (0x000000008a620ed0) 
thrown [s\src\hotspot\share\interpreter\linkResolver.cpp, line 771]
Event: 2.253 Thread 0x0000019051bfbfe0 Exception <a 'java/lang/NoSuchMethodError'{0x000000008a66c2f0}: 'int java.lang.invoke.DirectMethodHandle$Holder.invokeVirtual(java.lang.Object, java.lang.Object)'> (0x000000008a66c2f0) 
thrown [s\src\hotspot\share\interpreter\linkResolver.cpp, line 771]
Event: 2.272 Thread 0x0000019051bfbfe0 Exception <a 'java/lang/NoSuchMethodError'{0x000000008a504330}: 'java.lang.Object java.lang.invoke.Invokers$Holder.invokeExact_MT(java.lang.Object, java.lang.Object, java.lang.Object, java.lang.Object, java.lang.Object, java.lang.Object)'> (0x000000008a504330) 
thrown [s\src\hotspot\share\interpreter\linkResolver.cpp, line 771]
Event: 3.077 Thread 0x0000019051bfbfe0 Implicit null exception at 0x000001905ec1a772 to 0x000001905ec1ad3c
Event: 3.246 Thread 0x0000019051bfbfe0 Implicit null exception at 0x000001905ec1b372 to 0x000001905ec1b94c
Event: 3.356 Thread 0x0000019051bfbfe0 Exception <a 'java/lang/NoSuchMethodError'{0x000000008b314ec8}: 'java.lang.Object java.lang.invoke.DirectMethodHandle$Holder.invokeVirtual(java.lang.Object, java.lang.Object, java.lang.Object)'> (0x000000008b314ec8) 
thrown [s\src\hotspot\share\interpreter\linkResolver.cpp, line 771]
Event: 4.483 Thread 0x0000019051bfbfe0 Exception <a 'java/lang/NoSuchMethodError'{0x000000008b997ff0}: 'java.lang.Object java.lang.invoke.DirectMethodHandle$Holder.newInvokeSpecial(java.lang.Object, java.lang.Object, int)'> (0x000000008b997ff0) 
thrown [s\src\hotspot\share\interpreter\linkResolver.cpp, line 771]
Event: 4.584 Thread 0x0000019051bfbfe0 Implicit null exception at 0x000001905ed1ee50 to 0x000001905ed1ef1c
Event: 4.676 Thread 0x0000019051bfbfe0 Implicit null exception at 0x000001905ed24c4c to 0x000001905ed24d28
Event: 4.721 Thread 0x0000019051bfbfe0 Exception <a 'java/lang/NoSuchMethodError'{0x000000008e535220}: 'java.lang.Object java.lang.invoke.DirectMethodHandle$Holder.newInvokeSpecial(java.lang.Object, java.lang.Object, java.lang.Object, int)'> (0x000000008e535220) 
thrown [s\src\hotspot\share\interpreter\linkResolver.cpp, line 771]
Event: 4.722 Thread 0x0000019051bfbfe0 Exception <a 'java/lang/NoSuchMethodError'{0x000000008e5398a8}: 'java.lang.Object java.lang.invoke.DirectMethodHandle$Holder.invokeSpecial(java.lang.Object, java.lang.Object, java.lang.Object, java.lang.Object, int)'> (0x000000008e5398a8) 
thrown [s\src\hotspot\share\interpreter\linkResolver.cpp, line 771]
Event: 4.722 Thread 0x0000019051bfbfe0 Exception <a 'java/lang/NoSuchMethodError'{0x000000008e53d718}: 'java.lang.Object java.lang.invoke.Invokers$Holder.linkToTargetMethod(java.lang.Object, java.lang.Object, int, java.lang.Object)'> (0x000000008e53d718) 
thrown [s\src\hotspot\share\interpreter\linkResolver.cpp, line 771]
Event: 5.466 Thread 0x0000019051bfbfe0 Exception <a 'java/lang/NoSuchMethodError'{0x000000008bf3e1c0}: 'java.lang.Object java.lang.invoke.DirectMethodHandle$Holder.newInvokeSpecial(java.lang.Object, java.lang.Object, java.lang.Object, java.lang.Object, java.lang.Object, java.lang.Object)'> (0x000000008bf3e1c0) 
thrown [s\src\hotspot\share\interpreter\linkResolver.cpp, line 771]
Event: 5.725 Thread 0x0000019051bfbfe0 Implicit null exception at 0x000001905ec4b78e to 0x000001905ec4b9e4
Event: 6.633 Thread 0x0000019051bfbfe0 Exception <a 'java/lang/NoSuchMethodError'{0x000000008db64d40}: 'java.lang.Object java.lang.invoke.DirectMethodHandle$Holder.invokeStaticInit(java.lang.Object, java.lang.Object, java.lang.Object)'> (0x000000008db64d40) 
thrown [s\src\hotspot\share\interpreter\linkResolver.cpp, line 771]
Event: 7.404 Thread 0x0000019051bfbfe0 Exception <a 'java/lang/NoSuchMethodError'{0x000000008e58f1f8}: 'int java.lang.invoke.DirectMethodHandle$Holder.invokeStaticInit(java.lang.Object, int)'> (0x000000008e58f1f8) 
thrown [s\src\hotspot\share\interpreter\linkResolver.cpp, line 771]
Event: 8.193 Thread 0x0000019051bfbfe0 Exception <a 'java/lang/NoSuchMethodError'{0x000000008e7768c0}: 'java.lang.Object java.lang.invoke.DirectMethodHandle$Holder.invokeInterface(java.lang.Object, java.lang.Object, java.lang.Object)'> (0x000000008e7768c0) 
thrown [s\src\hotspot\share\interpreter\linkResolver.cpp, line 771]
Event: 8.194 Thread 0x0000019051bfbfe0 Exception <a 'java/lang/IncompatibleClassChangeError'{0x000000008e77bcc0}: Found class java.lang.Object, but interface was expected> (0x000000008e77bcc0) 
thrown [s\src\hotspot\share\interpreter\linkResolver.cpp, line 838]

VM Operations (20 events):
Event: 7.878 Executing VM operation: HandshakeAllThreads done
Event: 7.974 Executing VM operation: ICBufferFull
Event: 7.974 Executing VM operation: ICBufferFull done
Event: 8.044 Executing VM operation: HandshakeAllThreads
Event: 8.044 Executing VM operation: HandshakeAllThreads done
Event: 8.127 Executing VM operation: HandshakeAllThreads
Event: 8.127 Executing VM operation: HandshakeAllThreads done
Event: 8.138 Executing VM operation: HandshakeAllThreads
Event: 8.138 Executing VM operation: HandshakeAllThreads done
Event: 8.139 Executing VM operation: HandshakeAllThreads
Event: 8.139 Executing VM operation: HandshakeAllThreads done
Event: 8.146 Executing VM operation: HandshakeAllThreads
Event: 8.146 Executing VM operation: HandshakeAllThreads done
Event: 8.152 Executing VM operation: ICBufferFull
Event: 8.152 Executing VM operation: ICBufferFull done
Event: 8.230 Executing VM operation: ICBufferFull
Event: 8.230 Executing VM operation: ICBufferFull done
Event: 8.262 Executing VM operation: HandshakeAllThreads
Event: 8.262 Executing VM operation: HandshakeAllThreads done
Event: 8.280 Executing VM operation: CollectForMetadataAllocation

Events (20 events):
Event: 7.668 loading class jdk/internal/math/FloatingDecimal$ExceptionalBinaryToASCIIBuffer
Event: 7.669 loading class jdk/internal/math/FloatingDecimal$BinaryToASCIIConverter
Event: 7.669 loading class jdk/internal/math/FloatingDecimal$BinaryToASCIIConverter done
Event: 7.669 loading class jdk/internal/math/FloatingDecimal$ExceptionalBinaryToASCIIBuffer done
Event: 7.669 loading class jdk/internal/math/FloatingDecimal$BinaryToASCIIBuffer
Event: 7.669 loading class jdk/internal/math/FloatingDecimal$BinaryToASCIIBuffer done
Event: 7.669 loading class jdk/internal/math/FloatingDecimal$1
Event: 7.669 loading class jdk/internal/math/FloatingDecimal$1 done
Event: 7.669 loading class jdk/internal/math/FloatingDecimal$PreparedASCIIToBinaryBuffer
Event: 7.669 loading class jdk/internal/math/FloatingDecimal$ASCIIToBinaryConverter
Event: 7.669 loading class jdk/internal/math/FloatingDecimal$ASCIIToBinaryConverter done
Event: 7.669 loading class jdk/internal/math/FloatingDecimal$PreparedASCIIToBinaryBuffer done
Event: 7.670 loading class jdk/internal/math/FloatingDecimal$ASCIIToBinaryBuffer
Event: 7.670 loading class jdk/internal/math/FloatingDecimal$ASCIIToBinaryBuffer done
Event: 7.730 loading class java/util/regex/Pattern$Bound
Event: 7.731 loading class java/util/regex/Pattern$Bound done
Event: 7.731 loading class java/util/regex/Pattern$LookBehindEndNode
Event: 7.731 loading class java/util/regex/Pattern$LookBehindEndNode done
Event: 7.731 loading class java/util/regex/Pattern$NotBehind
Event: 7.731 loading class java/util/regex/Pattern$NotBehind done


Dynamic libraries:
0x00007ff78dfd0000 - 0x00007ff78dfda000 	C:\Program Files\Android\Android Studio\jbr\bin\java.exe
0x00007ffd618d0000 - 0x00007ffd61ac8000 	C:\WINDOWS\SYSTEM32\ntdll.dll
0x00007ffd5fd80000 - 0x00007ffd5fe3d000 	C:\WINDOWS\System32\KERNEL32.DLL
0x00007ffd5f180000 - 0x00007ffd5f476000 	C:\WINDOWS\System32\KERNELBASE.dll
0x00007ffd5f7e0000 - 0x00007ffd5f8e0000 	C:\WINDOWS\System32\ucrtbase.dll
0x00007ffd51650000 - 0x00007ffd51667000 	C:\Program Files\Android\Android Studio\jbr\bin\jli.dll
0x00007ffd35b70000 - 0x00007ffd35b8b000 	C:\Program Files\Android\Android Studio\jbr\bin\VCRUNTIME140.dll
0x00007ffd604e0000 - 0x00007ffd6067f000 	C:\WINDOWS\System32\USER32.dll
0x00007ffd5efd0000 - 0x00007ffd5eff2000 	C:\WINDOWS\System32\win32u.dll
0x00007ffd4ef40000 - 0x00007ffd4f1da000 	C:\WINDOWS\WinSxS\amd64_microsoft.windows.common-controls_6595b64144ccf1df_6.0.19041.4355_none_60b8b9eb71f62e16\COMCTL32.dll
0x00007ffd60360000 - 0x00007ffd6038b000 	C:\WINDOWS\System32\GDI32.dll
0x00007ffd60680000 - 0x00007ffd6071e000 	C:\WINDOWS\System32\msvcrt.dll
0x00007ffd5f480000 - 0x00007ffd5f597000 	C:\WINDOWS\System32\gdi32full.dll
0x00007ffd5f000000 - 0x00007ffd5f09d000 	C:\WINDOWS\System32\msvcp_win.dll
0x00007ffd60390000 - 0x00007ffd603bf000 	C:\WINDOWS\System32\IMM32.DLL
0x00007ffd3e8a0000 - 0x00007ffd3e8ac000 	C:\Program Files\Android\Android Studio\jbr\bin\vcruntime140_1.dll
0x00007ffd29910000 - 0x00007ffd2999d000 	C:\Program Files\Android\Android Studio\jbr\bin\msvcp140.dll
0x00007ffd16150000 - 0x00007ffd16dd3000 	C:\Program Files\Android\Android Studio\jbr\bin\server\jvm.dll
0x00007ffd5fe40000 - 0x00007ffd5fef0000 	C:\WINDOWS\System32\ADVAPI32.dll
0x00007ffd5fb50000 - 0x00007ffd5fbf0000 	C:\WINDOWS\System32\sechost.dll
0x00007ffd5fa20000 - 0x00007ffd5fb43000 	C:\WINDOWS\System32\RPCRT4.dll
0x00007ffd5f7b0000 - 0x00007ffd5f7d7000 	C:\WINDOWS\System32\bcrypt.dll
0x00007ffd59b60000 - 0x00007ffd59b69000 	C:\WINDOWS\SYSTEM32\WSOCK32.dll
0x00007ffd5e930000 - 0x00007ffd5e97b000 	C:\WINDOWS\SYSTEM32\POWRPROF.dll
0x00007ffd553d0000 - 0x00007ffd553f7000 	C:\WINDOWS\SYSTEM32\WINMM.dll
0x00007ffd60470000 - 0x00007ffd604db000 	C:\WINDOWS\System32\WS2_32.dll
0x00007ffd55400000 - 0x00007ffd5540a000 	C:\WINDOWS\SYSTEM32\VERSION.dll
0x00007ffd5e910000 - 0x00007ffd5e922000 	C:\WINDOWS\SYSTEM32\UMPDC.dll
0x00007ffd5cdc0000 - 0x00007ffd5cdd2000 	C:\WINDOWS\SYSTEM32\kernel.appcore.dll
0x00007ffd597c0000 - 0x00007ffd597ca000 	C:\Program Files\Android\Android Studio\jbr\bin\jimage.dll
0x00007ffd524f0000 - 0x00007ffd526d4000 	C:\WINDOWS\SYSTEM32\DBGHELP.DLL
0x00007ffd4a4b0000 - 0x00007ffd4a4e4000 	C:\WINDOWS\SYSTEM32\dbgcore.DLL
0x00007ffd5f0f0000 - 0x00007ffd5f172000 	C:\WINDOWS\System32\bcryptPrimitives.dll
0x00007ffd585d0000 - 0x00007ffd585f5000 	C:\Program Files\Android\Android Studio\jbr\bin\java.dll
0x00007ffd58470000 - 0x00007ffd58488000 	C:\Program Files\Android\Android Studio\jbr\bin\zip.dll
0x00007ffd60780000 - 0x00007ffd60eec000 	C:\WINDOWS\System32\SHELL32.dll
0x00007ffd5cfe0000 - 0x00007ffd5d77d000 	C:\WINDOWS\SYSTEM32\windows.storage.dll
0x00007ffd60fa0000 - 0x00007ffd612f3000 	C:\WINDOWS\System32\combase.dll
0x00007ffd5e980000 - 0x00007ffd5e9ae000 	C:\WINDOWS\SYSTEM32\Wldp.dll
0x00007ffd61580000 - 0x00007ffd6164d000 	C:\WINDOWS\System32\OLEAUT32.dll
0x00007ffd60ef0000 - 0x00007ffd60f9d000 	C:\WINDOWS\System32\SHCORE.dll
0x00007ffd60720000 - 0x00007ffd60775000 	C:\WINDOWS\System32\shlwapi.dll
0x00007ffd5ee90000 - 0x00007ffd5eeb4000 	C:\WINDOWS\SYSTEM32\profapi.dll
0x00007ffd58450000 - 0x00007ffd58469000 	C:\Program Files\Android\Android Studio\jbr\bin\net.dll
0x00007ffd5be30000 - 0x00007ffd5bf3a000 	C:\WINDOWS\SYSTEM32\WINHTTP.dll
0x00007ffd5e670000 - 0x00007ffd5e6da000 	C:\WINDOWS\system32\mswsock.dll
0x00007ffd582c0000 - 0x00007ffd582d6000 	C:\Program Files\Android\Android Studio\jbr\bin\nio.dll
0x00007ffd582b0000 - 0x00007ffd582c0000 	C:\Program Files\Android\Android Studio\jbr\bin\verify.dll

dbghelp: loaded successfully - version: 4.0.5 - missing functions: none
symbol engine: initialized successfully - sym options: 0x614 - pdb path: .;C:\Program Files\Android\Android Studio\jbr\bin;C:\WINDOWS\SYSTEM32;C:\WINDOWS\WinSxS\amd64_microsoft.windows.common-controls_6595b64144ccf1df_6.0.19041.4355_none_60b8b9eb71f62e16;C:\Program Files\Android\Android Studio\jbr\bin\server

VM Arguments:
java_command: org.jetbrains.kotlin.cli.jvm.K2JVMCompiler @C:\Users\irese\StudioProjects\SchoolApp\app\build\20240710_10410776737973073895.compiler.options
java_class_path (initial): C:\Users\irese\.gradle\caches\modules-2\files-2.1\org.jetbrains.kotlin\kotlin-compiler-embeddable\1.9.0\2c8c3a7402becca891f12739b3e9fd2dc2adbd7a\kotlin-compiler-embeddable-1.9.0.jar;C:\Users\irese\.gradle\caches\modules-2\files-2.1\org.jetbrains.kotlin\kotlin-stdlib\1.9.0\8ee15ef0c67dc83d874f412d84378d7f0eb50b63\kotlin-stdlib-1.9.0.jar;C:\Users\irese\.gradle\caches\modules-2\files-2.1\org.jetbrains.kotlin\kotlin-script-runtime\1.9.0\4b3102cbbb7e1b58d9d1adf89563f00069ffa7d1\kotlin-script-runtime-1.9.0.jar;C:\Users\irese\.gradle\caches\modules-2\files-2.1\org.jetbrains.kotlin\kotlin-reflect\1.6.10\1cbe9c92c12a94eea200d23c2bbaedaf3daf5132\kotlin-reflect-1.6.10.jar;C:\Users\irese\.gradle\caches\modules-2\files-2.1\org.jetbrains.kotlin\kotlin-daemon-embeddable\1.9.0\186543f5e28cf8d9a0290fecc2cf34301c40a65c\kotlin-daemon-embeddable-1.9.0.jar;C:\Users\irese\.gradle\caches\modules-2\files-2.1\org.jetbrains.intellij.deps\trove4j\1.0.20200330\3afb14d5f9ceb459d724e907a21145e8ff394f02\trove4j-1.0.20200330.jar;C:\Users\irese\.gradle\caches\modules-2\files-2.1\org.jetbrains.kotlin\kotlin-stdlib-common\1.9.0\cd65c21cfd1eec4d44ef09f9f52b6d9f8a720636\kotlin-stdlib-common-1.9.0.jar;C:\Users\irese\.gradle\caches\modules-2\files-2.1\org.jetbrains\annotations\13.0\919f0dfe192fb4e063e7dacadee7f8bb9a2672a9\annotations-13.0.jar
Launcher Type: SUN_STANDARD

[Global flags]
     intx CICompilerCount                          = 4                                         {product} {ergonomic}
     uint ConcGCThreads                            = 2                                         {product} {ergonomic}
     uint G1ConcRefinementThreads                  = 8                                         {product} {ergonomic}
   size_t G1HeapRegionSize                         = 1048576                                   {product} {ergonomic}
    uintx GCDrainStackTargetSize                   = 64                                        {product} {ergonomic}
   size_t InitialHeapSize                          = 125829120                                 {product} {ergonomic}
   size_t MarkStackSize                            = 4194304                                   {product} {ergonomic}
   size_t MaxHeapSize                              = 1992294400                                {product} {ergonomic}
   size_t MaxNewSize                               = 1195376640                                {product} {ergonomic}
   size_t MinHeapDeltaBytes                        = 1048576                                   {product} {ergonomic}
   size_t MinHeapSize                              = 8388608                                   {product} {ergonomic}
    uintx NonNMethodCodeHeapSize                   = 5839372                                {pd product} {ergonomic}
    uintx NonProfiledCodeHeapSize                  = 122909434                              {pd product} {ergonomic}
    uintx ProfiledCodeHeapSize                     = 122909434                              {pd product} {ergonomic}
    uintx ReservedCodeCacheSize                    = 251658240                              {pd product} {ergonomic}
     bool SegmentedCodeCache                       = true                                      {product} {ergonomic}
   size_t SoftMaxHeapSize                          = 1992294400                             {manageable} {ergonomic}
     bool UseCompressedClassPointers               = true                           {product lp64_product} {ergonomic}
     bool UseCompressedOops                        = true                           {product lp64_product} {ergonomic}
     bool UseG1GC                                  = true                                      {product} {ergonomic}
     bool UseLargePagesIndividualAllocation        = false                                  {pd product} {ergonomic}

Logging:
Log output configuration:
 #0: stdout all=warning uptime,level,tags
 #1: stderr all=off uptime,level,tags

Environment Variables:
JAVA_HOME=C:\Program Files\Java\jdk-17
PATH=C:\ProgramData\Oracle\Java\javapath;C:\Program Files (x86)\NVIDIA Corporation\PhysX\Common;C:\Program Files\Common Files\Oracle\Java\javapath;C:\WINDOWS\system32;C:\WINDOWS;C:\WINDOWS\System32\Wbem;C:\WINDOWS\System32\WindowsPowerShell\v1.0\;C:\WINDOWS\System32\OpenSSH\;C:\Program Files (x86)\Windows Kits\10\Windows Performance Toolkit\;C:\Program Files\nodejs\;C:\Program Files\Java\jdk-17\bin;C:\apache-tomcat-8.5.95\bin;C:\Program Files\Microsoft SQL Server\150\Tools\Binn\;C:\Program Files\Microsoft SQL Server\Client SDK\ODBC\170\Tools\Binn\;C:\Program Files\dotnet\;C:\Program Files\Git\cmd;C:\Program Files\MySQL\MySQL Shell 8.0\bin\;C:\Users\irese\AppData\Local\Microsoft\WindowsApps;C:\Program Files\JetBrains\CLion 2023.3.1\bin;;C:\Users\irese\AppData\Local\Programs\Microsoft VS Code\bin;C:\msys64\ucrt64\bin;C:\Program Files\JetBrains\IntelliJ IDEA 2023.3.2\bin;;C:\Users\irese\AppData\Roaming\npm;C:\Program Files\JetBrains\WebStorm 2023.2.2\bin;;C:\Program Files\JetBrains\IntelliJ IDEA Community Edition 2023.2.3\bin;;C:\Users\irese\.dotnet\tools;C:\Users\irese\AppData\Local\GitHubDesktop\bin;C:\flutter\bin;;C:\Program Files\JetBrains\PyCharm 2024.1.3\bin;
USERNAME=irese
OS=Windows_NT
PROCESSOR_IDENTIFIER=AMD64 Family 23 Model 96 Stepping 1, AuthenticAMD
TMP=C:\Users\irese\AppData\Local\Temp
TEMP=C:\Users\irese\AppData\Local\Temp



Periodic native trim disabled

JNI global refs:
JNI global refs: 12, weak refs: 5

JNI global refs memory usage: 843, weak refs: 841

OOME stack traces (most recent first):
Classloader memory used:
Loader jdk.internal.loader.ClassLoaders$AppClassLoader                                 : 5828K
Loader bootstrap                                                                       : 1315K
Loader java.net.URLClassLoader                                                         : 43924B
Loader jdk.internal.reflect.DelegatingClassLoader                                      : 14418B


---------------  S Y S T E M  ---------------

OS:
 Windows 10 , 64 bit Build 19041 (10.0.19041.3636)
OS uptime: 0 days 18:24 hours

CPU: total 8 (initial active 8) (8 cores per cpu, 1 threads per core) family 23 model 96 stepping 1 microcode 0x0, cx8, cmov, fxsr, mmx, 3dnowpref, sse, sse2, sse3, ssse3, sse4a, sse4.1, sse4.2, popcnt, lzcnt, tsc, tscinvbit, avx, avx2, aes, clmul, bmi1, bmi2, adx, sha, fma, vzeroupper, clflush, clflushopt
Processor Information for all 8 processors :
  Max Mhz: 2000, Current Mhz: 2000, Mhz Limit: 2000

Memory: 4k page, system-wide physical 7599M (405M free)
TotalPageFile size 31151M (AvailPageFile size 83M)
current process WorkingSet (physical memory assigned to process): 246M, peak: 257M
current process commit charge ("private bytes"): 317M, peak: 422M

vm_info: OpenJDK 64-Bit Server VM (17.0.9+0--11185874) for windows-amd64 JRE (17.0.9+0--11185874), built on Dec  6 2023 18:57:44 by "androidbuild" with MS VC++ 16.10 / 16.11 (VS2019)

END.
