#
# There is insufficient memory for the Java Runtime Environment to continue.
# Native memory allocation (mmap) failed to map 104857600 bytes for G1 virtual space
# Possible reasons:
#   The system is out of physical RAM or swap space
#   The process is running with CompressedOops enabled, and the Java Heap may be blocking the growth of the native heap
# Possible solutions:
#   Reduce memory load on the system
#   Increase physical memory or swap space
#   Check if swap backing store is full
#   Decrease Java heap size (-Xmx/-Xms)
#   Decrease number of Java threads
#   Decrease Java thread stack sizes (-Xss)
#   Set larger code cache with -XX:ReservedCodeCacheSize=
#   JVM is running with Unscaled Compressed Oops mode in which the Java heap is
#     placed in the first 4GB address space. The Java Heap base address is the
#     maximum limit for the native heap growth. Please use -XX:HeapBaseMinAddress
#     to set the Java Heap base and to place the Java Heap above 4GB virtual address.
# This output file may be truncated or incomplete.
#
#  Out of Memory Error (os_windows.cpp:3825), pid=9176, tid=15424
#
# JRE version: OpenJDK Runtime Environment (17.0.9) (build 17.0.9+0--11185874)
# Java VM: OpenJDK 64-Bit Server VM (17.0.9+0--11185874, mixed mode, tiered, compressed oops, compressed class ptrs, g1 gc, windows-amd64)
# No core dump will be written. Minidumps are not enabled by default on client versions of Windows
#

---------------  S U M M A R Y ------------

Command Line: org.jetbrains.kotlin.cli.jvm.K2JVMCompiler @C:\Users\irese\StudioProjects\SchoolApp\app\build\20240710_16087437435935497994.compiler.options

Host: AMD Ryzen 7 4700U with Radeon Graphics         , 8 cores, 7G,  Windows 10 , 64 bit Build 19041 (10.0.19041.3636)
Time: Wed Jul 10 18:58:10 2024 RTZ 2 (s 10 , 64 bit Build 19041 (10.0.19041.3636) elapsed time: 7.408000 seconds (0d 0h 0m 7s)

---------------  T H R E A D  ---------------

Current thread (0x000002057f7ddf30):  VMThread "VM Thread" [stack: 0x0000008fbf800000,0x0000008fbf900000] [id=15424]

Stack: [0x0000008fbf800000,0x0000008fbf900000]
Native frames: (J=compiled Java code, j=interpreted, Vv=VM code, C=native code)
V  [jvm.dll+0x6886e9]
V  [jvm.dll+0x841e4a]
V  [jvm.dll+0x843a8e]
V  [jvm.dll+0x8440f3]
V  [jvm.dll+0x24c14f]
V  [jvm.dll+0x685499]
V  [jvm.dll+0x679c2a]
V  [jvm.dll+0x30cf9b]
V  [jvm.dll+0x314446]
V  [jvm.dll+0x36425e]
V  [jvm.dll+0x36448f]
V  [jvm.dll+0x2e2d68]
V  [jvm.dll+0x2e0f44]
V  [jvm.dll+0x2e054c]
V  [jvm.dll+0x3253fb]
V  [jvm.dll+0x8487eb]
V  [jvm.dll+0x849531]
V  [jvm.dll+0x849a4d]
V  [jvm.dll+0x849e24]
V  [jvm.dll+0x849ef0]
V  [jvm.dll+0x7f06aa]
V  [jvm.dll+0x687565]
C  [ucrtbase.dll+0x21bb2]
C  [KERNEL32.DLL+0x17344]
C  [ntdll.dll+0x4cc91]

VM_Operation (0x0000008fbf2f3940): G1CollectForAllocation, mode: safepoint, requested by thread 0x0000020569c7f320


---------------  P R O C E S S  ---------------

Threads class SMR info:
_java_thread_list=0x000002050a5a67b0, length=13, elements={
0x0000020569c7f320, 0x000002057f817250, 0x000002057f7e2a20, 0x0000020508037870,
0x0000020508038140, 0x0000020508038a10, 0x000002050802eda0, 0x000002050802f720,
0x00000205080301d0, 0x0000020508032fd0, 0x000002050819fcd0, 0x00000205081ac2f0,
0x000002050913bc20
}

Java Threads: ( => current thread )
  0x0000020569c7f320 JavaThread "main" [_thread_blocked, id=16972, stack(0x0000008fbf200000,0x0000008fbf300000)]
  0x000002057f817250 JavaThread "Reference Handler" daemon [_thread_blocked, id=2288, stack(0x0000008fbf900000,0x0000008fbfa00000)]
  0x000002057f7e2a20 JavaThread "Finalizer" daemon [_thread_blocked, id=19144, stack(0x0000008fbfa00000,0x0000008fbfb00000)]
  0x0000020508037870 JavaThread "Signal Dispatcher" daemon [_thread_blocked, id=16096, stack(0x0000008fbfb00000,0x0000008fbfc00000)]
  0x0000020508038140 JavaThread "Attach Listener" daemon [_thread_blocked, id=20276, stack(0x0000008fbfc00000,0x0000008fbfd00000)]
  0x0000020508038a10 JavaThread "Service Thread" daemon [_thread_blocked, id=16000, stack(0x0000008fbfd00000,0x0000008fbfe00000)]
  0x000002050802eda0 JavaThread "Monitor Deflation Thread" daemon [_thread_blocked, id=13992, stack(0x0000008fbfe00000,0x0000008fbff00000)]
  0x000002050802f720 JavaThread "C2 CompilerThread0" daemon [_thread_blocked, id=11820, stack(0x0000008fbff00000,0x0000008fc0000000)]
  0x00000205080301d0 JavaThread "C1 CompilerThread0" daemon [_thread_blocked, id=17888, stack(0x0000008fc0000000,0x0000008fc0100000)]
  0x0000020508032fd0 JavaThread "Sweeper thread" daemon [_thread_blocked, id=6992, stack(0x0000008fc0100000,0x0000008fc0200000)]
  0x000002050819fcd0 JavaThread "Notification Thread" daemon [_thread_blocked, id=9260, stack(0x0000008fc0200000,0x0000008fc0300000)]
  0x00000205081ac2f0 JavaThread "Common-Cleaner" daemon [_thread_blocked, id=18364, stack(0x0000008fc0400000,0x0000008fc0500000)]
  0x000002050913bc20 JavaThread "C2 CompilerThread1" daemon [_thread_blocked, id=19164, stack(0x0000008fc0500000,0x0000008fc0600000)]

Other Threads:
=>0x000002057f7ddf30 VMThread "VM Thread" [stack: 0x0000008fbf800000,0x0000008fbf900000] [id=15424]
  0x00000205081a01b0 WatcherThread [stack: 0x0000008fc0300000,0x0000008fc0400000] [id=6848]
  0x0000020569cd7860 GCTaskThread "GC Thread#0" [stack: 0x0000008fbf300000,0x0000008fbf400000] [id=19912]
  0x000002050878ea40 GCTaskThread "GC Thread#1" [stack: 0x0000008fc0600000,0x0000008fc0700000] [id=16408]
  0x00000205087e5830 GCTaskThread "GC Thread#2" [stack: 0x0000008fc0700000,0x0000008fc0800000] [id=15084]
  0x00000205087ee8d0 GCTaskThread "GC Thread#3" [stack: 0x0000008fc0800000,0x0000008fc0900000] [id=6540]
  0x00000205087f0fa0 GCTaskThread "GC Thread#4" [stack: 0x0000008fc0900000,0x0000008fc0a00000] [id=148]
  0x0000020508f77d80 GCTaskThread "GC Thread#5" [stack: 0x0000008fc0a00000,0x0000008fc0b00000] [id=9664]
  0x0000020508f57570 GCTaskThread "GC Thread#6" [stack: 0x0000008fc0b00000,0x0000008fc0c00000] [id=10196]
  0x0000020508f2bbd0 GCTaskThread "GC Thread#7" [stack: 0x0000008fc0c00000,0x0000008fc0d00000] [id=12296]
  0x0000020569ce7530 ConcurrentGCThread "G1 Main Marker" [stack: 0x0000008fbf400000,0x0000008fbf500000] [id=6024]
  0x0000020569ce86f0 ConcurrentGCThread "G1 Conc#0" [stack: 0x0000008fbf500000,0x0000008fbf600000] [id=9844]
  0x0000020508f2b450 ConcurrentGCThread "G1 Conc#1" [stack: 0x0000008fc0d00000,0x0000008fc0e00000] [id=1260]
  0x0000020569d3ebf0 ConcurrentGCThread "G1 Refine#0" [stack: 0x0000008fbf600000,0x0000008fbf700000] [id=18936]
  0x000002050a922160 ConcurrentGCThread "G1 Refine#1" [stack: 0x0000008fc0e00000,0x0000008fc0f00000] [id=21128]
  0x000002057f642700 ConcurrentGCThread "G1 Service" [stack: 0x0000008fbf700000,0x0000008fbf800000] [id=12364]

Threads with active compile tasks:
C2 CompilerThread0     7433 9310       4       org.jetbrains.kotlin.psi.psiUtil.KtPsiUtilKt::getQualifiedElementSelector (112 bytes)
C2 CompilerThread1     7433 9352       4       org.jetbrains.kotlin.resolve.descriptorUtil.DescriptorUtilsKt::getModule (18 bytes)

VM state: at safepoint (normal execution)

VM Mutex/Monitor currently owned by a thread:  ([mutex/lock_event])
[0x0000020569c7b200] Threads_lock - owner thread: 0x000002057f7ddf30
[0x0000020569c7b440] Heap_lock - owner thread: 0x0000020569c7f320

Heap address: 0x0000000089400000, size: 1900 MB, Compressed Oops mode: 32-bit

CDS archive(s) not mapped
Compressed class space mapped at: 0x0000000100000000-0x0000000140000000, reserved size: 1073741824
Narrow klass base: 0x0000000000000000, Narrow klass shift: 3, Narrow klass range: 0x140000000

GC Precious Log:
 CPUs: 8 total, 8 available
 Memory: 7599M
 Large Page Support: Disabled
 NUMA Support: Disabled
 Compressed Oops: Enabled (32-bit)
 Heap Region Size: 1M
 Heap Min Capacity: 8M
 Heap Initial Capacity: 120M
 Heap Max Capacity: 1900M
 Pre-touch: Disabled
 Parallel Workers: 8
 Concurrent Workers: 2
 Concurrent Refinement Workers: 8
 Periodic GC: Disabled

Heap:
 garbage-first heap   total 122880K, used 60167K [0x0000000089400000, 0x0000000100000000)
  region size 1024K, 4 young (4096K), 4 survivors (4096K)
 Metaspace       used 62100K, committed 62400K, reserved 1114112K
  class space    used 7144K, committed 7296K, reserved 1048576K

Heap Regions: E=young(eden), S=young(survivor), O=old, HS=humongous(starts), HC=humongous(continues), CS=collection set, F=free, OA=open archive, CA=closed archive, TAMS=top-at-mark-start (previous, next)
|   0|0x0000000089400000, 0x0000000089500000, 0x0000000089500000|100%|HS|  |TAMS 0x0000000089500000, 0x0000000089500000| Complete 
|   1|0x0000000089500000, 0x0000000089600000, 0x0000000089600000|100%|HC|  |TAMS 0x0000000089600000, 0x0000000089600000| Complete 
|   2|0x0000000089600000, 0x0000000089700000, 0x0000000089700000|100%|HC|  |TAMS 0x0000000089700000, 0x0000000089700000| Complete 
|   3|0x0000000089700000, 0x0000000089800000, 0x0000000089800000|100%|HC|  |TAMS 0x0000000089800000, 0x0000000089800000| Complete 
|   4|0x0000000089800000, 0x0000000089900000, 0x0000000089900000|100%| O|  |TAMS 0x0000000089900000, 0x0000000089900000| Untracked 
|   5|0x0000000089900000, 0x0000000089a00000, 0x0000000089a00000|100%| O|  |TAMS 0x0000000089a00000, 0x0000000089a00000| Untracked 
|   6|0x0000000089a00000, 0x0000000089b00000, 0x0000000089b00000|100%| O|  |TAMS 0x0000000089b00000, 0x0000000089b00000| Untracked 
|   7|0x0000000089b00000, 0x0000000089c00000, 0x0000000089c00000|100%| O|  |TAMS 0x0000000089c00000, 0x0000000089c00000| Untracked 
|   8|0x0000000089c00000, 0x0000000089d00000, 0x0000000089d00000|100%| O|  |TAMS 0x0000000089d00000, 0x0000000089d00000| Untracked 
|   9|0x0000000089d00000, 0x0000000089e00000, 0x0000000089e00000|100%| O|  |TAMS 0x0000000089e00000, 0x0000000089e00000| Untracked 
|  10|0x0000000089e00000, 0x0000000089f00000, 0x0000000089f00000|100%| O|  |TAMS 0x0000000089f00000, 0x0000000089f00000| Untracked 
|  11|0x0000000089f00000, 0x000000008a000000, 0x000000008a000000|100%| O|  |TAMS 0x000000008a000000, 0x000000008a000000| Untracked 
|  12|0x000000008a000000, 0x000000008a100000, 0x000000008a100000|100%| O|  |TAMS 0x000000008a100000, 0x000000008a100000| Untracked 
|  13|0x000000008a100000, 0x000000008a200000, 0x000000008a200000|100%| O|  |TAMS 0x000000008a200000, 0x000000008a200000| Untracked 
|  14|0x000000008a200000, 0x000000008a300000, 0x000000008a300000|100%| O|  |TAMS 0x000000008a300000, 0x000000008a300000| Untracked 
|  15|0x000000008a300000, 0x000000008a400000, 0x000000008a400000|100%| O|  |TAMS 0x000000008a400000, 0x000000008a400000| Untracked 
|  16|0x000000008a400000, 0x000000008a500000, 0x000000008a500000|100%| O|  |TAMS 0x000000008a500000, 0x000000008a500000| Untracked 
|  17|0x000000008a500000, 0x000000008a600000, 0x000000008a600000|100%| O|  |TAMS 0x000000008a600000, 0x000000008a600000| Untracked 
|  18|0x000000008a600000, 0x000000008a700000, 0x000000008a700000|100%| O|  |TAMS 0x000000008a700000, 0x000000008a700000| Untracked 
|  19|0x000000008a700000, 0x000000008a800000, 0x000000008a800000|100%| O|  |TAMS 0x000000008a800000, 0x000000008a800000| Untracked 
|  20|0x000000008a800000, 0x000000008a900000, 0x000000008a900000|100%| O|  |TAMS 0x000000008a900000, 0x000000008a900000| Untracked 
|  21|0x000000008a900000, 0x000000008aa00000, 0x000000008aa00000|100%|HS|  |TAMS 0x000000008aa00000, 0x000000008aa00000| Complete 
|  22|0x000000008aa00000, 0x000000008ab00000, 0x000000008ab00000|100%|HC|  |TAMS 0x000000008ab00000, 0x000000008ab00000| Complete 
|  23|0x000000008ab00000, 0x000000008ac00000, 0x000000008ac00000|100%| O|  |TAMS 0x000000008ac00000, 0x000000008ac00000| Untracked 
|  24|0x000000008ac00000, 0x000000008ad00000, 0x000000008ad00000|100%| O|  |TAMS 0x000000008ad00000, 0x000000008ad00000| Untracked 
|  25|0x000000008ad00000, 0x000000008ae00000, 0x000000008ae00000|100%| O|  |TAMS 0x000000008ae00000, 0x000000008ae00000| Untracked 
|  26|0x000000008ae00000, 0x000000008af00000, 0x000000008af00000|100%| O|  |TAMS 0x000000008af00000, 0x000000008af00000| Untracked 
|  27|0x000000008af00000, 0x000000008b000000, 0x000000008b000000|100%| O|  |TAMS 0x000000008b000000, 0x000000008b000000| Untracked 
|  28|0x000000008b000000, 0x000000008b100000, 0x000000008b100000|100%| O|  |TAMS 0x000000008b100000, 0x000000008b100000| Untracked 
|  29|0x000000008b100000, 0x000000008b200000, 0x000000008b200000|100%| O|  |TAMS 0x000000008b200000, 0x000000008b200000| Untracked 
|  30|0x000000008b200000, 0x000000008b300000, 0x000000008b300000|100%| O|  |TAMS 0x000000008b300000, 0x000000008b300000| Untracked 
|  31|0x000000008b300000, 0x000000008b400000, 0x000000008b400000|100%| O|  |TAMS 0x000000008b300000, 0x000000008b400000| Untracked 
|  32|0x000000008b400000, 0x000000008b500000, 0x000000008b500000|100%| O|  |TAMS 0x000000008b400000, 0x000000008b500000| Untracked 
|  33|0x000000008b500000, 0x000000008b600000, 0x000000008b600000|100%| O|  |TAMS 0x000000008b553600, 0x000000008b600000| Untracked 
|  34|0x000000008b600000, 0x000000008b700000, 0x000000008b700000|100%| O|  |TAMS 0x000000008b600000, 0x000000008b700000| Untracked 
|  35|0x000000008b700000, 0x000000008b800000, 0x000000008b800000|100%| O|  |TAMS 0x000000008b700000, 0x000000008b800000| Untracked 
|  36|0x000000008b800000, 0x000000008b900000, 0x000000008b900000|100%| O|  |TAMS 0x000000008b800000, 0x000000008b900000| Untracked 
|  37|0x000000008b900000, 0x000000008ba00000, 0x000000008ba00000|100%| O|  |TAMS 0x000000008b900000, 0x000000008ba00000| Untracked 
|  38|0x000000008ba00000, 0x000000008bb00000, 0x000000008bb00000|100%| O|  |TAMS 0x000000008ba00000, 0x000000008bb00000| Untracked 
|  39|0x000000008bb00000, 0x000000008bc00000, 0x000000008bc00000|100%| O|  |TAMS 0x000000008bb00000, 0x000000008bc00000| Untracked 
|  40|0x000000008bc00000, 0x000000008bd00000, 0x000000008bd00000|100%| O|  |TAMS 0x000000008bc00000, 0x000000008bd00000| Untracked 
|  41|0x000000008bd00000, 0x000000008be00000, 0x000000008be00000|100%| O|  |TAMS 0x000000008bd00000, 0x000000008be00000| Untracked 
|  42|0x000000008be00000, 0x000000008bf00000, 0x000000008bf00000|100%| O|  |TAMS 0x000000008be00000, 0x000000008bf00000| Untracked 
|  43|0x000000008bf00000, 0x000000008c000000, 0x000000008c000000|100%| O|  |TAMS 0x000000008bf00000, 0x000000008c000000| Untracked 
|  44|0x000000008c000000, 0x000000008c100000, 0x000000008c100000|100%| O|  |TAMS 0x000000008c000000, 0x000000008c100000| Untracked 
|  45|0x000000008c100000, 0x000000008c200000, 0x000000008c200000|100%| O|  |TAMS 0x000000008c100000, 0x000000008c200000| Untracked 
|  46|0x000000008c200000, 0x000000008c300000, 0x000000008c300000|100%| O|  |TAMS 0x000000008c200000, 0x000000008c300000| Untracked 
|  47|0x000000008c300000, 0x000000008c400000, 0x000000008c400000|100%| O|  |TAMS 0x000000008c300000, 0x000000008c400000| Untracked 
|  48|0x000000008c400000, 0x000000008c500000, 0x000000008c500000|100%| O|  |TAMS 0x000000008c400000, 0x000000008c500000| Untracked 
|  49|0x000000008c500000, 0x000000008c600000, 0x000000008c600000|100%| O|  |TAMS 0x000000008c500000, 0x000000008c600000| Untracked 
|  50|0x000000008c600000, 0x000000008c700000, 0x000000008c700000|100%| O|  |TAMS 0x000000008c600000, 0x000000008c700000| Untracked 
|  51|0x000000008c700000, 0x000000008c800000, 0x000000008c800000|100%| O|  |TAMS 0x000000008c700000, 0x000000008c700000| Untracked 
|  52|0x000000008c800000, 0x000000008c900000, 0x000000008c900000|100%| O|  |TAMS 0x000000008c800000, 0x000000008c800000| Untracked 
|  53|0x000000008c900000, 0x000000008ca00000, 0x000000008ca00000|100%| O|  |TAMS 0x000000008c900000, 0x000000008c900000| Untracked 
|  54|0x000000008ca00000, 0x000000008cb00000, 0x000000008cb00000|100%| O|  |TAMS 0x000000008ca00000, 0x000000008ca00000| Untracked 
|  55|0x000000008cb00000, 0x000000008cb00000, 0x000000008cc00000|  0%| F|  |TAMS 0x000000008cb00000, 0x000000008cb00000| Untracked 
|  56|0x000000008cc00000, 0x000000008cc00000, 0x000000008cd00000|  0%| F|  |TAMS 0x000000008cc00000, 0x000000008cc00000| Untracked 
|  57|0x000000008cd00000, 0x000000008cd00000, 0x000000008ce00000|  0%| F|  |TAMS 0x000000008cd00000, 0x000000008cd00000| Untracked 
|  58|0x000000008ce00000, 0x000000008ce00000, 0x000000008cf00000|  0%| F|  |TAMS 0x000000008ce00000, 0x000000008ce00000| Untracked 
|  59|0x000000008cf00000, 0x000000008cf00000, 0x000000008d000000|  0%| F|  |TAMS 0x000000008cf00000, 0x000000008cf00000| Untracked 
|  60|0x000000008d000000, 0x000000008d000000, 0x000000008d100000|  0%| F|  |TAMS 0x000000008d000000, 0x000000008d000000| Untracked 
|  61|0x000000008d100000, 0x000000008d100000, 0x000000008d200000|  0%| F|  |TAMS 0x000000008d100000, 0x000000008d100000| Untracked 
|  62|0x000000008d200000, 0x000000008d200000, 0x000000008d300000|  0%| F|  |TAMS 0x000000008d200000, 0x000000008d200000| Untracked 
|  63|0x000000008d300000, 0x000000008d300000, 0x000000008d400000|  0%| F|  |TAMS 0x000000008d300000, 0x000000008d300000| Untracked 
|  64|0x000000008d400000, 0x000000008d400000, 0x000000008d500000|  0%| F|  |TAMS 0x000000008d400000, 0x000000008d400000| Untracked 
|  65|0x000000008d500000, 0x000000008d500000, 0x000000008d600000|  0%| F|  |TAMS 0x000000008d500000, 0x000000008d500000| Untracked 
|  66|0x000000008d600000, 0x000000008d600000, 0x000000008d700000|  0%| F|  |TAMS 0x000000008d600000, 0x000000008d600000| Untracked 
|  67|0x000000008d700000, 0x000000008d700000, 0x000000008d800000|  0%| F|  |TAMS 0x000000008d700000, 0x000000008d700000| Untracked 
|  68|0x000000008d800000, 0x000000008d800000, 0x000000008d900000|  0%| F|  |TAMS 0x000000008d800000, 0x000000008d800000| Untracked 
|  69|0x000000008d900000, 0x000000008d900000, 0x000000008da00000|  0%| F|  |TAMS 0x000000008d900000, 0x000000008d900000| Untracked 
|  70|0x000000008da00000, 0x000000008da00000, 0x000000008db00000|  0%| F|  |TAMS 0x000000008da00000, 0x000000008da00000| Untracked 
|  71|0x000000008db00000, 0x000000008db00000, 0x000000008dc00000|  0%| F|  |TAMS 0x000000008db00000, 0x000000008db00000| Untracked 
|  72|0x000000008dc00000, 0x000000008dcc1e40, 0x000000008dd00000| 75%| S|CS|TAMS 0x000000008dc00000, 0x000000008dc00000| Complete 
|  73|0x000000008dd00000, 0x000000008de00000, 0x000000008de00000|100%| S|CS|TAMS 0x000000008dd00000, 0x000000008dd00000| Complete 
|  74|0x000000008de00000, 0x000000008df00000, 0x000000008df00000|100%| S|CS|TAMS 0x000000008de00000, 0x000000008de00000| Complete 
|  75|0x000000008df00000, 0x000000008df00000, 0x000000008e000000|  0%| F|  |TAMS 0x000000008df00000, 0x000000008df00000| Untracked 
|  76|0x000000008e000000, 0x000000008e000000, 0x000000008e100000|  0%| F|  |TAMS 0x000000008e000000, 0x000000008e000000| Untracked 
|  77|0x000000008e100000, 0x000000008e100000, 0x000000008e200000|  0%| F|  |TAMS 0x000000008e100000, 0x000000008e100000| Untracked 
|  78|0x000000008e200000, 0x000000008e300000, 0x000000008e300000|100%| S|CS|TAMS 0x000000008e200000, 0x000000008e200000| Complete 
|  79|0x000000008e300000, 0x000000008e300000, 0x000000008e400000|  0%| F|  |TAMS 0x000000008e300000, 0x000000008e300000| Untracked 
|  80|0x000000008e400000, 0x000000008e400000, 0x000000008e500000|  0%| F|  |TAMS 0x000000008e400000, 0x000000008e400000| Untracked 
|  81|0x000000008e500000, 0x000000008e500000, 0x000000008e600000|  0%| F|  |TAMS 0x000000008e500000, 0x000000008e500000| Untracked 
|  82|0x000000008e600000, 0x000000008e600000, 0x000000008e700000|  0%| F|  |TAMS 0x000000008e600000, 0x000000008e600000| Untracked 
|  83|0x000000008e700000, 0x000000008e700000, 0x000000008e800000|  0%| F|  |TAMS 0x000000008e700000, 0x000000008e700000| Untracked 
|  84|0x000000008e800000, 0x000000008e800000, 0x000000008e900000|  0%| F|  |TAMS 0x000000008e800000, 0x000000008e800000| Untracked 
|  85|0x000000008e900000, 0x000000008e900000, 0x000000008ea00000|  0%| F|  |TAMS 0x000000008e900000, 0x000000008e900000| Untracked 
|  86|0x000000008ea00000, 0x000000008ea00000, 0x000000008eb00000|  0%| F|  |TAMS 0x000000008ea00000, 0x000000008ea00000| Untracked 
|  87|0x000000008eb00000, 0x000000008eb00000, 0x000000008ec00000|  0%| F|  |TAMS 0x000000008eb00000, 0x000000008eb00000| Untracked 
|  88|0x000000008ec00000, 0x000000008ec00000, 0x000000008ed00000|  0%| F|  |TAMS 0x000000008ec00000, 0x000000008ec00000| Untracked 
|  89|0x000000008ed00000, 0x000000008ed00000, 0x000000008ee00000|  0%| F|  |TAMS 0x000000008ed00000, 0x000000008ed00000| Untracked 
|  90|0x000000008ee00000, 0x000000008ee00000, 0x000000008ef00000|  0%| F|  |TAMS 0x000000008ee00000, 0x000000008ee00000| Untracked 
|  91|0x000000008ef00000, 0x000000008ef00000, 0x000000008f000000|  0%| F|  |TAMS 0x000000008ef00000, 0x000000008ef00000| Untracked 
|  92|0x000000008f000000, 0x000000008f000000, 0x000000008f100000|  0%| F|  |TAMS 0x000000008f000000, 0x000000008f000000| Untracked 
|  93|0x000000008f100000, 0x000000008f100000, 0x000000008f200000|  0%| F|  |TAMS 0x000000008f100000, 0x000000008f100000| Untracked 
|  94|0x000000008f200000, 0x000000008f200000, 0x000000008f300000|  0%| F|  |TAMS 0x000000008f200000, 0x000000008f200000| Untracked 
|  95|0x000000008f300000, 0x000000008f300000, 0x000000008f400000|  0%| F|  |TAMS 0x000000008f300000, 0x000000008f300000| Untracked 
|  96|0x000000008f400000, 0x000000008f400000, 0x000000008f500000|  0%| F|  |TAMS 0x000000008f400000, 0x000000008f400000| Untracked 
|  97|0x000000008f500000, 0x000000008f500000, 0x000000008f600000|  0%| F|  |TAMS 0x000000008f500000, 0x000000008f500000| Untracked 
|  98|0x000000008f600000, 0x000000008f600000, 0x000000008f700000|  0%| F|  |TAMS 0x000000008f600000, 0x000000008f600000| Untracked 
|  99|0x000000008f700000, 0x000000008f700000, 0x000000008f800000|  0%| F|  |TAMS 0x000000008f700000, 0x000000008f700000| Untracked 
| 100|0x000000008f800000, 0x000000008f800000, 0x000000008f900000|  0%| F|  |TAMS 0x000000008f800000, 0x000000008f800000| Untracked 
| 101|0x000000008f900000, 0x000000008f900000, 0x000000008fa00000|  0%| F|  |TAMS 0x000000008f900000, 0x000000008f900000| Untracked 
| 102|0x000000008fa00000, 0x000000008fa00000, 0x000000008fb00000|  0%| F|  |TAMS 0x000000008fa00000, 0x000000008fa00000| Untracked 
| 103|0x000000008fb00000, 0x000000008fb00000, 0x000000008fc00000|  0%| F|  |TAMS 0x000000008fb00000, 0x000000008fb00000| Untracked 
| 104|0x000000008fc00000, 0x000000008fc00000, 0x000000008fd00000|  0%| F|  |TAMS 0x000000008fc00000, 0x000000008fc00000| Untracked 
| 105|0x000000008fd00000, 0x000000008fd00000, 0x000000008fe00000|  0%| F|  |TAMS 0x000000008fd00000, 0x000000008fd00000| Untracked 
| 106|0x000000008fe00000, 0x000000008fe00000, 0x000000008ff00000|  0%| F|  |TAMS 0x000000008fe00000, 0x000000008fe00000| Untracked 
| 107|0x000000008ff00000, 0x000000008ff00000, 0x0000000090000000|  0%| F|  |TAMS 0x000000008ff00000, 0x000000008ff00000| Untracked 
| 108|0x0000000090000000, 0x0000000090000000, 0x0000000090100000|  0%| F|  |TAMS 0x0000000090000000, 0x0000000090000000| Untracked 
| 109|0x0000000090100000, 0x0000000090100000, 0x0000000090200000|  0%| F|  |TAMS 0x0000000090100000, 0x0000000090100000| Untracked 
| 110|0x0000000090200000, 0x0000000090200000, 0x0000000090300000|  0%| F|  |TAMS 0x0000000090200000, 0x0000000090200000| Untracked 
| 111|0x0000000090300000, 0x0000000090300000, 0x0000000090400000|  0%| F|  |TAMS 0x0000000090300000, 0x0000000090300000| Untracked 
| 112|0x0000000090400000, 0x0000000090400000, 0x0000000090500000|  0%| F|  |TAMS 0x0000000090400000, 0x0000000090400000| Untracked 
| 113|0x0000000090500000, 0x0000000090500000, 0x0000000090600000|  0%| F|  |TAMS 0x0000000090500000, 0x0000000090500000| Untracked 
| 114|0x0000000090600000, 0x0000000090600000, 0x0000000090700000|  0%| F|  |TAMS 0x0000000090600000, 0x0000000090600000| Untracked 
| 115|0x0000000090700000, 0x0000000090700000, 0x0000000090800000|  0%| F|  |TAMS 0x0000000090700000, 0x0000000090700000| Untracked 
| 116|0x0000000090800000, 0x0000000090800000, 0x0000000090900000|  0%| F|  |TAMS 0x0000000090800000, 0x0000000090800000| Untracked 
| 117|0x0000000090900000, 0x0000000090900000, 0x0000000090a00000|  0%| F|  |TAMS 0x0000000090900000, 0x0000000090900000| Untracked 
| 118|0x0000000090a00000, 0x0000000090a00000, 0x0000000090b00000|  0%| F|  |TAMS 0x0000000090a00000, 0x0000000090a00000| Untracked 
| 119|0x0000000090b00000, 0x0000000090b00000, 0x0000000090c00000|  0%| F|  |TAMS 0x0000000090b00000, 0x0000000090b00000| Untracked 

Card table byte_map: [0x000002057c850000,0x000002057cc10000] _byte_map_base: 0x000002057c406000

Marking Bits (Prev, Next): (CMBitMap*) 0x0000020569cd7ec0, (CMBitMap*) 0x0000020569cd7e80
 Prev Bits: [0x0000020500000000, 0x0000020501db0000)
 Next Bits: [0x000002057cfd0000, 0x000002057ed80000)

Polling page: 0x0000020569440000

Metaspace:

Usage:
  Non-class:     53.67 MB used.
      Class:      6.98 MB used.
       Both:     60.65 MB used.

Virtual space:
  Non-class space:       64.00 MB reserved,      53.81 MB ( 84%) committed,  1 nodes.
      Class space:        1.00 GB reserved,       7.12 MB ( <1%) committed,  1 nodes.
             Both:        1.06 GB reserved,      60.94 MB (  6%) committed. 

Chunk freelists:
   Non-Class:  9.39 MB
       Class:  8.89 MB
        Both:  18.28 MB

MaxMetaspaceSize: unlimited
CompressedClassSpaceSize: 1.00 GB
Initial GC threshold: 21.00 MB
Current GC threshold: 85.12 MB
CDS: off
MetaspaceReclaimPolicy: balanced
 - commit_granule_bytes: 65536.
 - commit_granule_words: 8192.
 - virtual_space_node_default_size: 8388608.
 - enlarge_chunks_in_place: 1.
 - new_chunks_are_fully_committed: 0.
 - uncommit_free_chunks: 1.
 - use_allocation_guard: 0.
 - handle_deallocations: 1.


Internal statistics:

num_allocs_failed_limit: 6.
num_arena_births: 256.
num_arena_deaths: 0.
num_vsnodes_births: 2.
num_vsnodes_deaths: 0.
num_space_committed: 973.
num_space_uncommitted: 0.
num_chunks_returned_to_freelist: 6.
num_chunks_taken_from_freelist: 2225.
num_chunk_merges: 6.
num_chunk_splits: 1789.
num_chunks_enlarged: 1567.
num_inconsistent_stats: 0.

CodeHeap 'non-profiled nmethods': size=120000Kb used=3950Kb max_used=3950Kb free=116049Kb
 bounds [0x0000020574c30000, 0x0000020575010000, 0x000002057c160000]
CodeHeap 'profiled nmethods': size=120000Kb used=24050Kb max_used=24050Kb free=95949Kb
 bounds [0x000002056d160000, 0x000002056e8e0000, 0x0000020574690000]
CodeHeap 'non-nmethods': size=5760Kb used=1298Kb max_used=1340Kb free=4461Kb
 bounds [0x0000020574690000, 0x0000020574900000, 0x0000020574c30000]
 total_blobs=9012 nmethods=8405 adapters=517
 compilation: enabled
              stopped_count=0, restarted_count=0
 full_count=0

Compilation events (20 events):
Event: 7.383 Thread 0x00000205080301d0 9347       3       org.jetbrains.kotlin.resolve.calls.tower.NoExplicitReceiverScopeTowerProcessor::recordLookups (146 bytes)
Event: 7.384 Thread 0x00000205080301d0 nmethod 9347 0x000002056e8cde10 code [0x000002056e8ce1c0, 0x000002056e8cfdd8]
Event: 7.384 Thread 0x00000205080301d0 9348       3       org.jetbrains.kotlin.resolve.calls.tower.KotlinToResolvedCallTransformer::runArgumentsChecks (420 bytes)
Event: 7.386 Thread 0x00000205080301d0 nmethod 9348 0x000002056e8d0510 code [0x000002056e8d0d00, 0x000002056e8d5d18]
Event: 7.386 Thread 0x00000205080301d0 9349       3       org.jetbrains.kotlin.psi.KtImportDirective::nameFromExpression (56 bytes)
Event: 7.387 Thread 0x00000205080301d0 nmethod 9349 0x000002056e8d7510 code [0x000002056e8d7780, 0x000002056e8d8158]
Event: 7.387 Thread 0x00000205080301d0 9350       3       org.jetbrains.kotlin.builtins.FunctionTypesKt::getReceiverTypeFromFunctionType (86 bytes)
Event: 7.388 Thread 0x00000205080301d0 nmethod 9350 0x000002056e8d8490 code [0x000002056e8d8740, 0x000002056e8d9438]
Event: 7.388 Thread 0x00000205080301d0 9351       3       org.jetbrains.kotlin.types.AbstractTypeApproximator::asCapturedType (18 bytes)
Event: 7.388 Thread 0x00000205080301d0 nmethod 9351 0x000002056e8d9810 code [0x000002056e8d9a20, 0x000002056e8da088]
Event: 7.388 Thread 0x00000205080301d0 9353       3       org.jetbrains.kotlin.resolve.FunctionDescriptorResolver::functionTypeExpected (20 bytes)
Event: 7.388 Thread 0x00000205080301d0 nmethod 9353 0x000002056e8da310 code [0x000002056e8da4e0, 0x000002056e8da818]
Event: 7.389 Thread 0x00000205080301d0 9354       3       kotlin.sequences.SequencesKt___SequencesKt::filter (26 bytes)
Event: 7.389 Thread 0x00000205080301d0 nmethod 9354 0x000002056e8da910 code [0x000002056e8daca0, 0x000002056e8dc178]
Event: 7.389 Thread 0x000002050913bc20 nmethod 9300 0x000002057500a510 code [0x000002057500a700, 0x000002057500ac58]
Event: 7.390 Thread 0x000002050913bc20 9302       4       org.jetbrains.kotlin.resolve.calls.tower.NewAbstractResolvedCall::getCall (8 bytes)
Event: 7.390 Thread 0x000002050913bc20 nmethod 9302 0x000002057500b390 code [0x000002057500b520, 0x000002057500b5f8]
Event: 7.390 Thread 0x000002050913bc20 9136       4       org.jetbrains.kotlin.parsing.AbstractKotlinParsing::eof (10 bytes)
Event: 7.391 Thread 0x000002050913bc20 nmethod 9136 0x000002057500b710 code [0x000002057500b8a0, 0x000002057500b9c8]
Event: 7.391 Thread 0x000002050913bc20 9352       4       org.jetbrains.kotlin.resolve.descriptorUtil.DescriptorUtilsKt::getModule (18 bytes)

GC Heap History (20 events):
Event: 2.905 GC heap after
{Heap after GC invocations=11 (full 0):
 garbage-first heap   total 59392K, used 23266K [0x0000000089400000, 0x0000000100000000)
  region size 1024K, 2 young (2048K), 2 survivors (2048K)
 Metaspace       used 44604K, committed 44864K, reserved 1114112K
  class space    used 5437K, committed 5568K, reserved 1048576K
}
Event: 3.253 GC heap before
{Heap before GC invocations=11 (full 0):
 garbage-first heap   total 59392K, used 44770K [0x0000000089400000, 0x0000000100000000)
  region size 1024K, 22 young (22528K), 2 survivors (2048K)
 Metaspace       used 47746K, committed 47936K, reserved 1114112K
  class space    used 5806K, committed 5888K, reserved 1048576K
}
Event: 3.264 GC heap after
{Heap after GC invocations=12 (full 0):
 garbage-first heap   total 72704K, used 28672K [0x0000000089400000, 0x0000000100000000)
  region size 1024K, 3 young (3072K), 3 survivors (3072K)
 Metaspace       used 47746K, committed 47936K, reserved 1114112K
  class space    used 5806K, committed 5888K, reserved 1048576K
}
Event: 3.486 GC heap before
{Heap before GC invocations=12 (full 0):
 garbage-first heap   total 72704K, used 52224K [0x0000000089400000, 0x0000000100000000)
  region size 1024K, 26 young (26624K), 3 survivors (3072K)
 Metaspace       used 50131K, committed 50304K, reserved 1114112K
  class space    used 6074K, committed 6144K, reserved 1048576K
}
Event: 3.499 GC heap after
{Heap after GC invocations=13 (full 0):
 garbage-first heap   total 72704K, used 33711K [0x0000000089400000, 0x0000000100000000)
  region size 1024K, 4 young (4096K), 4 survivors (4096K)
 Metaspace       used 50131K, committed 50304K, reserved 1114112K
  class space    used 6074K, committed 6144K, reserved 1048576K
}
Event: 3.574 GC heap before
{Heap before GC invocations=13 (full 0):
 garbage-first heap   total 72704K, used 53167K [0x0000000089400000, 0x0000000100000000)
  region size 1024K, 23 young (23552K), 4 survivors (4096K)
 Metaspace       used 50202K, committed 50368K, reserved 1114112K
  class space    used 6074K, committed 6144K, reserved 1048576K
}
Event: 3.582 GC heap after
{Heap after GC invocations=14 (full 0):
 garbage-first heap   total 72704K, used 35514K [0x0000000089400000, 0x0000000100000000)
  region size 1024K, 2 young (2048K), 2 survivors (2048K)
 Metaspace       used 50202K, committed 50368K, reserved 1114112K
  class space    used 6074K, committed 6144K, reserved 1048576K
}
Event: 3.767 GC heap before
{Heap before GC invocations=14 (full 0):
 garbage-first heap   total 72704K, used 53946K [0x0000000089400000, 0x0000000100000000)
  region size 1024K, 20 young (20480K), 2 survivors (2048K)
 Metaspace       used 51928K, committed 52096K, reserved 1114112K
  class space    used 6265K, committed 6336K, reserved 1048576K
}
Event: 3.773 GC heap after
{Heap after GC invocations=15 (full 0):
 garbage-first heap   total 72704K, used 37888K [0x0000000089400000, 0x0000000100000000)
  region size 1024K, 3 young (3072K), 3 survivors (3072K)
 Metaspace       used 51928K, committed 52096K, reserved 1114112K
  class space    used 6265K, committed 6336K, reserved 1048576K
}
Event: 4.225 GC heap before
{Heap before GC invocations=16 (full 0):
 garbage-first heap   total 72704K, used 56320K [0x0000000089400000, 0x0000000100000000)
  region size 1024K, 21 young (21504K), 3 survivors (3072K)
 Metaspace       used 53145K, committed 53376K, reserved 1114112K
  class space    used 6354K, committed 6464K, reserved 1048576K
}
Event: 4.237 GC heap after
{Heap after GC invocations=17 (full 0):
 garbage-first heap   total 72704K, used 42187K [0x0000000089400000, 0x0000000100000000)
  region size 1024K, 3 young (3072K), 3 survivors (3072K)
 Metaspace       used 53145K, committed 53376K, reserved 1114112K
  class space    used 6354K, committed 6464K, reserved 1048576K
}
Event: 4.254 GC heap before
{Heap before GC invocations=17 (full 0):
 garbage-first heap   total 72704K, used 42187K [0x0000000089400000, 0x0000000100000000)
  region size 1024K, 4 young (4096K), 3 survivors (3072K)
 Metaspace       used 53286K, committed 53504K, reserved 1114112K
  class space    used 6361K, committed 6464K, reserved 1048576K
}
Event: 4.262 GC heap after
{Heap after GC invocations=18 (full 0):
 garbage-first heap   total 112640K, used 41455K [0x0000000089400000, 0x0000000100000000)
  region size 1024K, 1 young (1024K), 1 survivors (1024K)
 Metaspace       used 53286K, committed 53504K, reserved 1114112K
  class space    used 6361K, committed 6464K, reserved 1048576K
}
Event: 5.108 GC heap before
{Heap before GC invocations=18 (full 0):
 garbage-first heap   total 112640K, used 80367K [0x0000000089400000, 0x0000000100000000)
  region size 1024K, 39 young (39936K), 1 survivors (1024K)
 Metaspace       used 55724K, committed 56000K, reserved 1114112K
  class space    used 6562K, committed 6656K, reserved 1048576K
}
Event: 5.122 GC heap after
{Heap after GC invocations=19 (full 0):
 garbage-first heap   total 112640K, used 46755K [0x0000000089400000, 0x0000000100000000)
  region size 1024K, 5 young (5120K), 5 survivors (5120K)
 Metaspace       used 55724K, committed 56000K, reserved 1114112K
  class space    used 6562K, committed 6656K, reserved 1048576K
}
Event: 5.852 GC heap before
{Heap before GC invocations=19 (full 0):
 garbage-first heap   total 112640K, used 82595K [0x0000000089400000, 0x0000000100000000)
  region size 1024K, 40 young (40960K), 5 survivors (5120K)
 Metaspace       used 59234K, committed 59456K, reserved 1114112K
  class space    used 6966K, committed 7040K, reserved 1048576K
}
Event: 5.869 GC heap after
{Heap after GC invocations=20 (full 0):
 garbage-first heap   total 112640K, used 52145K [0x0000000089400000, 0x0000000100000000)
  region size 1024K, 5 young (5120K), 5 survivors (5120K)
 Metaspace       used 59234K, committed 59456K, reserved 1114112K
  class space    used 6966K, committed 7040K, reserved 1048576K
}
Event: 6.641 GC heap before
{Heap before GC invocations=20 (full 0):
 garbage-first heap   total 112640K, used 84913K [0x0000000089400000, 0x0000000100000000)
  region size 1024K, 37 young (37888K), 5 survivors (5120K)
 Metaspace       used 61083K, committed 61376K, reserved 1114112K
  class space    used 7098K, committed 7232K, reserved 1048576K
}
Event: 6.653 GC heap after
{Heap after GC invocations=21 (full 0):
 garbage-first heap   total 112640K, used 56243K [0x0000000089400000, 0x0000000100000000)
  region size 1024K, 4 young (4096K), 4 survivors (4096K)
 Metaspace       used 61083K, committed 61376K, reserved 1114112K
  class space    used 7098K, committed 7232K, reserved 1048576K
}
Event: 7.392 GC heap before
{Heap before GC invocations=21 (full 0):
 garbage-first heap   total 112640K, used 87987K [0x0000000089400000, 0x0000000100000000)
  region size 1024K, 35 young (35840K), 4 survivors (4096K)
 Metaspace       used 62100K, committed 62400K, reserved 1114112K
  class space    used 7144K, committed 7296K, reserved 1048576K
}

Dll operation events (2 events):
Event: 0.008 Loaded shared library C:\Program Files\Android\Android Studio\jbr\bin\java.dll
Event: 1.463 Loaded shared library C:\Program Files\Android\Android Studio\jbr\bin\verify.dll

Deoptimization events (20 events):
Event: 7.358 Thread 0x0000020569c7f320 Uncommon trap: trap_request=0xffffffde fr.pc=0x0000020574ffdeec relative=0x00000000000003ec
Event: 7.358 Thread 0x0000020569c7f320 Uncommon trap: reason=class_check action=maybe_recompile pc=0x0000020574ffdeec method=org.jetbrains.kotlin.resolve.calls.components.candidate.ResolutionCandidate.getResolutionSequence()Ljava/util/List; @ 7 c2
Event: 7.358 Thread 0x0000020569c7f320 DEOPT PACKING pc=0x0000020574ffdeec sp=0x0000008fbf2f0220
Event: 7.358 Thread 0x0000020569c7f320 DEOPT UNPACKING pc=0x00000205746e69a3 sp=0x0000008fbf2f0128 mode 2
Event: 7.358 Thread 0x0000020569c7f320 Uncommon trap: trap_request=0xffffffde fr.pc=0x0000020574f6012c relative=0x000000000000008c
Event: 7.358 Thread 0x0000020569c7f320 Uncommon trap: reason=class_check action=maybe_recompile pc=0x0000020574f6012c method=org.jetbrains.kotlin.resolve.calls.components.candidate.ResolutionCandidate.getResolutionSequence()Ljava/util/List; @ 7 c2
Event: 7.358 Thread 0x0000020569c7f320 DEOPT PACKING pc=0x0000020574f6012c sp=0x0000008fbf2f0250
Event: 7.358 Thread 0x0000020569c7f320 DEOPT UNPACKING pc=0x00000205746e69a3 sp=0x0000008fbf2f01d8 mode 2
Event: 7.358 Thread 0x0000020569c7f320 Uncommon trap: trap_request=0xffffffde fr.pc=0x0000020574f6012c relative=0x000000000000008c
Event: 7.358 Thread 0x0000020569c7f320 Uncommon trap: reason=class_check action=maybe_recompile pc=0x0000020574f6012c method=org.jetbrains.kotlin.resolve.calls.components.candidate.ResolutionCandidate.getResolutionSequence()Ljava/util/List; @ 7 c2
Event: 7.358 Thread 0x0000020569c7f320 DEOPT PACKING pc=0x0000020574f6012c sp=0x0000008fbf2f0250
Event: 7.358 Thread 0x0000020569c7f320 DEOPT UNPACKING pc=0x00000205746e69a3 sp=0x0000008fbf2f01d8 mode 2
Event: 7.358 Thread 0x0000020569c7f320 Uncommon trap: trap_request=0xffffffde fr.pc=0x0000020574f6012c relative=0x000000000000008c
Event: 7.358 Thread 0x0000020569c7f320 Uncommon trap: reason=class_check action=maybe_recompile pc=0x0000020574f6012c method=org.jetbrains.kotlin.resolve.calls.components.candidate.ResolutionCandidate.getResolutionSequence()Ljava/util/List; @ 7 c2
Event: 7.358 Thread 0x0000020569c7f320 DEOPT PACKING pc=0x0000020574f6012c sp=0x0000008fbf2f0250
Event: 7.358 Thread 0x0000020569c7f320 DEOPT UNPACKING pc=0x00000205746e69a3 sp=0x0000008fbf2f01d8 mode 2
Event: 7.358 Thread 0x0000020569c7f320 Uncommon trap: trap_request=0xffffffde fr.pc=0x0000020574ffdeec relative=0x00000000000003ec
Event: 7.358 Thread 0x0000020569c7f320 Uncommon trap: reason=class_check action=maybe_recompile pc=0x0000020574ffdeec method=org.jetbrains.kotlin.resolve.calls.components.candidate.ResolutionCandidate.getResolutionSequence()Ljava/util/List; @ 7 c2
Event: 7.358 Thread 0x0000020569c7f320 DEOPT PACKING pc=0x0000020574ffdeec sp=0x0000008fbf2f0220
Event: 7.358 Thread 0x0000020569c7f320 DEOPT UNPACKING pc=0x00000205746e69a3 sp=0x0000008fbf2f0128 mode 2

Classes unloaded (0 events):
No events

Classes redefined (0 events):
No events

Internal exceptions (20 events):
Event: 2.153 Thread 0x0000020569c7f320 Exception <a 'java/lang/NoSuchMethodError'{0x000000008ba4cc18}: 'java.lang.Object java.lang.invoke.DirectMethodHandle$Holder.invokeVirtual(java.lang.Object, java.lang.Object, java.lang.Object)'> (0x000000008ba4cc18) 
thrown [s\src\hotspot\share\interpreter\linkResolver.cpp, line 771]
Event: 2.703 Thread 0x0000020569c7f320 Exception <a 'java/lang/NoSuchMethodError'{0x000000008c15a8f8}: 'java.lang.Object java.lang.invoke.DirectMethodHandle$Holder.newInvokeSpecial(java.lang.Object, java.lang.Object, int)'> (0x000000008c15a8f8) 
thrown [s\src\hotspot\share\interpreter\linkResolver.cpp, line 771]
Event: 2.757 Thread 0x0000020569c7f320 Implicit null exception at 0x0000020574d5ee50 to 0x0000020574d5ef1c
Event: 2.822 Thread 0x0000020569c7f320 Implicit null exception at 0x0000020574d5f2cc to 0x0000020574d5f3a8
Event: 2.855 Thread 0x0000020569c7f320 Exception <a 'java/lang/NoSuchMethodError'{0x000000008bceb4e8}: 'java.lang.Object java.lang.invoke.DirectMethodHandle$Holder.newInvokeSpecial(java.lang.Object, java.lang.Object, java.lang.Object, int)'> (0x000000008bceb4e8) 
thrown [s\src\hotspot\share\interpreter\linkResolver.cpp, line 771]
Event: 2.856 Thread 0x0000020569c7f320 Exception <a 'java/lang/NoSuchMethodError'{0x000000008bcefb70}: 'java.lang.Object java.lang.invoke.DirectMethodHandle$Holder.invokeSpecial(java.lang.Object, java.lang.Object, java.lang.Object, java.lang.Object, int)'> (0x000000008bcefb70) 
thrown [s\src\hotspot\share\interpreter\linkResolver.cpp, line 771]
Event: 2.856 Thread 0x0000020569c7f320 Exception <a 'java/lang/NoSuchMethodError'{0x000000008bcf39e0}: 'java.lang.Object java.lang.invoke.Invokers$Holder.linkToTargetMethod(java.lang.Object, java.lang.Object, int, java.lang.Object)'> (0x000000008bcf39e0) 
thrown [s\src\hotspot\share\interpreter\linkResolver.cpp, line 771]
Event: 3.398 Thread 0x0000020569c7f320 Exception <a 'java/lang/NoSuchMethodError'{0x000000008d39a020}: 'java.lang.Object java.lang.invoke.DirectMethodHandle$Holder.newInvokeSpecial(java.lang.Object, java.lang.Object, java.lang.Object, java.lang.Object, java.lang.Object, java.lang.Object)'> (0x000000008d39a020) 
thrown [s\src\hotspot\share\interpreter\linkResolver.cpp, line 771]
Event: 3.610 Thread 0x0000020569c7f320 Implicit null exception at 0x0000020574dbf50a to 0x0000020574dbf768
Event: 3.710 Thread 0x0000020569c7f320 Implicit null exception at 0x0000020574c8580e to 0x0000020574c85a64
Event: 4.269 Thread 0x0000020569c7f320 Exception <a 'java/lang/NoSuchMethodError'{0x0000000090b3bca0}: 'java.lang.Object java.lang.invoke.DirectMethodHandle$Holder.invokeStaticInit(java.lang.Object, java.lang.Object, java.lang.Object)'> (0x0000000090b3bca0) 
thrown [s\src\hotspot\share\interpreter\linkResolver.cpp, line 771]
Event: 4.951 Thread 0x0000020569c7f320 Exception <a 'java/lang/NoSuchMethodError'{0x000000008e120608}: 'int java.lang.invoke.DirectMethodHandle$Holder.invokeStaticInit(java.lang.Object, int)'> (0x000000008e120608) 
thrown [s\src\hotspot\share\interpreter\linkResolver.cpp, line 771]
Event: 5.585 Thread 0x0000020569c7f320 Exception <a 'java/lang/NoSuchMethodError'{0x000000008e80a370}: 'java.lang.Object java.lang.invoke.DirectMethodHandle$Holder.invokeInterface(java.lang.Object, java.lang.Object, java.lang.Object)'> (0x000000008e80a370) 
thrown [s\src\hotspot\share\interpreter\linkResolver.cpp, line 771]
Event: 5.586 Thread 0x0000020569c7f320 Exception <a 'java/lang/IncompatibleClassChangeError'{0x000000008e80f770}: Found class java.lang.Object, but interface was expected> (0x000000008e80f770) 
thrown [s\src\hotspot\share\interpreter\linkResolver.cpp, line 838]
Event: 5.760 Thread 0x0000020569c7f320 Implicit null exception at 0x0000020574ecd1bc to 0x0000020574ecd974
Event: 5.926 Thread 0x0000020569c7f320 Exception <a 'java/lang/NoSuchMethodError'{0x000000008f9a5f08}: 'java.lang.Object java.lang.invoke.DirectMethodHandle$Holder.newInvokeSpecial(java.lang.Object, int, java.lang.Object)'> (0x000000008f9a5f08) 
thrown [s\src\hotspot\share\interpreter\linkResolver.cpp, line 771]
Event: 5.927 Thread 0x0000020569c7f320 Exception <a 'java/lang/NoSuchMethodError'{0x000000008f9acb08}: 'int java.lang.invoke.DirectMethodHandle$Holder.invokeInterface(java.lang.Object, java.lang.Object)'> (0x000000008f9acb08) 
thrown [s\src\hotspot\share\interpreter\linkResolver.cpp, line 771]
Event: 6.190 Thread 0x0000020569c7f320 Exception <a 'java/lang/NoSuchMethodError'{0x000000008ed677a8}: 'java.lang.Object java.lang.invoke.DirectMethodHandle$Holder.newInvokeSpecial(java.lang.Object, java.lang.Object, java.lang.Object, java.lang.Object, java.lang.Object, java.lang.Object, java.lang.Object)'> (0x000000008ed677a8) 
thrown [s\src\hotspot\share\interpreter\linkResolver.cpp, line 771]
Event: 6.190 Thread 0x0000020569c7f320 Exception <a 'java/lang/NoSuchMethodError'{0x000000008ed6c360}: 'java.lang.Object java.lang.invoke.Invokers$Holder.linkToTargetMethod(java.lang.Object, java.lang.Object, java.lang.Object, java.lang.Object, java.lang.Object, java.lang.Object, java.lang.Object)'> (0x000000008ed6c360) 
thrown [s\src\hotspot\share\interpreter\linkResolver.cpp, line 771]
Event: 7.079 Thread 0x0000020569c7f320 Exception <a 'java/lang/NoSuchMethodError'{0x000000008f1da130}: 'java.lang.Object java.lang.invoke.DirectMethodHandle$Holder.invokeStatic(java.lang.Object, int, java.lang.Object)'> (0x000000008f1da130) 
thrown [s\src\hotspot\share\interpreter\linkResolver.cpp, line 771]

VM Operations (20 events):
Event: 6.653 Executing VM operation: G1CollectForAllocation done
Event: 6.783 Executing VM operation: ICBufferFull
Event: 6.783 Executing VM operation: ICBufferFull done
Event: 6.926 Executing VM operation: ICBufferFull
Event: 6.926 Executing VM operation: ICBufferFull done
Event: 7.026 Executing VM operation: HandshakeAllThreads
Event: 7.026 Executing VM operation: HandshakeAllThreads done
Event: 7.031 Executing VM operation: ICBufferFull
Event: 7.031 Executing VM operation: ICBufferFull done
Event: 7.081 Executing VM operation: HandshakeAllThreads
Event: 7.081 Executing VM operation: HandshakeAllThreads done
Event: 7.124 Executing VM operation: ICBufferFull
Event: 7.124 Executing VM operation: ICBufferFull done
Event: 7.215 Executing VM operation: ICBufferFull
Event: 7.216 Executing VM operation: ICBufferFull done
Event: 7.348 Executing VM operation: HandshakeAllThreads
Event: 7.348 Executing VM operation: HandshakeAllThreads done
Event: 7.358 Executing VM operation: ICBufferFull
Event: 7.358 Executing VM operation: ICBufferFull done
Event: 7.392 Executing VM operation: G1CollectForAllocation

Events (20 events):
Event: 5.184 loading class jdk/internal/math/FloatingDecimal$1 done
Event: 5.184 loading class jdk/internal/math/FloatingDecimal$PreparedASCIIToBinaryBuffer
Event: 5.184 loading class jdk/internal/math/FloatingDecimal$ASCIIToBinaryConverter
Event: 5.184 loading class jdk/internal/math/FloatingDecimal$ASCIIToBinaryConverter done
Event: 5.184 loading class jdk/internal/math/FloatingDecimal$PreparedASCIIToBinaryBuffer done
Event: 5.184 loading class jdk/internal/math/FloatingDecimal$ASCIIToBinaryBuffer
Event: 5.185 loading class jdk/internal/math/FloatingDecimal$ASCIIToBinaryBuffer done
Event: 5.229 loading class java/util/regex/Pattern$Bound
Event: 5.229 loading class java/util/regex/Pattern$Bound done
Event: 5.229 loading class java/util/regex/Pattern$LookBehindEndNode
Event: 5.229 loading class java/util/regex/Pattern$LookBehindEndNode done
Event: 5.229 loading class java/util/regex/Pattern$NotBehind
Event: 5.229 loading class java/util/regex/Pattern$NotBehind done
Event: 5.740 loading class java/util/function/ToIntFunction
Event: 5.740 loading class java/util/function/ToIntFunction done
Event: 6.186 loading class java/util/Collections$CopiesList
Event: 6.187 loading class java/util/Collections$CopiesList done
Event: 6.331 Thread 0x0000020508032fd0 flushing nmethod 0x000002056d882a10
Event: 6.332 Thread 0x0000020508032fd0 flushing nmethod 0x000002056d964290
Event: 6.336 Thread 0x0000020508032fd0 flushing nmethod 0x000002056dd0f110


Dynamic libraries:
0x00007ff6084a0000 - 0x00007ff6084aa000 	C:\Program Files\Android\Android Studio\jbr\bin\java.exe
0x00007ffd618d0000 - 0x00007ffd61ac8000 	C:\WINDOWS\SYSTEM32\ntdll.dll
0x00007ffd5fd80000 - 0x00007ffd5fe3d000 	C:\WINDOWS\System32\KERNEL32.DLL
0x00007ffd5f180000 - 0x00007ffd5f476000 	C:\WINDOWS\System32\KERNELBASE.dll
0x00007ffd5f7e0000 - 0x00007ffd5f8e0000 	C:\WINDOWS\System32\ucrtbase.dll
0x00007ffd52230000 - 0x00007ffd5224b000 	C:\Program Files\Android\Android Studio\jbr\bin\VCRUNTIME140.dll
0x00007ffd51650000 - 0x00007ffd51667000 	C:\Program Files\Android\Android Studio\jbr\bin\jli.dll
0x00007ffd604e0000 - 0x00007ffd6067f000 	C:\WINDOWS\System32\USER32.dll
0x00007ffd4ef40000 - 0x00007ffd4f1da000 	C:\WINDOWS\WinSxS\amd64_microsoft.windows.common-controls_6595b64144ccf1df_6.0.19041.4355_none_60b8b9eb71f62e16\COMCTL32.dll
0x00007ffd5efd0000 - 0x00007ffd5eff2000 	C:\WINDOWS\System32\win32u.dll
0x00007ffd60360000 - 0x00007ffd6038b000 	C:\WINDOWS\System32\GDI32.dll
0x00007ffd60680000 - 0x00007ffd6071e000 	C:\WINDOWS\System32\msvcrt.dll
0x00007ffd5f480000 - 0x00007ffd5f597000 	C:\WINDOWS\System32\gdi32full.dll
0x00007ffd5f000000 - 0x00007ffd5f09d000 	C:\WINDOWS\System32\msvcp_win.dll
0x00007ffd60390000 - 0x00007ffd603bf000 	C:\WINDOWS\System32\IMM32.DLL
0x00007ffd57e10000 - 0x00007ffd57e1c000 	C:\Program Files\Android\Android Studio\jbr\bin\vcruntime140_1.dll
0x00007ffd29910000 - 0x00007ffd2999d000 	C:\Program Files\Android\Android Studio\jbr\bin\msvcp140.dll
0x00007ffd16150000 - 0x00007ffd16dd3000 	C:\Program Files\Android\Android Studio\jbr\bin\server\jvm.dll
0x00007ffd5fe40000 - 0x00007ffd5fef0000 	C:\WINDOWS\System32\ADVAPI32.dll
0x00007ffd5fb50000 - 0x00007ffd5fbf0000 	C:\WINDOWS\System32\sechost.dll
0x00007ffd5fa20000 - 0x00007ffd5fb43000 	C:\WINDOWS\System32\RPCRT4.dll
0x00007ffd5f7b0000 - 0x00007ffd5f7d7000 	C:\WINDOWS\System32\bcrypt.dll
0x00007ffd59b60000 - 0x00007ffd59b69000 	C:\WINDOWS\SYSTEM32\WSOCK32.dll
0x00007ffd553d0000 - 0x00007ffd553f7000 	C:\WINDOWS\SYSTEM32\WINMM.dll
0x00007ffd5e930000 - 0x00007ffd5e97b000 	C:\WINDOWS\SYSTEM32\POWRPROF.dll
0x00007ffd60470000 - 0x00007ffd604db000 	C:\WINDOWS\System32\WS2_32.dll
0x00007ffd55400000 - 0x00007ffd5540a000 	C:\WINDOWS\SYSTEM32\VERSION.dll
0x00007ffd5e910000 - 0x00007ffd5e922000 	C:\WINDOWS\SYSTEM32\UMPDC.dll
0x00007ffd5cdc0000 - 0x00007ffd5cdd2000 	C:\WINDOWS\SYSTEM32\kernel.appcore.dll
0x00007ffd597c0000 - 0x00007ffd597ca000 	C:\Program Files\Android\Android Studio\jbr\bin\jimage.dll
0x00007ffd524f0000 - 0x00007ffd526d4000 	C:\WINDOWS\SYSTEM32\DBGHELP.DLL
0x00007ffd4a4b0000 - 0x00007ffd4a4e4000 	C:\WINDOWS\SYSTEM32\dbgcore.DLL
0x00007ffd5f0f0000 - 0x00007ffd5f172000 	C:\WINDOWS\System32\bcryptPrimitives.dll
0x00007ffd585d0000 - 0x00007ffd585f5000 	C:\Program Files\Android\Android Studio\jbr\bin\java.dll
0x00007ffd58470000 - 0x00007ffd58488000 	C:\Program Files\Android\Android Studio\jbr\bin\zip.dll
0x00007ffd60780000 - 0x00007ffd60eec000 	C:\WINDOWS\System32\SHELL32.dll
0x00007ffd5cfe0000 - 0x00007ffd5d77d000 	C:\WINDOWS\SYSTEM32\windows.storage.dll
0x00007ffd60fa0000 - 0x00007ffd612f3000 	C:\WINDOWS\System32\combase.dll
0x00007ffd5e980000 - 0x00007ffd5e9ae000 	C:\WINDOWS\SYSTEM32\Wldp.dll
0x00007ffd61580000 - 0x00007ffd6164d000 	C:\WINDOWS\System32\OLEAUT32.dll
0x00007ffd60ef0000 - 0x00007ffd60f9d000 	C:\WINDOWS\System32\SHCORE.dll
0x00007ffd60720000 - 0x00007ffd60775000 	C:\WINDOWS\System32\shlwapi.dll
0x00007ffd5ee90000 - 0x00007ffd5eeb4000 	C:\WINDOWS\SYSTEM32\profapi.dll
0x00007ffd58450000 - 0x00007ffd58469000 	C:\Program Files\Android\Android Studio\jbr\bin\net.dll
0x00007ffd5be30000 - 0x00007ffd5bf3a000 	C:\WINDOWS\SYSTEM32\WINHTTP.dll
0x00007ffd5e670000 - 0x00007ffd5e6da000 	C:\WINDOWS\system32\mswsock.dll
0x00007ffd582c0000 - 0x00007ffd582d6000 	C:\Program Files\Android\Android Studio\jbr\bin\nio.dll
0x00007ffd582b0000 - 0x00007ffd582c0000 	C:\Program Files\Android\Android Studio\jbr\bin\verify.dll

dbghelp: loaded successfully - version: 4.0.5 - missing functions: none
symbol engine: initialized successfully - sym options: 0x614 - pdb path: .;C:\Program Files\Android\Android Studio\jbr\bin;C:\WINDOWS\SYSTEM32;C:\WINDOWS\WinSxS\amd64_microsoft.windows.common-controls_6595b64144ccf1df_6.0.19041.4355_none_60b8b9eb71f62e16;C:\Program Files\Android\Android Studio\jbr\bin\server

VM Arguments:
java_command: org.jetbrains.kotlin.cli.jvm.K2JVMCompiler @C:\Users\irese\StudioProjects\SchoolApp\app\build\20240710_16087437435935497994.compiler.options
java_class_path (initial): C:\Users\irese\.gradle\caches\modules-2\files-2.1\org.jetbrains.kotlin\kotlin-compiler-embeddable\1.9.0\2c8c3a7402becca891f12739b3e9fd2dc2adbd7a\kotlin-compiler-embeddable-1.9.0.jar;C:\Users\irese\.gradle\caches\modules-2\files-2.1\org.jetbrains.kotlin\kotlin-stdlib\1.9.0\8ee15ef0c67dc83d874f412d84378d7f0eb50b63\kotlin-stdlib-1.9.0.jar;C:\Users\irese\.gradle\caches\modules-2\files-2.1\org.jetbrains.kotlin\kotlin-script-runtime\1.9.0\4b3102cbbb7e1b58d9d1adf89563f00069ffa7d1\kotlin-script-runtime-1.9.0.jar;C:\Users\irese\.gradle\caches\modules-2\files-2.1\org.jetbrains.kotlin\kotlin-reflect\1.6.10\1cbe9c92c12a94eea200d23c2bbaedaf3daf5132\kotlin-reflect-1.6.10.jar;C:\Users\irese\.gradle\caches\modules-2\files-2.1\org.jetbrains.kotlin\kotlin-daemon-embeddable\1.9.0\186543f5e28cf8d9a0290fecc2cf34301c40a65c\kotlin-daemon-embeddable-1.9.0.jar;C:\Users\irese\.gradle\caches\modules-2\files-2.1\org.jetbrains.intellij.deps\trove4j\1.0.20200330\3afb14d5f9ceb459d724e907a21145e8ff394f02\trove4j-1.0.20200330.jar;C:\Users\irese\.gradle\caches\modules-2\files-2.1\org.jetbrains.kotlin\kotlin-stdlib-common\1.9.0\cd65c21cfd1eec4d44ef09f9f52b6d9f8a720636\kotlin-stdlib-common-1.9.0.jar;C:\Users\irese\.gradle\caches\modules-2\files-2.1\org.jetbrains\annotations\13.0\919f0dfe192fb4e063e7dacadee7f8bb9a2672a9\annotations-13.0.jar
Launcher Type: SUN_STANDARD

[Global flags]
     intx CICompilerCount                          = 4                                         {product} {ergonomic}
     uint ConcGCThreads                            = 2                                         {product} {ergonomic}
     uint G1ConcRefinementThreads                  = 8                                         {product} {ergonomic}
   size_t G1HeapRegionSize                         = 1048576                                   {product} {ergonomic}
    uintx GCDrainStackTargetSize                   = 64                                        {product} {ergonomic}
   size_t InitialHeapSize                          = 125829120                                 {product} {ergonomic}
   size_t MarkStackSize                            = 4194304                                   {product} {ergonomic}
   size_t MaxHeapSize                              = 1992294400                                {product} {ergonomic}
   size_t MaxNewSize                               = 1195376640                                {product} {ergonomic}
   size_t MinHeapDeltaBytes                        = 1048576                                   {product} {ergonomic}
   size_t MinHeapSize                              = 8388608                                   {product} {ergonomic}
    uintx NonNMethodCodeHeapSize                   = 5839372                                {pd product} {ergonomic}
    uintx NonProfiledCodeHeapSize                  = 122909434                              {pd product} {ergonomic}
    uintx ProfiledCodeHeapSize                     = 122909434                              {pd product} {ergonomic}
    uintx ReservedCodeCacheSize                    = 251658240                              {pd product} {ergonomic}
     bool SegmentedCodeCache                       = true                                      {product} {ergonomic}
   size_t SoftMaxHeapSize                          = 1992294400                             {manageable} {ergonomic}
     bool UseCompressedClassPointers               = true                           {product lp64_product} {ergonomic}
     bool UseCompressedOops                        = true                           {product lp64_product} {ergonomic}
     bool UseG1GC                                  = true                                      {product} {ergonomic}
     bool UseLargePagesIndividualAllocation        = false                                  {pd product} {ergonomic}

Logging:
Log output configuration:
 #0: stdout all=warning uptime,level,tags
 #1: stderr all=off uptime,level,tags

Environment Variables:
JAVA_HOME=C:\Program Files\Java\jdk-17
PATH=C:\ProgramData\Oracle\Java\javapath;C:\Program Files (x86)\NVIDIA Corporation\PhysX\Common;C:\Program Files\Common Files\Oracle\Java\javapath;C:\WINDOWS\system32;C:\WINDOWS;C:\WINDOWS\System32\Wbem;C:\WINDOWS\System32\WindowsPowerShell\v1.0\;C:\WINDOWS\System32\OpenSSH\;C:\Program Files (x86)\Windows Kits\10\Windows Performance Toolkit\;C:\Program Files\nodejs\;C:\Program Files\Java\jdk-17\bin;C:\apache-tomcat-8.5.95\bin;C:\Program Files\Microsoft SQL Server\150\Tools\Binn\;C:\Program Files\Microsoft SQL Server\Client SDK\ODBC\170\Tools\Binn\;C:\Program Files\dotnet\;C:\Program Files\Git\cmd;C:\Program Files\MySQL\MySQL Shell 8.0\bin\;C:\Users\irese\AppData\Local\Microsoft\WindowsApps;C:\Program Files\JetBrains\CLion 2023.3.1\bin;;C:\Users\irese\AppData\Local\Programs\Microsoft VS Code\bin;C:\msys64\ucrt64\bin;C:\Program Files\JetBrains\IntelliJ IDEA 2023.3.2\bin;;C:\Users\irese\AppData\Roaming\npm;C:\Program Files\JetBrains\WebStorm 2023.2.2\bin;;C:\Program Files\JetBrains\IntelliJ IDEA Community Edition 2023.2.3\bin;;C:\Users\irese\.dotnet\tools;C:\Users\irese\AppData\Local\GitHubDesktop\bin;C:\flutter\bin;;C:\Program Files\JetBrains\PyCharm 2024.1.3\bin;
USERNAME=irese
OS=Windows_NT
PROCESSOR_IDENTIFIER=AMD64 Family 23 Model 96 Stepping 1, AuthenticAMD
TMP=C:\Users\irese\AppData\Local\Temp
TEMP=C:\Users\irese\AppData\Local\Temp



Periodic native trim disabled

JNI global refs:
JNI global refs: 12, weak refs: 2

JNI global refs memory usage: 843, weak refs: 841

OOME stack traces (most recent first):
Classloader memory used:
Loader jdk.internal.loader.ClassLoaders$AppClassLoader                                 : 6360K
Loader bootstrap                                                                       : 1334K
Loader java.net.URLClassLoader                                                         : 51330B
Loader jdk.internal.reflect.DelegatingClassLoader                                      : 17931B


---------------  S Y S T E M  ---------------

OS:
 Windows 10 , 64 bit Build 19041 (10.0.19041.3636)
OS uptime: 0 days 18:59 hours

CPU: total 8 (initial active 8) (8 cores per cpu, 1 threads per core) family 23 model 96 stepping 1 microcode 0x0, cx8, cmov, fxsr, mmx, 3dnowpref, sse, sse2, sse3, ssse3, sse4a, sse4.1, sse4.2, popcnt, lzcnt, tsc, tscinvbit, avx, avx2, aes, clmul, bmi1, bmi2, adx, sha, fma, vzeroupper, clflush, clflushopt
Processor Information for all 8 processors :
  Max Mhz: 2000, Current Mhz: 2000, Mhz Limit: 2000

Memory: 4k page, system-wide physical 7599M (351M free)
TotalPageFile size 31151M (AvailPageFile size 71M)
current process WorkingSet (physical memory assigned to process): 279M, peak: 282M
current process commit charge ("private bytes"): 326M, peak: 427M

vm_info: OpenJDK 64-Bit Server VM (17.0.9+0--11185874) for windows-amd64 JRE (17.0.9+0--11185874), built on Dec  6 2023 18:57:44 by "androidbuild" with MS VC++ 16.10 / 16.11 (VS2019)

END.
