#
# There is insufficient memory for the Java Runtime Environment to continue.
# Native memory allocation (mmap) failed to map 113246208 bytes for G1 virtual space
# Possible reasons:
#   The system is out of physical RAM or swap space
#   The process is running with CompressedOops enabled, and the Java Heap may be blocking the growth of the native heap
# Possible solutions:
#   Reduce memory load on the system
#   Increase physical memory or swap space
#   Check if swap backing store is full
#   Decrease Java heap size (-Xmx/-Xms)
#   Decrease number of Java threads
#   Decrease Java thread stack sizes (-Xss)
#   Set larger code cache with -XX:ReservedCodeCacheSize=
#   JVM is running with Unscaled Compressed Oops mode in which the Java heap is
#     placed in the first 4GB address space. The Java Heap base address is the
#     maximum limit for the native heap growth. Please use -XX:HeapBaseMinAddress
#     to set the Java Heap base and to place the Java Heap above 4GB virtual address.
# This output file may be truncated or incomplete.
#
#  Out of Memory Error (os_windows.cpp:3825), pid=15008, tid=11504
#
# JRE version: OpenJDK Runtime Environment (17.0.9) (build 17.0.9+0--11185874)
# Java VM: OpenJDK 64-Bit Server VM (17.0.9+0--11185874, mixed mode, tiered, compressed oops, compressed class ptrs, g1 gc, windows-amd64)
# No core dump will be written. Minidumps are not enabled by default on client versions of Windows
#

---------------  S U M M A R Y ------------

Command Line: org.jetbrains.kotlin.cli.jvm.K2JVMCompiler @C:\Users\irese\StudioProjects\SchoolApp\app\build\20240710_9252097232163636542.compiler.options

Host: AMD Ryzen 7 4700U with Radeon Graphics         , 8 cores, 7G,  Windows 10 , 64 bit Build 19041 (10.0.19041.3636)
Time: Wed Jul 10 18:57:27 2024 RTZ 2 (s 10 , 64 bit Build 19041 (10.0.19041.3636) elapsed time: 8.086749 seconds (0d 0h 0m 8s)

---------------  T H R E A D  ---------------

Current thread (0x0000012e7fd7c4d0):  VMThread "VM Thread" [stack: 0x00000013d8700000,0x00000013d8800000] [id=11504]

Stack: [0x00000013d8700000,0x00000013d8800000]
Native frames: (J=compiled Java code, j=interpreted, Vv=VM code, C=native code)
V  [jvm.dll+0x6886e9]
V  [jvm.dll+0x841e4a]
V  [jvm.dll+0x843a8e]
V  [jvm.dll+0x8440f3]
V  [jvm.dll+0x24c14f]
V  [jvm.dll+0x685499]
V  [jvm.dll+0x679c2a]
V  [jvm.dll+0x30cf9b]
V  [jvm.dll+0x314446]
V  [jvm.dll+0x36425e]
V  [jvm.dll+0x36448f]
V  [jvm.dll+0x2e2d68]
V  [jvm.dll+0x2e0f44]
V  [jvm.dll+0x2e054c]
V  [jvm.dll+0x3253fb]
V  [jvm.dll+0x8487eb]
V  [jvm.dll+0x849531]
V  [jvm.dll+0x849a4d]
V  [jvm.dll+0x849e24]
V  [jvm.dll+0x849ef0]
V  [jvm.dll+0x7f06aa]
V  [jvm.dll+0x687565]
C  [ucrtbase.dll+0x21bb2]
C  [KERNEL32.DLL+0x17344]
C  [ntdll.dll+0x4cc91]

VM_Operation (0x00000013d81f8590): G1CollectForAllocation, mode: safepoint, requested by thread 0x0000012e6648f9c0


---------------  P R O C E S S  ---------------

Threads class SMR info:
_java_thread_list=0x0000012e05177980, length=13, elements={
0x0000012e6648f9c0, 0x0000012e7fdb5250, 0x0000012e7fd80dd0, 0x0000012e0402d140,
0x0000012e0402da10, 0x0000012e0402e2e0, 0x0000012e0402ebb0, 0x0000012e0402f7b0,
0x0000012e040340d0, 0x0000012e040369f0, 0x0000012e041abe10, 0x0000012e041b01f0,
0x0000012e06c04070
}

Java Threads: ( => current thread )
  0x0000012e6648f9c0 JavaThread "main" [_thread_blocked, id=11728, stack(0x00000013d8100000,0x00000013d8200000)]
  0x0000012e7fdb5250 JavaThread "Reference Handler" daemon [_thread_blocked, id=5880, stack(0x00000013d8800000,0x00000013d8900000)]
  0x0000012e7fd80dd0 JavaThread "Finalizer" daemon [_thread_blocked, id=14556, stack(0x00000013d8900000,0x00000013d8a00000)]
  0x0000012e0402d140 JavaThread "Signal Dispatcher" daemon [_thread_blocked, id=5556, stack(0x00000013d8a00000,0x00000013d8b00000)]
  0x0000012e0402da10 JavaThread "Attach Listener" daemon [_thread_blocked, id=14188, stack(0x00000013d8b00000,0x00000013d8c00000)]
  0x0000012e0402e2e0 JavaThread "Service Thread" daemon [_thread_blocked, id=13576, stack(0x00000013d8c00000,0x00000013d8d00000)]
  0x0000012e0402ebb0 JavaThread "Monitor Deflation Thread" daemon [_thread_blocked, id=12440, stack(0x00000013d8d00000,0x00000013d8e00000)]
  0x0000012e0402f7b0 JavaThread "C2 CompilerThread0" daemon [_thread_blocked, id=10304, stack(0x00000013d8e00000,0x00000013d8f00000)]
  0x0000012e040340d0 JavaThread "C1 CompilerThread0" daemon [_thread_blocked, id=12136, stack(0x00000013d8f00000,0x00000013d9000000)]
  0x0000012e040369f0 JavaThread "Sweeper thread" daemon [_thread_blocked, id=14560, stack(0x00000013d9000000,0x00000013d9100000)]
  0x0000012e041abe10 JavaThread "Notification Thread" daemon [_thread_blocked, id=17980, stack(0x00000013d9100000,0x00000013d9200000)]
  0x0000012e041b01f0 JavaThread "Common-Cleaner" daemon [_thread_blocked, id=14508, stack(0x00000013d9300000,0x00000013d9400000)]
  0x0000012e06c04070 JavaThread "C2 CompilerThread1" daemon [_thread_blocked, id=5092, stack(0x00000013d9400000,0x00000013d9500000)]

Other Threads:
=>0x0000012e7fd7c4d0 VMThread "VM Thread" [stack: 0x00000013d8700000,0x00000013d8800000] [id=11504]
  0x0000012e041af330 WatcherThread [stack: 0x00000013d9200000,0x00000013d9300000] [id=20184]
  0x0000012e664e6e00 GCTaskThread "GC Thread#0" [stack: 0x00000013d8200000,0x00000013d8300000] [id=5440]
  0x0000012e04712ba0 GCTaskThread "GC Thread#1" [stack: 0x00000013d9500000,0x00000013d9600000] [id=15140]
  0x0000012e047cad10 GCTaskThread "GC Thread#2" [stack: 0x00000013d9600000,0x00000013d9700000] [id=17540]
  0x0000012e047cafd0 GCTaskThread "GC Thread#3" [stack: 0x00000013d9700000,0x00000013d9800000] [id=20392]
  0x0000012e047cb290 GCTaskThread "GC Thread#4" [stack: 0x00000013d9800000,0x00000013d9900000] [id=5116]
  0x0000012e04ff9d30 GCTaskThread "GC Thread#5" [stack: 0x00000013d9900000,0x00000013d9a00000] [id=11900]
  0x0000012e05090c60 GCTaskThread "GC Thread#6" [stack: 0x00000013d9a00000,0x00000013d9b00000] [id=14488]
  0x0000012e04ff3350 GCTaskThread "GC Thread#7" [stack: 0x00000013d9b00000,0x00000013d9c00000] [id=21132]
  0x0000012e664f6ad0 ConcurrentGCThread "G1 Main Marker" [stack: 0x00000013d8300000,0x00000013d8400000] [id=13316]
  0x0000012e664f74f0 ConcurrentGCThread "G1 Conc#0" [stack: 0x00000013d8400000,0x00000013d8500000] [id=16292]
  0x0000012e05011940 ConcurrentGCThread "G1 Conc#1" [stack: 0x00000013d9c00000,0x00000013d9d00000] [id=10700]
  0x0000012e7fbe24b0 ConcurrentGCThread "G1 Refine#0" [stack: 0x00000013d8500000,0x00000013d8600000] [id=17428]
  0x0000012e06c507c0 ConcurrentGCThread "G1 Refine#1" [stack: 0x00000013d9d00000,0x00000013d9e00000] [id=19948]
  0x0000012e6654cf90 ConcurrentGCThread "G1 Service" [stack: 0x00000013d8600000,0x00000013d8700000] [id=16040]

Threads with active compile tasks:
C2 CompilerThread0     8104 9886       4       org.jetbrains.kotlin.resolve.calls.components.ClassicTypeSystemContextForCS::typeDepth (6 bytes)
C2 CompilerThread1     8104 9898       4       org.jetbrains.kotlin.com.intellij.util.keyFMap.ArrayBackedFMap::plus (155 bytes)

VM state: at safepoint (normal execution)

VM Mutex/Monitor currently owned by a thread:  ([mutex/lock_event])
[0x0000012e6648bdb0] Threads_lock - owner thread: 0x0000012e7fd7c4d0
[0x0000012e6648bc90] Heap_lock - owner thread: 0x0000012e6648f9c0

Heap address: 0x0000000089400000, size: 1900 MB, Compressed Oops mode: 32-bit

CDS archive(s) not mapped
Compressed class space mapped at: 0x0000000100000000-0x0000000140000000, reserved size: 1073741824
Narrow klass base: 0x0000000000000000, Narrow klass shift: 3, Narrow klass range: 0x140000000

GC Precious Log:
 CPUs: 8 total, 8 available
 Memory: 7599M
 Large Page Support: Disabled
 NUMA Support: Disabled
 Compressed Oops: Enabled (32-bit)
 Heap Region Size: 1M
 Heap Min Capacity: 8M
 Heap Initial Capacity: 120M
 Heap Max Capacity: 1900M
 Pre-touch: Disabled
 Parallel Workers: 8
 Concurrent Workers: 2
 Concurrent Refinement Workers: 8
 Periodic GC: Disabled

Heap:
 garbage-first heap   total 122880K, used 61172K [0x0000000089400000, 0x0000000100000000)
  region size 1024K, 4 young (4096K), 4 survivors (4096K)
 Metaspace       used 62673K, committed 63040K, reserved 1114112K
  class space    used 7170K, committed 7360K, reserved 1048576K

Heap Regions: E=young(eden), S=young(survivor), O=old, HS=humongous(starts), HC=humongous(continues), CS=collection set, F=free, OA=open archive, CA=closed archive, TAMS=top-at-mark-start (previous, next)
|   0|0x0000000089400000, 0x0000000089500000, 0x0000000089500000|100%|HS|  |TAMS 0x0000000089500000, 0x0000000089400000| Complete 
|   1|0x0000000089500000, 0x0000000089600000, 0x0000000089600000|100%|HC|  |TAMS 0x0000000089600000, 0x0000000089500000| Complete 
|   2|0x0000000089600000, 0x0000000089700000, 0x0000000089700000|100%|HC|  |TAMS 0x0000000089700000, 0x0000000089600000| Complete 
|   3|0x0000000089700000, 0x0000000089800000, 0x0000000089800000|100%|HC|  |TAMS 0x0000000089800000, 0x0000000089700000| Complete 
|   4|0x0000000089800000, 0x0000000089900000, 0x0000000089900000|100%| O|  |TAMS 0x0000000089900000, 0x0000000089800000| Untracked 
|   5|0x0000000089900000, 0x0000000089a00000, 0x0000000089a00000|100%| O|  |TAMS 0x0000000089a00000, 0x0000000089900000| Untracked 
|   6|0x0000000089a00000, 0x0000000089b00000, 0x0000000089b00000|100%| O|  |TAMS 0x0000000089b00000, 0x0000000089a00000| Untracked 
|   7|0x0000000089b00000, 0x0000000089c00000, 0x0000000089c00000|100%| O|  |TAMS 0x0000000089c00000, 0x0000000089b00000| Untracked 
|   8|0x0000000089c00000, 0x0000000089d00000, 0x0000000089d00000|100%| O|  |TAMS 0x0000000089c00000, 0x0000000089c00000| Untracked 
|   9|0x0000000089d00000, 0x0000000089e00000, 0x0000000089e00000|100%| O|  |TAMS 0x0000000089d00000, 0x0000000089d00000| Untracked 
|  10|0x0000000089e00000, 0x0000000089f00000, 0x0000000089f00000|100%| O|  |TAMS 0x0000000089f00000, 0x0000000089e00000| Untracked 
|  11|0x0000000089f00000, 0x000000008a000000, 0x000000008a000000|100%| O|  |TAMS 0x000000008a000000, 0x0000000089f00000| Untracked 
|  12|0x000000008a000000, 0x000000008a100000, 0x000000008a100000|100%| O|  |TAMS 0x000000008a100000, 0x000000008a000000| Untracked 
|  13|0x000000008a100000, 0x000000008a200000, 0x000000008a200000|100%| O|  |TAMS 0x000000008a100000, 0x000000008a100000| Untracked 
|  14|0x000000008a200000, 0x000000008a300000, 0x000000008a300000|100%| O|  |TAMS 0x000000008a300000, 0x000000008a200000| Untracked 
|  15|0x000000008a300000, 0x000000008a400000, 0x000000008a400000|100%| O|  |TAMS 0x000000008a400000, 0x000000008a300000| Untracked 
|  16|0x000000008a400000, 0x000000008a500000, 0x000000008a500000|100%| O|  |TAMS 0x000000008a500000, 0x000000008a400000| Untracked 
|  17|0x000000008a500000, 0x000000008a600000, 0x000000008a600000|100%| O|  |TAMS 0x000000008a600000, 0x000000008a500000| Untracked 
|  18|0x000000008a600000, 0x000000008a700000, 0x000000008a700000|100%| O|  |TAMS 0x000000008a700000, 0x000000008a600000| Untracked 
|  19|0x000000008a700000, 0x000000008a800000, 0x000000008a800000|100%| O|  |TAMS 0x000000008a800000, 0x000000008a700000| Untracked 
|  20|0x000000008a800000, 0x000000008a900000, 0x000000008a900000|100%| O|  |TAMS 0x000000008a900000, 0x000000008a800000| Untracked 
|  21|0x000000008a900000, 0x000000008aa00000, 0x000000008aa00000|100%| O|  |TAMS 0x000000008aa00000, 0x000000008a900000| Untracked 
|  22|0x000000008aa00000, 0x000000008ab00000, 0x000000008ab00000|100%| O|  |TAMS 0x000000008ab00000, 0x000000008aa00000| Untracked 
|  23|0x000000008ab00000, 0x000000008ac00000, 0x000000008ac00000|100%| O|  |TAMS 0x000000008ac00000, 0x000000008ab00000| Untracked 
|  24|0x000000008ac00000, 0x000000008ad00000, 0x000000008ad00000|100%|HS|  |TAMS 0x000000008ad00000, 0x000000008ac00000| Complete 
|  25|0x000000008ad00000, 0x000000008ae00000, 0x000000008ae00000|100%|HC|  |TAMS 0x000000008ae00000, 0x000000008ad00000| Complete 
|  26|0x000000008ae00000, 0x000000008af00000, 0x000000008af00000|100%| O|  |TAMS 0x000000008af00000, 0x000000008ae00000| Untracked 
|  27|0x000000008af00000, 0x000000008b000000, 0x000000008b000000|100%| O|  |TAMS 0x000000008b000000, 0x000000008af00000| Untracked 
|  28|0x000000008b000000, 0x000000008b100000, 0x000000008b100000|100%| O|  |TAMS 0x000000008b100000, 0x000000008b000000| Untracked 
|  29|0x000000008b100000, 0x000000008b200000, 0x000000008b200000|100%| O|  |TAMS 0x000000008b200000, 0x000000008b100000| Untracked 
|  30|0x000000008b200000, 0x000000008b300000, 0x000000008b300000|100%| O|  |TAMS 0x000000008b300000, 0x000000008b200000| Untracked 
|  31|0x000000008b300000, 0x000000008b400000, 0x000000008b400000|100%| O|  |TAMS 0x000000008b400000, 0x000000008b300000| Untracked 
|  32|0x000000008b400000, 0x000000008b500000, 0x000000008b500000|100%| O|  |TAMS 0x000000008b500000, 0x000000008b400000| Untracked 
|  33|0x000000008b500000, 0x000000008b600000, 0x000000008b600000|100%| O|  |TAMS 0x000000008b600000, 0x000000008b500000| Untracked 
|  34|0x000000008b600000, 0x000000008b700000, 0x000000008b700000|100%| O|  |TAMS 0x000000008b700000, 0x000000008b600000| Untracked 
|  35|0x000000008b700000, 0x000000008b800000, 0x000000008b800000|100%| O|  |TAMS 0x000000008b800000, 0x000000008b700000| Untracked 
|  36|0x000000008b800000, 0x000000008b900000, 0x000000008b900000|100%| O|  |TAMS 0x000000008b900000, 0x000000008b800000| Untracked 
|  37|0x000000008b900000, 0x000000008ba00000, 0x000000008ba00000|100%| O|  |TAMS 0x000000008b9ba000, 0x000000008b900000| Untracked 
|  38|0x000000008ba00000, 0x000000008bb00000, 0x000000008bb00000|100%| O|  |TAMS 0x000000008ba00000, 0x000000008ba00000| Untracked 
|  39|0x000000008bb00000, 0x000000008bc00000, 0x000000008bc00000|100%| O|  |TAMS 0x000000008bb00000, 0x000000008bb00000| Untracked 
|  40|0x000000008bc00000, 0x000000008bd00000, 0x000000008bd00000|100%| O|  |TAMS 0x000000008bc00000, 0x000000008bc00000| Untracked 
|  41|0x000000008bd00000, 0x000000008be00000, 0x000000008be00000|100%| O|  |TAMS 0x000000008bd00000, 0x000000008bd00000| Untracked 
|  42|0x000000008be00000, 0x000000008bf00000, 0x000000008bf00000|100%| O|  |TAMS 0x000000008be00000, 0x000000008be00000| Untracked 
|  43|0x000000008bf00000, 0x000000008c000000, 0x000000008c000000|100%| O|  |TAMS 0x000000008bf00000, 0x000000008bf00000| Untracked 
|  44|0x000000008c000000, 0x000000008c100000, 0x000000008c100000|100%| O|  |TAMS 0x000000008c000000, 0x000000008c000000| Untracked 
|  45|0x000000008c100000, 0x000000008c200000, 0x000000008c200000|100%| O|  |TAMS 0x000000008c100000, 0x000000008c100000| Untracked 
|  46|0x000000008c200000, 0x000000008c300000, 0x000000008c300000|100%| O|  |TAMS 0x000000008c200000, 0x000000008c200000| Untracked 
|  47|0x000000008c300000, 0x000000008c400000, 0x000000008c400000|100%| O|  |TAMS 0x000000008c300000, 0x000000008c300000| Untracked 
|  48|0x000000008c400000, 0x000000008c500000, 0x000000008c500000|100%| O|  |TAMS 0x000000008c400000, 0x000000008c400000| Untracked 
|  49|0x000000008c500000, 0x000000008c600000, 0x000000008c600000|100%| O|  |TAMS 0x000000008c500000, 0x000000008c500000| Untracked 
|  50|0x000000008c600000, 0x000000008c700000, 0x000000008c700000|100%| O|  |TAMS 0x000000008c600000, 0x000000008c600000| Untracked 
|  51|0x000000008c700000, 0x000000008c800000, 0x000000008c800000|100%| O|  |TAMS 0x000000008c700000, 0x000000008c700000| Untracked 
|  52|0x000000008c800000, 0x000000008c900000, 0x000000008c900000|100%| O|  |TAMS 0x000000008c800000, 0x000000008c800000| Untracked 
|  53|0x000000008c900000, 0x000000008ca00000, 0x000000008ca00000|100%| O|  |TAMS 0x000000008c900000, 0x000000008c900000| Untracked 
|  54|0x000000008ca00000, 0x000000008cb00000, 0x000000008cb00000|100%| O|  |TAMS 0x000000008ca00000, 0x000000008ca00000| Untracked 
|  55|0x000000008cb00000, 0x000000008cbbd200, 0x000000008cc00000| 73%| O|  |TAMS 0x000000008cb00000, 0x000000008cb00000| Untracked 
|  56|0x000000008cc00000, 0x000000008cc00000, 0x000000008cd00000|  0%| F|  |TAMS 0x000000008cc00000, 0x000000008cc00000| Untracked 
|  57|0x000000008cd00000, 0x000000008cd00000, 0x000000008ce00000|  0%| F|  |TAMS 0x000000008cd00000, 0x000000008cd00000| Untracked 
|  58|0x000000008ce00000, 0x000000008ce00000, 0x000000008cf00000|  0%| F|  |TAMS 0x000000008ce00000, 0x000000008ce00000| Untracked 
|  59|0x000000008cf00000, 0x000000008cf00000, 0x000000008d000000|  0%| F|  |TAMS 0x000000008cf00000, 0x000000008cf00000| Untracked 
|  60|0x000000008d000000, 0x000000008d000000, 0x000000008d100000|  0%| F|  |TAMS 0x000000008d000000, 0x000000008d000000| Untracked 
|  61|0x000000008d100000, 0x000000008d100000, 0x000000008d200000|  0%| F|  |TAMS 0x000000008d100000, 0x000000008d100000| Untracked 
|  62|0x000000008d200000, 0x000000008d200000, 0x000000008d300000|  0%| F|  |TAMS 0x000000008d200000, 0x000000008d200000| Untracked 
|  63|0x000000008d300000, 0x000000008d300000, 0x000000008d400000|  0%| F|  |TAMS 0x000000008d300000, 0x000000008d300000| Untracked 
|  64|0x000000008d400000, 0x000000008d400000, 0x000000008d500000|  0%| F|  |TAMS 0x000000008d400000, 0x000000008d400000| Untracked 
|  65|0x000000008d500000, 0x000000008d500000, 0x000000008d600000|  0%| F|  |TAMS 0x000000008d500000, 0x000000008d500000| Untracked 
|  66|0x000000008d600000, 0x000000008d600000, 0x000000008d700000|  0%| F|  |TAMS 0x000000008d600000, 0x000000008d600000| Untracked 
|  67|0x000000008d700000, 0x000000008d700000, 0x000000008d800000|  0%| F|  |TAMS 0x000000008d700000, 0x000000008d700000| Untracked 
|  68|0x000000008d800000, 0x000000008d800000, 0x000000008d900000|  0%| F|  |TAMS 0x000000008d800000, 0x000000008d800000| Untracked 
|  69|0x000000008d900000, 0x000000008d900000, 0x000000008da00000|  0%| F|  |TAMS 0x000000008d900000, 0x000000008d900000| Untracked 
|  70|0x000000008da00000, 0x000000008da00000, 0x000000008db00000|  0%| F|  |TAMS 0x000000008da00000, 0x000000008da00000| Untracked 
|  71|0x000000008db00000, 0x000000008db00000, 0x000000008dc00000|  0%| F|  |TAMS 0x000000008db00000, 0x000000008db00000| Untracked 
|  72|0x000000008dc00000, 0x000000008dc00000, 0x000000008dd00000|  0%| F|  |TAMS 0x000000008dc00000, 0x000000008dc00000| Untracked 
|  73|0x000000008dd00000, 0x000000008dd00000, 0x000000008de00000|  0%| F|  |TAMS 0x000000008dd00000, 0x000000008dd00000| Untracked 
|  74|0x000000008de00000, 0x000000008df00000, 0x000000008df00000|100%| S|CS|TAMS 0x000000008de00000, 0x000000008de00000| Complete 
|  75|0x000000008df00000, 0x000000008e000000, 0x000000008e000000|100%| S|CS|TAMS 0x000000008df00000, 0x000000008df00000| Complete 
|  76|0x000000008e000000, 0x000000008e100000, 0x000000008e100000|100%| S|CS|TAMS 0x000000008e000000, 0x000000008e000000| Complete 
|  77|0x000000008e100000, 0x000000008e100000, 0x000000008e200000|  0%| F|  |TAMS 0x000000008e100000, 0x000000008e100000| Untracked 
|  78|0x000000008e200000, 0x000000008e200000, 0x000000008e300000|  0%| F|  |TAMS 0x000000008e200000, 0x000000008e200000| Untracked 
|  79|0x000000008e300000, 0x000000008e300000, 0x000000008e400000|  0%| F|  |TAMS 0x000000008e300000, 0x000000008e300000| Untracked 
|  80|0x000000008e400000, 0x000000008e500000, 0x000000008e500000|100%| S|CS|TAMS 0x000000008e400000, 0x000000008e400000| Complete 
|  81|0x000000008e500000, 0x000000008e500000, 0x000000008e600000|  0%| F|  |TAMS 0x000000008e500000, 0x000000008e500000| Untracked 
|  82|0x000000008e600000, 0x000000008e600000, 0x000000008e700000|  0%| F|  |TAMS 0x000000008e600000, 0x000000008e600000| Untracked 
|  83|0x000000008e700000, 0x000000008e700000, 0x000000008e800000|  0%| F|  |TAMS 0x000000008e700000, 0x000000008e700000| Untracked 
|  84|0x000000008e800000, 0x000000008e800000, 0x000000008e900000|  0%| F|  |TAMS 0x000000008e800000, 0x000000008e800000| Untracked 
|  85|0x000000008e900000, 0x000000008e900000, 0x000000008ea00000|  0%| F|  |TAMS 0x000000008e900000, 0x000000008e900000| Untracked 
|  86|0x000000008ea00000, 0x000000008ea00000, 0x000000008eb00000|  0%| F|  |TAMS 0x000000008ea00000, 0x000000008ea00000| Untracked 
|  87|0x000000008eb00000, 0x000000008eb00000, 0x000000008ec00000|  0%| F|  |TAMS 0x000000008eb00000, 0x000000008eb00000| Untracked 
|  88|0x000000008ec00000, 0x000000008ec00000, 0x000000008ed00000|  0%| F|  |TAMS 0x000000008ec00000, 0x000000008ec00000| Untracked 
|  89|0x000000008ed00000, 0x000000008ed00000, 0x000000008ee00000|  0%| F|  |TAMS 0x000000008ed00000, 0x000000008ed00000| Untracked 
|  90|0x000000008ee00000, 0x000000008ee00000, 0x000000008ef00000|  0%| F|  |TAMS 0x000000008ee00000, 0x000000008ee00000| Untracked 
|  91|0x000000008ef00000, 0x000000008ef00000, 0x000000008f000000|  0%| F|  |TAMS 0x000000008ef00000, 0x000000008ef00000| Untracked 
|  92|0x000000008f000000, 0x000000008f000000, 0x000000008f100000|  0%| F|  |TAMS 0x000000008f000000, 0x000000008f000000| Untracked 
|  93|0x000000008f100000, 0x000000008f100000, 0x000000008f200000|  0%| F|  |TAMS 0x000000008f100000, 0x000000008f100000| Untracked 
|  94|0x000000008f200000, 0x000000008f200000, 0x000000008f300000|  0%| F|  |TAMS 0x000000008f200000, 0x000000008f200000| Untracked 
|  95|0x000000008f300000, 0x000000008f300000, 0x000000008f400000|  0%| F|  |TAMS 0x000000008f300000, 0x000000008f300000| Untracked 
|  96|0x000000008f400000, 0x000000008f400000, 0x000000008f500000|  0%| F|  |TAMS 0x000000008f400000, 0x000000008f400000| Untracked 
|  97|0x000000008f500000, 0x000000008f500000, 0x000000008f600000|  0%| F|  |TAMS 0x000000008f500000, 0x000000008f500000| Untracked 
|  98|0x000000008f600000, 0x000000008f600000, 0x000000008f700000|  0%| F|  |TAMS 0x000000008f600000, 0x000000008f600000| Untracked 
|  99|0x000000008f700000, 0x000000008f700000, 0x000000008f800000|  0%| F|  |TAMS 0x000000008f700000, 0x000000008f700000| Untracked 
| 100|0x000000008f800000, 0x000000008f800000, 0x000000008f900000|  0%| F|  |TAMS 0x000000008f800000, 0x000000008f800000| Untracked 
| 101|0x000000008f900000, 0x000000008f900000, 0x000000008fa00000|  0%| F|  |TAMS 0x000000008f900000, 0x000000008f900000| Untracked 
| 102|0x000000008fa00000, 0x000000008fa00000, 0x000000008fb00000|  0%| F|  |TAMS 0x000000008fa00000, 0x000000008fa00000| Untracked 
| 103|0x000000008fb00000, 0x000000008fb00000, 0x000000008fc00000|  0%| F|  |TAMS 0x000000008fb00000, 0x000000008fb00000| Untracked 
| 104|0x000000008fc00000, 0x000000008fc00000, 0x000000008fd00000|  0%| F|  |TAMS 0x000000008fc00000, 0x000000008fc00000| Untracked 
| 105|0x000000008fd00000, 0x000000008fd00000, 0x000000008fe00000|  0%| F|  |TAMS 0x000000008fd00000, 0x000000008fd00000| Untracked 
| 106|0x000000008fe00000, 0x000000008fe00000, 0x000000008ff00000|  0%| F|  |TAMS 0x000000008fe00000, 0x000000008fe00000| Untracked 
| 107|0x000000008ff00000, 0x000000008ff00000, 0x0000000090000000|  0%| F|  |TAMS 0x000000008ff00000, 0x000000008ff00000| Untracked 
| 108|0x0000000090000000, 0x0000000090000000, 0x0000000090100000|  0%| F|  |TAMS 0x0000000090000000, 0x0000000090000000| Untracked 
| 109|0x0000000090100000, 0x0000000090100000, 0x0000000090200000|  0%| F|  |TAMS 0x0000000090100000, 0x0000000090100000| Untracked 
| 110|0x0000000090200000, 0x0000000090200000, 0x0000000090300000|  0%| F|  |TAMS 0x0000000090200000, 0x0000000090200000| Untracked 
| 111|0x0000000090300000, 0x0000000090300000, 0x0000000090400000|  0%| F|  |TAMS 0x0000000090300000, 0x0000000090300000| Untracked 
| 112|0x0000000090400000, 0x0000000090400000, 0x0000000090500000|  0%| F|  |TAMS 0x0000000090400000, 0x0000000090400000| Untracked 
| 113|0x0000000090500000, 0x0000000090500000, 0x0000000090600000|  0%| F|  |TAMS 0x0000000090500000, 0x0000000090500000| Untracked 
| 114|0x0000000090600000, 0x0000000090600000, 0x0000000090700000|  0%| F|  |TAMS 0x0000000090600000, 0x0000000090600000| Untracked 
| 115|0x0000000090700000, 0x0000000090700000, 0x0000000090800000|  0%| F|  |TAMS 0x0000000090700000, 0x0000000090700000| Untracked 
| 116|0x0000000090800000, 0x0000000090800000, 0x0000000090900000|  0%| F|  |TAMS 0x0000000090800000, 0x0000000090800000| Untracked 
| 117|0x0000000090900000, 0x0000000090900000, 0x0000000090a00000|  0%| F|  |TAMS 0x0000000090900000, 0x0000000090900000| Untracked 
| 118|0x0000000090a00000, 0x0000000090a00000, 0x0000000090b00000|  0%| F|  |TAMS 0x0000000090a00000, 0x0000000090a00000| Untracked 
| 119|0x0000000090b00000, 0x0000000090b00000, 0x0000000090c00000|  0%| F|  |TAMS 0x0000000090b00000, 0x0000000090b00000| Untracked 

Card table byte_map: [0x0000012e79060000,0x0000012e79420000] _byte_map_base: 0x0000012e78c16000

Marking Bits (Prev, Next): (CMBitMap*) 0x0000012e664e7420, (CMBitMap*) 0x0000012e664e7460
 Prev Bits: [0x0000012e797e0000, 0x0000012e7b590000)
 Next Bits: [0x0000012e7b590000, 0x0000012e7d340000)

Polling page: 0x0000012e64460000

Metaspace:

Usage:
  Non-class:     54.20 MB used.
      Class:      7.00 MB used.
       Both:     61.20 MB used.

Virtual space:
  Non-class space:       64.00 MB reserved,      54.38 MB ( 85%) committed,  1 nodes.
      Class space:        1.00 GB reserved,       7.19 MB ( <1%) committed,  1 nodes.
             Both:        1.06 GB reserved,      61.56 MB (  6%) committed. 

Chunk freelists:
   Non-Class:  8.86 MB
       Class:  8.86 MB
        Both:  17.72 MB

MaxMetaspaceSize: unlimited
CompressedClassSpaceSize: 1.00 GB
Initial GC threshold: 21.00 MB
Current GC threshold: 88.06 MB
CDS: off
MetaspaceReclaimPolicy: balanced
 - commit_granule_bytes: 65536.
 - commit_granule_words: 8192.
 - virtual_space_node_default_size: 8388608.
 - enlarge_chunks_in_place: 1.
 - new_chunks_are_fully_committed: 0.
 - uncommit_free_chunks: 1.
 - use_allocation_guard: 0.
 - handle_deallocations: 1.


Internal statistics:

num_allocs_failed_limit: 6.
num_arena_births: 258.
num_arena_deaths: 0.
num_vsnodes_births: 2.
num_vsnodes_deaths: 0.
num_space_committed: 983.
num_space_uncommitted: 0.
num_chunks_returned_to_freelist: 6.
num_chunks_taken_from_freelist: 2257.
num_chunk_merges: 6.
num_chunk_splits: 1813.
num_chunks_enlarged: 1582.
num_inconsistent_stats: 0.

CodeHeap 'non-profiled nmethods': size=120000Kb used=4123Kb max_used=4334Kb free=115876Kb
 bounds [0x0000012e71440000, 0x0000012e71880000, 0x0000012e78970000]
CodeHeap 'profiled nmethods': size=120000Kb used=25628Kb max_used=26753Kb free=94371Kb
 bounds [0x0000012e69970000, 0x0000012e6b3a0000, 0x0000012e70ea0000]
CodeHeap 'non-nmethods': size=5760Kb used=1299Kb max_used=1356Kb free=4461Kb
 bounds [0x0000012e70ea0000, 0x0000012e71110000, 0x0000012e71440000]
 total_blobs=9266 nmethods=8658 adapters=517
 compilation: enabled
              stopped_count=0, restarted_count=0
 full_count=0

Compilation events (20 events):
Event: 8.052 Thread 0x0000012e06c04070 nmethod 9848 0x0000012e7187a790 code [0x0000012e7187a980, 0x0000012e7187b378]
Event: 8.052 Thread 0x0000012e06c04070 9894 %     4       org.jetbrains.kotlin.util.slicedMap.OpenAddressLinearProbingHashTable::forEach @ 14 (62 bytes)
Event: 8.055 Thread 0x0000012e040340d0 9901       3       org.jetbrains.kotlin.resolve.calls.inference.model.NewConstraintSystemImpl::isClassType (18 bytes)
Event: 8.055 Thread 0x0000012e040340d0 nmethod 9901 0x0000012e6b38ed10 code [0x0000012e6b38ef20, 0x0000012e6b38f588]
Event: 8.056 Thread 0x0000012e040340d0 9903       3       org.jetbrains.kotlin.resolve.calls.components.CreateFreshVariablesSubstitutor::shouldBeFlexible$default (20 bytes)
Event: 8.056 Thread 0x0000012e040340d0 nmethod 9903 0x0000012e6b38f810 code [0x0000012e6b38f9c0, 0x0000012e6b38fb28]
Event: 8.057 Thread 0x0000012e040340d0 9904       3       org.jetbrains.kotlin.types.TypeSubstitution$replaceWithNonApproximating$1::get (15 bytes)
Event: 8.058 Thread 0x0000012e040340d0 nmethod 9904 0x0000012e6b38fc10 code [0x0000012e6b38fe20, 0x0000012e6b390488]
Event: 8.058 Thread 0x0000012e06c04070 nmethod 9894% 0x0000012e715f2a90 code [0x0000012e715f2c80, 0x0000012e715f33c8]
Event: 8.058 Thread 0x0000012e06c04070 9887       4       org.jetbrains.kotlin.resolve.calls.inference.model.NewConstraintSystemImpl::getNotFixedTypeVariables (21 bytes)
Event: 8.059 Thread 0x0000012e06c04070 nmethod 9887 0x0000012e71536b90 code [0x0000012e71536d00, 0x0000012e71536db8]
Event: 8.059 Thread 0x0000012e06c04070 9902       4       org.jetbrains.kotlin.types.checker.ClassicTypeSystemContext$DefaultImpls::isError (75 bytes)
Event: 8.060 Thread 0x0000012e06c04070 nmethod 9902 0x0000012e7145da10 code [0x0000012e7145dba0, 0x0000012e7145dd18]
Event: 8.060 Thread 0x0000012e06c04070 9898       4       org.jetbrains.kotlin.com.intellij.util.keyFMap.ArrayBackedFMap::plus (155 bytes)
Event: 8.062 Thread 0x0000012e040340d0 9905       3       kotlin.collections.ArraysKt___ArraysKt::filterNotNull (24 bytes)
Event: 8.063 Thread 0x0000012e040340d0 nmethod 9905 0x0000012e69efa890 code [0x0000012e69efaae0, 0x0000012e69efb3c8]
Event: 8.063 Thread 0x0000012e040340d0 9906   !   3       jdk.internal.reflect.GeneratedConstructorAccessor19::newInstance (53 bytes)
Event: 8.064 Thread 0x0000012e040340d0 nmethod 9906 0x0000012e69edd090 code [0x0000012e69edd3a0, 0x0000012e69ede3c8]
Event: 8.064 Thread 0x0000012e040340d0 9907       3       org.jetbrains.kotlin.descriptors.impl.ValueParameterDescriptorImpl::getOriginal (8 bytes)
Event: 8.064 Thread 0x0000012e040340d0 nmethod 9907 0x0000012e69e9ab90 code [0x0000012e69e9ad60, 0x0000012e69e9b3e8]

GC Heap History (20 events):
Event: 3.190 GC heap after
{Heap after GC invocations=12 (full 0):
 garbage-first heap   total 72704K, used 31739K [0x0000000089400000, 0x0000000100000000)
  region size 1024K, 3 young (3072K), 3 survivors (3072K)
 Metaspace       used 48459K, committed 48704K, reserved 1114112K
  class space    used 5896K, committed 6016K, reserved 1048576K
}
Event: 3.356 GC heap before
{Heap before GC invocations=12 (full 0):
 garbage-first heap   total 72704K, used 54267K [0x0000000089400000, 0x0000000100000000)
  region size 1024K, 25 young (25600K), 3 survivors (3072K)
 Metaspace       used 50119K, committed 50304K, reserved 1114112K
  class space    used 6078K, committed 6144K, reserved 1048576K
}
Event: 3.364 GC heap after
{Heap after GC invocations=13 (full 0):
 garbage-first heap   total 72704K, used 33939K [0x0000000089400000, 0x0000000100000000)
  region size 1024K, 2 young (2048K), 2 survivors (2048K)
 Metaspace       used 50119K, committed 50304K, reserved 1114112K
  class space    used 6078K, committed 6144K, reserved 1048576K
}
Event: 3.493 GC heap before
{Heap before GC invocations=13 (full 0):
 garbage-first heap   total 72704K, used 54419K [0x0000000089400000, 0x0000000100000000)
  region size 1024K, 22 young (22528K), 2 survivors (2048K)
 Metaspace       used 51135K, committed 51328K, reserved 1114112K
  class space    used 6197K, committed 6272K, reserved 1048576K
}
Event: 3.498 GC heap after
{Heap after GC invocations=14 (full 0):
 garbage-first heap   total 72704K, used 35156K [0x0000000089400000, 0x0000000100000000)
  region size 1024K, 2 young (2048K), 2 survivors (2048K)
 Metaspace       used 51135K, committed 51328K, reserved 1114112K
  class space    used 6197K, committed 6272K, reserved 1048576K
}
Event: 3.806 GC heap before
{Heap before GC invocations=15 (full 0):
 garbage-first heap   total 72704K, used 55636K [0x0000000089400000, 0x0000000100000000)
  region size 1024K, 22 young (22528K), 2 survivors (2048K)
 Metaspace       used 52468K, committed 52736K, reserved 1114112K
  class space    used 6321K, committed 6400K, reserved 1048576K
}
Event: 3.814 GC heap after
{Heap after GC invocations=16 (full 0):
 garbage-first heap   total 72704K, used 38228K [0x0000000089400000, 0x0000000100000000)
  region size 1024K, 3 young (3072K), 3 survivors (3072K)
 Metaspace       used 52468K, committed 52736K, reserved 1114112K
  class space    used 6321K, committed 6400K, reserved 1048576K
}
Event: 3.858 GC heap before
{Heap before GC invocations=16 (full 0):
 garbage-first heap   total 72704K, used 39252K [0x0000000089400000, 0x0000000100000000)
  region size 1024K, 4 young (4096K), 3 survivors (3072K)
 Metaspace       used 52523K, committed 52736K, reserved 1114112K
  class space    used 6321K, committed 6400K, reserved 1048576K
}
Event: 3.864 GC heap after
{Heap after GC invocations=17 (full 0):
 garbage-first heap   total 72704K, used 37053K [0x0000000089400000, 0x0000000100000000)
  region size 1024K, 1 young (1024K), 1 survivors (1024K)
 Metaspace       used 52523K, committed 52736K, reserved 1114112K
  class space    used 6321K, committed 6400K, reserved 1048576K
}
Event: 4.291 GC heap before
{Heap before GC invocations=17 (full 0):
 garbage-first heap   total 72704K, used 55485K [0x0000000089400000, 0x0000000100000000)
  region size 1024K, 19 young (19456K), 1 survivors (1024K)
 Metaspace       used 53785K, committed 54016K, reserved 1114112K
  class space    used 6393K, committed 6464K, reserved 1048576K
}
Event: 4.300 GC heap after
{Heap after GC invocations=18 (full 0):
 garbage-first heap   total 117760K, used 40960K [0x0000000089400000, 0x0000000100000000)
  region size 1024K, 3 young (3072K), 3 survivors (3072K)
 Metaspace       used 53785K, committed 54016K, reserved 1114112K
  class space    used 6393K, committed 6464K, reserved 1048576K
}
Event: 5.105 GC heap before
{Heap before GC invocations=19 (full 0):
 garbage-first heap   total 117760K, used 87040K [0x0000000089400000, 0x0000000100000000)
  region size 1024K, 48 young (49152K), 3 survivors (3072K)
 Metaspace       used 56076K, committed 56384K, reserved 1114112K
  class space    used 6610K, committed 6720K, reserved 1048576K
}
Event: 5.132 GC heap after
{Heap after GC invocations=20 (full 0):
 garbage-first heap   total 117760K, used 48257K [0x0000000089400000, 0x0000000100000000)
  region size 1024K, 6 young (6144K), 6 survivors (6144K)
 Metaspace       used 56076K, committed 56384K, reserved 1114112K
  class space    used 6610K, committed 6720K, reserved 1048576K
}
Event: 5.181 GC heap before
{Heap before GC invocations=20 (full 0):
 garbage-first heap   total 117760K, used 49281K [0x0000000089400000, 0x0000000100000000)
  region size 1024K, 7 young (7168K), 6 survivors (6144K)
 Metaspace       used 56227K, committed 56512K, reserved 1114112K
  class space    used 6624K, committed 6720K, reserved 1048576K
}
Event: 5.201 GC heap after
{Heap after GC invocations=21 (full 0):
 garbage-first heap   total 117760K, used 48783K [0x0000000089400000, 0x0000000100000000)
  region size 1024K, 1 young (1024K), 1 survivors (1024K)
 Metaspace       used 56227K, committed 56512K, reserved 1114112K
  class space    used 6624K, committed 6720K, reserved 1048576K
}
Event: 5.985 GC heap before
{Heap before GC invocations=21 (full 0):
 garbage-first heap   total 117760K, used 86671K [0x0000000089400000, 0x0000000100000000)
  region size 1024K, 38 young (38912K), 1 survivors (1024K)
 Metaspace       used 59441K, committed 59648K, reserved 1114112K
  class space    used 7001K, committed 7104K, reserved 1048576K
}
Event: 5.995 GC heap after
{Heap after GC invocations=22 (full 0):
 garbage-first heap   total 117760K, used 53248K [0x0000000089400000, 0x0000000100000000)
  region size 1024K, 5 young (5120K), 5 survivors (5120K)
 Metaspace       used 59441K, committed 59648K, reserved 1114112K
  class space    used 7001K, committed 7104K, reserved 1048576K
}
Event: 7.146 GC heap before
{Heap before GC invocations=22 (full 0):
 garbage-first heap   total 117760K, used 89088K [0x0000000089400000, 0x0000000100000000)
  region size 1024K, 40 young (40960K), 5 survivors (5120K)
 Metaspace       used 61649K, committed 61888K, reserved 1114112K
  class space    used 7116K, committed 7232K, reserved 1048576K
}
Event: 7.160 GC heap after
{Heap after GC invocations=23 (full 0):
 garbage-first heap   total 117760K, used 57067K [0x0000000089400000, 0x0000000100000000)
  region size 1024K, 4 young (4096K), 4 survivors (4096K)
 Metaspace       used 61649K, committed 61888K, reserved 1114112K
  class space    used 7116K, committed 7232K, reserved 1048576K
}
Event: 8.068 GC heap before
{Heap before GC invocations=23 (full 0):
 garbage-first heap   total 117760K, used 91883K [0x0000000089400000, 0x0000000100000000)
  region size 1024K, 38 young (38912K), 4 survivors (4096K)
 Metaspace       used 62673K, committed 63040K, reserved 1114112K
  class space    used 7170K, committed 7360K, reserved 1048576K
}

Dll operation events (2 events):
Event: 0.007 Loaded shared library C:\Program Files\Android\Android Studio\jbr\bin\java.dll
Event: 1.150 Loaded shared library C:\Program Files\Android\Android Studio\jbr\bin\verify.dll

Deoptimization events (20 events):
Event: 7.851 Thread 0x0000012e6648f9c0 Uncommon trap: trap_request=0xffffff45 fr.pc=0x0000012e7180392c relative=0x00000000000010ac
Event: 7.851 Thread 0x0000012e6648f9c0 Uncommon trap: reason=unstable_if action=reinterpret pc=0x0000012e7180392c method=org.jetbrains.kotlin.types.checker.ClassicTypeSystemContext$DefaultImpls.asDefinitelyNotNullType(Lorg/jetbrains/kotlin/types/checker/ClassicTypeSystemContext;Lorg/jetbrains/
Event: 7.851 Thread 0x0000012e6648f9c0 DEOPT PACKING pc=0x0000012e7180392c sp=0x00000013d81f3260
Event: 7.851 Thread 0x0000012e6648f9c0 DEOPT UNPACKING pc=0x0000012e70ef69a3 sp=0x00000013d81f30d0 mode 2
Event: 7.851 Thread 0x0000012e6648f9c0 Uncommon trap: trap_request=0xffffff45 fr.pc=0x0000012e717ee178 relative=0x0000000000000058
Event: 7.851 Thread 0x0000012e6648f9c0 Uncommon trap: reason=unstable_if action=reinterpret pc=0x0000012e717ee178 method=org.jetbrains.kotlin.types.checker.ClassicTypeSystemContext$DefaultImpls.asDefinitelyNotNullType(Lorg/jetbrains/kotlin/types/checker/ClassicTypeSystemContext;Lorg/jetbrains/
Event: 7.851 Thread 0x0000012e6648f9c0 DEOPT PACKING pc=0x0000012e717ee178 sp=0x00000013d81f3160
Event: 7.851 Thread 0x0000012e6648f9c0 DEOPT UNPACKING pc=0x0000012e70ef69a3 sp=0x00000013d81f30d8 mode 2
Event: 7.854 Thread 0x0000012e6648f9c0 Uncommon trap: trap_request=0xffffff45 fr.pc=0x0000012e71831c64 relative=0x0000000000004704
Event: 7.854 Thread 0x0000012e6648f9c0 Uncommon trap: reason=unstable_if action=reinterpret pc=0x0000012e71831c64 method=org.jetbrains.kotlin.types.TypeUtils.contains(Lorg/jetbrains/kotlin/types/KotlinType;Lkotlin/jvm/functions/Function1;Lorg/jetbrains/kotlin/utils/SmartSet;)Z @ 141 c2
Event: 7.854 Thread 0x0000012e6648f9c0 DEOPT PACKING pc=0x0000012e71831c64 sp=0x00000013d81f4320
Event: 7.854 Thread 0x0000012e6648f9c0 DEOPT UNPACKING pc=0x0000012e70ef69a3 sp=0x00000013d81f4338 mode 2
Event: 7.991 Thread 0x0000012e6648f9c0 Uncommon trap: trap_request=0xffffffc6 fr.pc=0x0000012e717fea4c relative=0x0000000000000d8c
Event: 7.991 Thread 0x0000012e6648f9c0 Uncommon trap: reason=bimorphic_or_optimized_type_check action=maybe_recompile pc=0x0000012e717fea4c method=gnu.trove.TObjectHash.insertionIndex(Ljava/lang/Object;)I @ 177 c2
Event: 7.991 Thread 0x0000012e6648f9c0 DEOPT PACKING pc=0x0000012e717fea4c sp=0x00000013d81fb7c0
Event: 7.991 Thread 0x0000012e6648f9c0 DEOPT UNPACKING pc=0x0000012e70ef69a3 sp=0x00000013d81fb758 mode 2
Event: 8.040 Thread 0x0000012e6648f9c0 Uncommon trap: trap_request=0xffffff45 fr.pc=0x0000012e716de468 relative=0x00000000000001c8
Event: 8.040 Thread 0x0000012e6648f9c0 Uncommon trap: reason=unstable_if action=reinterpret pc=0x0000012e716de468 method=kotlin.sequences.FilteringSequence$iterator$1.hasNext()Z @ 5 c2
Event: 8.040 Thread 0x0000012e6648f9c0 DEOPT PACKING pc=0x0000012e716de468 sp=0x00000013d81f24e0
Event: 8.040 Thread 0x0000012e6648f9c0 DEOPT UNPACKING pc=0x0000012e70ef69a3 sp=0x00000013d81f24a0 mode 2

Classes unloaded (0 events):
No events

Classes redefined (0 events):
No events

Internal exceptions (20 events):
Event: 1.931 Thread 0x0000012e6648f9c0 Exception <a 'java/lang/NoSuchMethodError'{0x000000008c604e60}: 'java.lang.Object java.lang.invoke.DirectMethodHandle$Holder.invokeVirtual(java.lang.Object, java.lang.Object, java.lang.Object)'> (0x000000008c604e60) 
thrown [s\src\hotspot\share\interpreter\linkResolver.cpp, line 771]
Event: 2.557 Thread 0x0000012e6648f9c0 Exception <a 'java/lang/NoSuchMethodError'{0x000000008c663ca0}: 'java.lang.Object java.lang.invoke.DirectMethodHandle$Holder.newInvokeSpecial(java.lang.Object, java.lang.Object, int)'> (0x000000008c663ca0) 
thrown [s\src\hotspot\share\interpreter\linkResolver.cpp, line 771]
Event: 2.609 Thread 0x0000012e6648f9c0 Implicit null exception at 0x0000012e71576050 to 0x0000012e7157611c
Event: 2.674 Thread 0x0000012e6648f9c0 Implicit null exception at 0x0000012e71575bcc to 0x0000012e71575ca8
Event: 2.710 Thread 0x0000012e6648f9c0 Exception <a 'java/lang/NoSuchMethodError'{0x000000008c1f1a08}: 'java.lang.Object java.lang.invoke.DirectMethodHandle$Holder.newInvokeSpecial(java.lang.Object, java.lang.Object, java.lang.Object, int)'> (0x000000008c1f1a08) 
thrown [s\src\hotspot\share\interpreter\linkResolver.cpp, line 771]
Event: 2.710 Thread 0x0000012e6648f9c0 Exception <a 'java/lang/NoSuchMethodError'{0x000000008c1f6090}: 'java.lang.Object java.lang.invoke.DirectMethodHandle$Holder.invokeSpecial(java.lang.Object, java.lang.Object, java.lang.Object, java.lang.Object, int)'> (0x000000008c1f6090) 
thrown [s\src\hotspot\share\interpreter\linkResolver.cpp, line 771]
Event: 2.711 Thread 0x0000012e6648f9c0 Exception <a 'java/lang/NoSuchMethodError'{0x000000008c1f9f00}: 'java.lang.Object java.lang.invoke.Invokers$Holder.linkToTargetMethod(java.lang.Object, java.lang.Object, int, java.lang.Object)'> (0x000000008c1f9f00) 
thrown [s\src\hotspot\share\interpreter\linkResolver.cpp, line 771]
Event: 3.248 Thread 0x0000012e6648f9c0 Exception <a 'java/lang/NoSuchMethodError'{0x000000008e5fa4f8}: 'java.lang.Object java.lang.invoke.DirectMethodHandle$Holder.newInvokeSpecial(java.lang.Object, java.lang.Object, java.lang.Object, java.lang.Object, java.lang.Object, java.lang.Object)'> (0x000000008e5fa4f8) 
thrown [s\src\hotspot\share\interpreter\linkResolver.cpp, line 771]
Event: 3.446 Thread 0x0000012e6648f9c0 Implicit null exception at 0x0000012e715dda8a to 0x0000012e715ddce8
Event: 3.566 Thread 0x0000012e6648f9c0 Implicit null exception at 0x0000012e7148fa0e to 0x0000012e7148fc64
Event: 4.157 Thread 0x0000012e6648f9c0 Exception <a 'java/lang/NoSuchMethodError'{0x000000008cd8e8b0}: 'java.lang.Object java.lang.invoke.DirectMethodHandle$Holder.invokeStaticInit(java.lang.Object, java.lang.Object, java.lang.Object)'> (0x000000008cd8e8b0) 
thrown [s\src\hotspot\share\interpreter\linkResolver.cpp, line 771]
Event: 4.781 Thread 0x0000012e6648f9c0 Exception <a 'java/lang/NoSuchMethodError'{0x000000008ed6a040}: 'int java.lang.invoke.DirectMethodHandle$Holder.invokeStaticInit(java.lang.Object, int)'> (0x000000008ed6a040) 
thrown [s\src\hotspot\share\interpreter\linkResolver.cpp, line 771]
Event: 5.467 Thread 0x0000012e6648f9c0 Exception <a 'java/lang/NoSuchMethodError'{0x000000008fada988}: 'java.lang.Object java.lang.invoke.DirectMethodHandle$Holder.invokeInterface(java.lang.Object, java.lang.Object, java.lang.Object)'> (0x000000008fada988) 
thrown [s\src\hotspot\share\interpreter\linkResolver.cpp, line 771]
Event: 5.467 Thread 0x0000012e6648f9c0 Exception <a 'java/lang/IncompatibleClassChangeError'{0x000000008fadfd88}: Found class java.lang.Object, but interface was expected> (0x000000008fadfd88) 
thrown [s\src\hotspot\share\interpreter\linkResolver.cpp, line 838]
Event: 5.894 Thread 0x0000012e6648f9c0 Exception <a 'java/lang/NoSuchMethodError'{0x000000008e799230}: 'java.lang.Object java.lang.invoke.DirectMethodHandle$Holder.newInvokeSpecial(java.lang.Object, int, java.lang.Object)'> (0x000000008e799230) 
thrown [s\src\hotspot\share\interpreter\linkResolver.cpp, line 771]
Event: 5.895 Thread 0x0000012e6648f9c0 Exception <a 'java/lang/NoSuchMethodError'{0x000000008e79fdb0}: 'int java.lang.invoke.DirectMethodHandle$Holder.invokeInterface(java.lang.Object, java.lang.Object)'> (0x000000008e79fdb0) 
thrown [s\src\hotspot\share\interpreter\linkResolver.cpp, line 771]
Event: 6.208 Thread 0x0000012e6648f9c0 Exception <a 'java/lang/NoSuchMethodError'{0x00000000901a7f48}: 'java.lang.Object java.lang.invoke.DirectMethodHandle$Holder.newInvokeSpecial(java.lang.Object, java.lang.Object, java.lang.Object, java.lang.Object, java.lang.Object, java.lang.Object, java.lang.Object)'> (0x00000000901a7f48) 
thrown [s\src\hotspot\share\interpreter\linkResolver.cpp, line 771]
Event: 6.208 Thread 0x0000012e6648f9c0 Exception <a 'java/lang/NoSuchMethodError'{0x00000000901acb00}: 'java.lang.Object java.lang.invoke.Invokers$Holder.linkToTargetMethod(java.lang.Object, java.lang.Object, java.lang.Object, java.lang.Object, java.lang.Object, java.lang.Object, java.lang.Object)'> (0x00000000901acb00) 
thrown [s\src\hotspot\share\interpreter\linkResolver.cpp, line 771]
Event: 7.124 Thread 0x0000012e6648f9c0 Exception <a 'java/lang/NoSuchMethodError'{0x000000008e43c9a8}: 'java.lang.Object java.lang.invoke.DirectMethodHandle$Holder.invokeStatic(java.lang.Object, int, java.lang.Object)'> (0x000000008e43c9a8) 
thrown [s\src\hotspot\share\interpreter\linkResolver.cpp, line 771]
Event: 7.846 Thread 0x0000012e6648f9c0 Implicit null exception at 0x0000012e71823b84 to 0x0000012e71823d10

VM Operations (20 events):
Event: 7.396 Executing VM operation: ICBufferFull done
Event: 7.409 Executing VM operation: HandshakeAllThreads
Event: 7.409 Executing VM operation: HandshakeAllThreads done
Event: 7.462 Executing VM operation: ICBufferFull
Event: 7.462 Executing VM operation: ICBufferFull done
Event: 7.632 Executing VM operation: ICBufferFull
Event: 7.632 Executing VM operation: ICBufferFull done
Event: 7.726 Executing VM operation: ICBufferFull
Event: 7.726 Executing VM operation: ICBufferFull done
Event: 7.805 Executing VM operation: ICBufferFull
Event: 7.805 Executing VM operation: ICBufferFull done
Event: 7.854 Executing VM operation: HandshakeAllThreads
Event: 7.854 Executing VM operation: HandshakeAllThreads done
Event: 7.864 Executing VM operation: ICBufferFull
Event: 7.864 Executing VM operation: ICBufferFull done
Event: 7.990 Executing VM operation: ICBufferFull
Event: 7.990 Executing VM operation: ICBufferFull done
Event: 8.055 Executing VM operation: HandshakeAllThreads
Event: 8.056 Executing VM operation: HandshakeAllThreads done
Event: 8.068 Executing VM operation: G1CollectForAllocation

Events (20 events):
Event: 8.066 Thread 0x0000012e040369f0 flushing nmethod 0x0000012e6a4baa10
Event: 8.066 Thread 0x0000012e040369f0 flushing nmethod 0x0000012e6a56c110
Event: 8.066 Thread 0x0000012e040369f0 flushing nmethod 0x0000012e6a571010
Event: 8.066 Thread 0x0000012e040369f0 flushing nmethod 0x0000012e6a573390
Event: 8.066 Thread 0x0000012e040369f0 flushing nmethod 0x0000012e6a574e90
Event: 8.066 Thread 0x0000012e040369f0 flushing nmethod 0x0000012e6a577910
Event: 8.066 Thread 0x0000012e040369f0 flushing nmethod 0x0000012e6a57f210
Event: 8.066 Thread 0x0000012e040369f0 flushing nmethod 0x0000012e6a588710
Event: 8.066 Thread 0x0000012e040369f0 flushing nmethod 0x0000012e6a589310
Event: 8.066 Thread 0x0000012e040369f0 flushing nmethod 0x0000012e6a596290
Event: 8.066 Thread 0x0000012e040369f0 flushing nmethod 0x0000012e6a5a4e10
Event: 8.067 Thread 0x0000012e040369f0 flushing nmethod 0x0000012e6a5c4390
Event: 8.067 Thread 0x0000012e040369f0 flushing nmethod 0x0000012e6a5de410
Event: 8.067 Thread 0x0000012e040369f0 flushing nmethod 0x0000012e6a5e0590
Event: 8.067 Thread 0x0000012e040369f0 flushing nmethod 0x0000012e6a61cb10
Event: 8.067 Thread 0x0000012e040369f0 flushing nmethod 0x0000012e6a697110
Event: 8.067 Thread 0x0000012e040369f0 flushing nmethod 0x0000012e6a704710
Event: 8.067 Thread 0x0000012e040369f0 flushing nmethod 0x0000012e6a729710
Event: 8.067 Thread 0x0000012e040369f0 flushing nmethod 0x0000012e6a72c710
Event: 8.067 Thread 0x0000012e040369f0 flushing nmethod 0x0000012e6a742510


Dynamic libraries:
0x00007ff6084a0000 - 0x00007ff6084aa000 	C:\Program Files\Android\Android Studio\jbr\bin\java.exe
0x00007ffd618d0000 - 0x00007ffd61ac8000 	C:\WINDOWS\SYSTEM32\ntdll.dll
0x00007ffd5fd80000 - 0x00007ffd5fe3d000 	C:\WINDOWS\System32\KERNEL32.DLL
0x00007ffd5f180000 - 0x00007ffd5f476000 	C:\WINDOWS\System32\KERNELBASE.dll
0x00007ffd5f7e0000 - 0x00007ffd5f8e0000 	C:\WINDOWS\System32\ucrtbase.dll
0x00007ffd52230000 - 0x00007ffd5224b000 	C:\Program Files\Android\Android Studio\jbr\bin\VCRUNTIME140.dll
0x00007ffd51650000 - 0x00007ffd51667000 	C:\Program Files\Android\Android Studio\jbr\bin\jli.dll
0x00007ffd604e0000 - 0x00007ffd6067f000 	C:\WINDOWS\System32\USER32.dll
0x00007ffd4ef40000 - 0x00007ffd4f1da000 	C:\WINDOWS\WinSxS\amd64_microsoft.windows.common-controls_6595b64144ccf1df_6.0.19041.4355_none_60b8b9eb71f62e16\COMCTL32.dll
0x00007ffd5efd0000 - 0x00007ffd5eff2000 	C:\WINDOWS\System32\win32u.dll
0x00007ffd60680000 - 0x00007ffd6071e000 	C:\WINDOWS\System32\msvcrt.dll
0x00007ffd60360000 - 0x00007ffd6038b000 	C:\WINDOWS\System32\GDI32.dll
0x00007ffd5f480000 - 0x00007ffd5f597000 	C:\WINDOWS\System32\gdi32full.dll
0x00007ffd5f000000 - 0x00007ffd5f09d000 	C:\WINDOWS\System32\msvcp_win.dll
0x00007ffd60390000 - 0x00007ffd603bf000 	C:\WINDOWS\System32\IMM32.DLL
0x00007ffd57e10000 - 0x00007ffd57e1c000 	C:\Program Files\Android\Android Studio\jbr\bin\vcruntime140_1.dll
0x00007ffd29910000 - 0x00007ffd2999d000 	C:\Program Files\Android\Android Studio\jbr\bin\msvcp140.dll
0x00007ffd16150000 - 0x00007ffd16dd3000 	C:\Program Files\Android\Android Studio\jbr\bin\server\jvm.dll
0x00007ffd5fe40000 - 0x00007ffd5fef0000 	C:\WINDOWS\System32\ADVAPI32.dll
0x00007ffd5fb50000 - 0x00007ffd5fbf0000 	C:\WINDOWS\System32\sechost.dll
0x00007ffd5fa20000 - 0x00007ffd5fb43000 	C:\WINDOWS\System32\RPCRT4.dll
0x00007ffd5f7b0000 - 0x00007ffd5f7d7000 	C:\WINDOWS\System32\bcrypt.dll
0x00007ffd553d0000 - 0x00007ffd553f7000 	C:\WINDOWS\SYSTEM32\WINMM.dll
0x00007ffd5e930000 - 0x00007ffd5e97b000 	C:\WINDOWS\SYSTEM32\POWRPROF.dll
0x00007ffd59b60000 - 0x00007ffd59b69000 	C:\WINDOWS\SYSTEM32\WSOCK32.dll
0x00007ffd55400000 - 0x00007ffd5540a000 	C:\WINDOWS\SYSTEM32\VERSION.dll
0x00007ffd60470000 - 0x00007ffd604db000 	C:\WINDOWS\System32\WS2_32.dll
0x00007ffd5e910000 - 0x00007ffd5e922000 	C:\WINDOWS\SYSTEM32\UMPDC.dll
0x00007ffd5cdc0000 - 0x00007ffd5cdd2000 	C:\WINDOWS\SYSTEM32\kernel.appcore.dll
0x00007ffd597c0000 - 0x00007ffd597ca000 	C:\Program Files\Android\Android Studio\jbr\bin\jimage.dll
0x00007ffd524f0000 - 0x00007ffd526d4000 	C:\WINDOWS\SYSTEM32\DBGHELP.DLL
0x00007ffd4a4b0000 - 0x00007ffd4a4e4000 	C:\WINDOWS\SYSTEM32\dbgcore.DLL
0x00007ffd5f0f0000 - 0x00007ffd5f172000 	C:\WINDOWS\System32\bcryptPrimitives.dll
0x00007ffd585d0000 - 0x00007ffd585f5000 	C:\Program Files\Android\Android Studio\jbr\bin\java.dll
0x00007ffd58470000 - 0x00007ffd58488000 	C:\Program Files\Android\Android Studio\jbr\bin\zip.dll
0x00007ffd60780000 - 0x00007ffd60eec000 	C:\WINDOWS\System32\SHELL32.dll
0x00007ffd5cfe0000 - 0x00007ffd5d77d000 	C:\WINDOWS\SYSTEM32\windows.storage.dll
0x00007ffd60fa0000 - 0x00007ffd612f3000 	C:\WINDOWS\System32\combase.dll
0x00007ffd5e980000 - 0x00007ffd5e9ae000 	C:\WINDOWS\SYSTEM32\Wldp.dll
0x00007ffd61580000 - 0x00007ffd6164d000 	C:\WINDOWS\System32\OLEAUT32.dll
0x00007ffd60ef0000 - 0x00007ffd60f9d000 	C:\WINDOWS\System32\SHCORE.dll
0x00007ffd60720000 - 0x00007ffd60775000 	C:\WINDOWS\System32\shlwapi.dll
0x00007ffd5ee90000 - 0x00007ffd5eeb4000 	C:\WINDOWS\SYSTEM32\profapi.dll
0x00007ffd58450000 - 0x00007ffd58469000 	C:\Program Files\Android\Android Studio\jbr\bin\net.dll
0x00007ffd5be30000 - 0x00007ffd5bf3a000 	C:\WINDOWS\SYSTEM32\WINHTTP.dll
0x00007ffd5e670000 - 0x00007ffd5e6da000 	C:\WINDOWS\system32\mswsock.dll
0x00007ffd582c0000 - 0x00007ffd582d6000 	C:\Program Files\Android\Android Studio\jbr\bin\nio.dll
0x00007ffd582b0000 - 0x00007ffd582c0000 	C:\Program Files\Android\Android Studio\jbr\bin\verify.dll

dbghelp: loaded successfully - version: 4.0.5 - missing functions: none
symbol engine: initialized successfully - sym options: 0x614 - pdb path: .;C:\Program Files\Android\Android Studio\jbr\bin;C:\WINDOWS\SYSTEM32;C:\WINDOWS\WinSxS\amd64_microsoft.windows.common-controls_6595b64144ccf1df_6.0.19041.4355_none_60b8b9eb71f62e16;C:\Program Files\Android\Android Studio\jbr\bin\server

VM Arguments:
java_command: org.jetbrains.kotlin.cli.jvm.K2JVMCompiler @C:\Users\irese\StudioProjects\SchoolApp\app\build\20240710_9252097232163636542.compiler.options
java_class_path (initial): C:\Users\irese\.gradle\caches\modules-2\files-2.1\org.jetbrains.kotlin\kotlin-compiler-embeddable\1.9.0\2c8c3a7402becca891f12739b3e9fd2dc2adbd7a\kotlin-compiler-embeddable-1.9.0.jar;C:\Users\irese\.gradle\caches\modules-2\files-2.1\org.jetbrains.kotlin\kotlin-stdlib\1.9.0\8ee15ef0c67dc83d874f412d84378d7f0eb50b63\kotlin-stdlib-1.9.0.jar;C:\Users\irese\.gradle\caches\modules-2\files-2.1\org.jetbrains.kotlin\kotlin-script-runtime\1.9.0\4b3102cbbb7e1b58d9d1adf89563f00069ffa7d1\kotlin-script-runtime-1.9.0.jar;C:\Users\irese\.gradle\caches\modules-2\files-2.1\org.jetbrains.kotlin\kotlin-reflect\1.6.10\1cbe9c92c12a94eea200d23c2bbaedaf3daf5132\kotlin-reflect-1.6.10.jar;C:\Users\irese\.gradle\caches\modules-2\files-2.1\org.jetbrains.kotlin\kotlin-daemon-embeddable\1.9.0\186543f5e28cf8d9a0290fecc2cf34301c40a65c\kotlin-daemon-embeddable-1.9.0.jar;C:\Users\irese\.gradle\caches\modules-2\files-2.1\org.jetbrains.intellij.deps\trove4j\1.0.20200330\3afb14d5f9ceb459d724e907a21145e8ff394f02\trove4j-1.0.20200330.jar;C:\Users\irese\.gradle\caches\modules-2\files-2.1\org.jetbrains.kotlin\kotlin-stdlib-common\1.9.0\cd65c21cfd1eec4d44ef09f9f52b6d9f8a720636\kotlin-stdlib-common-1.9.0.jar;C:\Users\irese\.gradle\caches\modules-2\files-2.1\org.jetbrains\annotations\13.0\919f0dfe192fb4e063e7dacadee7f8bb9a2672a9\annotations-13.0.jar
Launcher Type: SUN_STANDARD

[Global flags]
     intx CICompilerCount                          = 4                                         {product} {ergonomic}
     uint ConcGCThreads                            = 2                                         {product} {ergonomic}
     uint G1ConcRefinementThreads                  = 8                                         {product} {ergonomic}
   size_t G1HeapRegionSize                         = 1048576                                   {product} {ergonomic}
    uintx GCDrainStackTargetSize                   = 64                                        {product} {ergonomic}
   size_t InitialHeapSize                          = 125829120                                 {product} {ergonomic}
   size_t MarkStackSize                            = 4194304                                   {product} {ergonomic}
   size_t MaxHeapSize                              = 1992294400                                {product} {ergonomic}
   size_t MaxNewSize                               = 1195376640                                {product} {ergonomic}
   size_t MinHeapDeltaBytes                        = 1048576                                   {product} {ergonomic}
   size_t MinHeapSize                              = 8388608                                   {product} {ergonomic}
    uintx NonNMethodCodeHeapSize                   = 5839372                                {pd product} {ergonomic}
    uintx NonProfiledCodeHeapSize                  = 122909434                              {pd product} {ergonomic}
    uintx ProfiledCodeHeapSize                     = 122909434                              {pd product} {ergonomic}
    uintx ReservedCodeCacheSize                    = 251658240                              {pd product} {ergonomic}
     bool SegmentedCodeCache                       = true                                      {product} {ergonomic}
   size_t SoftMaxHeapSize                          = 1992294400                             {manageable} {ergonomic}
     bool UseCompressedClassPointers               = true                           {product lp64_product} {ergonomic}
     bool UseCompressedOops                        = true                           {product lp64_product} {ergonomic}
     bool UseG1GC                                  = true                                      {product} {ergonomic}
     bool UseLargePagesIndividualAllocation        = false                                  {pd product} {ergonomic}

Logging:
Log output configuration:
 #0: stdout all=warning uptime,level,tags
 #1: stderr all=off uptime,level,tags

Environment Variables:
JAVA_HOME=C:\Program Files\Java\jdk-17
PATH=C:\ProgramData\Oracle\Java\javapath;C:\Program Files (x86)\NVIDIA Corporation\PhysX\Common;C:\Program Files\Common Files\Oracle\Java\javapath;C:\WINDOWS\system32;C:\WINDOWS;C:\WINDOWS\System32\Wbem;C:\WINDOWS\System32\WindowsPowerShell\v1.0\;C:\WINDOWS\System32\OpenSSH\;C:\Program Files (x86)\Windows Kits\10\Windows Performance Toolkit\;C:\Program Files\nodejs\;C:\Program Files\Java\jdk-17\bin;C:\apache-tomcat-8.5.95\bin;C:\Program Files\Microsoft SQL Server\150\Tools\Binn\;C:\Program Files\Microsoft SQL Server\Client SDK\ODBC\170\Tools\Binn\;C:\Program Files\dotnet\;C:\Program Files\Git\cmd;C:\Program Files\MySQL\MySQL Shell 8.0\bin\;C:\Users\irese\AppData\Local\Microsoft\WindowsApps;C:\Program Files\JetBrains\CLion 2023.3.1\bin;;C:\Users\irese\AppData\Local\Programs\Microsoft VS Code\bin;C:\msys64\ucrt64\bin;C:\Program Files\JetBrains\IntelliJ IDEA 2023.3.2\bin;;C:\Users\irese\AppData\Roaming\npm;C:\Program Files\JetBrains\WebStorm 2023.2.2\bin;;C:\Program Files\JetBrains\IntelliJ IDEA Community Edition 2023.2.3\bin;;C:\Users\irese\.dotnet\tools;C:\Users\irese\AppData\Local\GitHubDesktop\bin;C:\flutter\bin;;C:\Program Files\JetBrains\PyCharm 2024.1.3\bin;
USERNAME=irese
OS=Windows_NT
PROCESSOR_IDENTIFIER=AMD64 Family 23 Model 96 Stepping 1, AuthenticAMD
TMP=C:\Users\irese\AppData\Local\Temp
TEMP=C:\Users\irese\AppData\Local\Temp



Periodic native trim disabled

JNI global refs:
JNI global refs: 12, weak refs: 4

JNI global refs memory usage: 843, weak refs: 841

OOME stack traces (most recent first):
Classloader memory used:
Loader jdk.internal.loader.ClassLoaders$AppClassLoader                                 : 6428K
Loader bootstrap                                                                       : 1336K
Loader java.net.URLClassLoader                                                         : 52434B
Loader jdk.internal.reflect.DelegatingClassLoader                                      : 18511B


---------------  S Y S T E M  ---------------

OS:
 Windows 10 , 64 bit Build 19041 (10.0.19041.3636)
OS uptime: 0 days 18:58 hours

CPU: total 8 (initial active 8) (8 cores per cpu, 1 threads per core) family 23 model 96 stepping 1 microcode 0x0, cx8, cmov, fxsr, mmx, 3dnowpref, sse, sse2, sse3, ssse3, sse4a, sse4.1, sse4.2, popcnt, lzcnt, tsc, tscinvbit, avx, avx2, aes, clmul, bmi1, bmi2, adx, sha, fma, vzeroupper, clflush, clflushopt
Processor Information for all 8 processors :
  Max Mhz: 2000, Current Mhz: 2000, Mhz Limit: 2000

Memory: 4k page, system-wide physical 7599M (378M free)
TotalPageFile size 31151M (AvailPageFile size 33M)
current process WorkingSet (physical memory assigned to process): 298M, peak: 307M
current process commit charge ("private bytes"): 340M, peak: 449M

vm_info: OpenJDK 64-Bit Server VM (17.0.9+0--11185874) for windows-amd64 JRE (17.0.9+0--11185874), built on Dec  6 2023 18:57:44 by "androidbuild" with MS VC++ 16.10 / 16.11 (VS2019)

END.
