#
# There is insufficient memory for the Java Runtime Environment to continue.
# Native memory allocation (mmap) failed to map 149946368 bytes for G1 virtual space
# Possible reasons:
#   The system is out of physical RAM or swap space
#   The process is running with CompressedOops enabled, and the Java Heap may be blocking the growth of the native heap
# Possible solutions:
#   Reduce memory load on the system
#   Increase physical memory or swap space
#   Check if swap backing store is full
#   Decrease Java heap size (-Xmx/-Xms)
#   Decrease number of Java threads
#   Decrease Java thread stack sizes (-Xss)
#   Set larger code cache with -XX:ReservedCodeCacheSize=
#   JVM is running with Unscaled Compressed Oops mode in which the Java heap is
#     placed in the first 4GB address space. The Java Heap base address is the
#     maximum limit for the native heap growth. Please use -XX:HeapBaseMinAddress
#     to set the Java Heap base and to place the Java Heap above 4GB virtual address.
# This output file may be truncated or incomplete.
#
#  Out of Memory Error (os_windows.cpp:3825), pid=16116, tid=216
#
# JRE version: OpenJDK Runtime Environment (17.0.9) (build 17.0.9+0--11185874)
# Java VM: OpenJDK 64-Bit Server VM (17.0.9+0--11185874, mixed mode, tiered, compressed oops, compressed class ptrs, g1 gc, windows-amd64)
# No core dump will be written. Minidumps are not enabled by default on client versions of Windows
#

---------------  S U M M A R Y ------------

Command Line: org.jetbrains.kotlin.cli.jvm.K2JVMCompiler @C:\Users\irese\StudioProjects\SchoolApp\app\build\20240710_11059713391469955325.compiler.options

Host: AMD Ryzen 7 4700U with Radeon Graphics         , 8 cores, 7G,  Windows 10 , 64 bit Build 19041 (10.0.19041.3636)
Time: Wed Jul 10 18:24:09 2024 RTZ 2 (s 10 , 64 bit Build 19041 (10.0.19041.3636) elapsed time: 13.586214 seconds (0d 0h 0m 13s)

---------------  T H R E A D  ---------------

Current thread (0x0000027f4a2b0a10):  VMThread "VM Thread" [stack: 0x000000d904a00000,0x000000d904b00000] [id=216]

Stack: [0x000000d904a00000,0x000000d904b00000]
Native frames: (J=compiled Java code, j=interpreted, Vv=VM code, C=native code)
V  [jvm.dll+0x6886e9]
V  [jvm.dll+0x841e4a]
V  [jvm.dll+0x843a8e]
V  [jvm.dll+0x8440f3]
V  [jvm.dll+0x24c14f]
V  [jvm.dll+0x685499]
V  [jvm.dll+0x679c2a]
V  [jvm.dll+0x30cf9b]
V  [jvm.dll+0x314446]
V  [jvm.dll+0x36425e]
V  [jvm.dll+0x36448f]
V  [jvm.dll+0x2e2d68]
V  [jvm.dll+0x2e0f44]
V  [jvm.dll+0x2e054c]
V  [jvm.dll+0x3253fb]
V  [jvm.dll+0x8487eb]
V  [jvm.dll+0x849531]
V  [jvm.dll+0x849a4d]
V  [jvm.dll+0x849e24]
V  [jvm.dll+0x849ef0]
V  [jvm.dll+0x7f06aa]
V  [jvm.dll+0x687565]
C  [ucrtbase.dll+0x21bb2]
C  [KERNEL32.DLL+0x17344]
C  [ntdll.dll+0x4cc91]

VM_Operation (0x000000d9044f8b20): G1CollectForAllocation, mode: safepoint, requested by thread 0x0000027f3080e220


---------------  P R O C E S S  ---------------

Threads class SMR info:
_java_thread_list=0x0000027f4ab9d080, length=12, elements={
0x0000027f3080e220, 0x0000027f4a049940, 0x0000027f4a032c80, 0x0000027f4a04b520,
0x0000027f4a04bee0, 0x0000027f4a04c8a0, 0x0000027f4a04d260, 0x0000027f4a04e960,
0x0000027f4a2db180, 0x0000027f4a2ddf80, 0x0000027f4a48c780, 0x0000027f4a49f010
}

Java Threads: ( => current thread )
  0x0000027f3080e220 JavaThread "main" [_thread_blocked, id=10120, stack(0x000000d904400000,0x000000d904500000)]
  0x0000027f4a049940 JavaThread "Reference Handler" daemon [_thread_blocked, id=20036, stack(0x000000d904b00000,0x000000d904c00000)]
  0x0000027f4a032c80 JavaThread "Finalizer" daemon [_thread_blocked, id=18764, stack(0x000000d904c00000,0x000000d904d00000)]
  0x0000027f4a04b520 JavaThread "Signal Dispatcher" daemon [_thread_blocked, id=19036, stack(0x000000d904d00000,0x000000d904e00000)]
  0x0000027f4a04bee0 JavaThread "Attach Listener" daemon [_thread_blocked, id=5188, stack(0x000000d904e00000,0x000000d904f00000)]
  0x0000027f4a04c8a0 JavaThread "Service Thread" daemon [_thread_blocked, id=11216, stack(0x000000d904f00000,0x000000d905000000)]
  0x0000027f4a04d260 JavaThread "Monitor Deflation Thread" daemon [_thread_blocked, id=19000, stack(0x000000d905000000,0x000000d905100000)]
  0x0000027f4a04e960 JavaThread "C2 CompilerThread0" daemon [_thread_blocked, id=19956, stack(0x000000d905100000,0x000000d905200000)]
  0x0000027f4a2db180 JavaThread "C1 CompilerThread0" daemon [_thread_blocked, id=20024, stack(0x000000d905200000,0x000000d905300000)]
  0x0000027f4a2ddf80 JavaThread "Sweeper thread" daemon [_thread_blocked, id=600, stack(0x000000d905300000,0x000000d905400000)]
  0x0000027f4a48c780 JavaThread "Notification Thread" daemon [_thread_blocked, id=9832, stack(0x000000d905400000,0x000000d905500000)]
  0x0000027f4a49f010 JavaThread "Common-Cleaner" daemon [_thread_blocked, id=19972, stack(0x000000d905600000,0x000000d905700000)]

Other Threads:
=>0x0000027f4a2b0a10 VMThread "VM Thread" [stack: 0x000000d904a00000,0x000000d904b00000] [id=216]
  0x0000027f4a48d870 WatcherThread [stack: 0x000000d905500000,0x000000d905600000] [id=17920]
  0x0000027f30866560 GCTaskThread "GC Thread#0" [stack: 0x000000d904500000,0x000000d904600000] [id=1672]
  0x0000027f4ab918e0 GCTaskThread "GC Thread#1" [stack: 0x000000d905700000,0x000000d905800000] [id=17616]
  0x0000027f4abb4990 GCTaskThread "GC Thread#2" [stack: 0x000000d905800000,0x000000d905900000] [id=2392]
  0x0000027f4abb4c50 GCTaskThread "GC Thread#3" [stack: 0x000000d905900000,0x000000d905a00000] [id=15228]
  0x0000027f4abb5320 GCTaskThread "GC Thread#4" [stack: 0x000000d905a00000,0x000000d905b00000] [id=2400]
  0x0000027f4f311900 GCTaskThread "GC Thread#5" [stack: 0x000000d905b00000,0x000000d905c00000] [id=8928]
  0x0000027f4f057dc0 GCTaskThread "GC Thread#6" [stack: 0x000000d905c00000,0x000000d905d00000] [id=19760]
  0x0000027f4f217480 GCTaskThread "GC Thread#7" [stack: 0x000000d905d00000,0x000000d905e00000] [id=5448]
  0x0000027f30876230 ConcurrentGCThread "G1 Main Marker" [stack: 0x000000d904600000,0x000000d904700000] [id=18596]
  0x0000027f30876c50 ConcurrentGCThread "G1 Conc#0" [stack: 0x000000d904700000,0x000000d904800000] [id=18464]
  0x0000027f4abb3150 ConcurrentGCThread "G1 Conc#1" [stack: 0x000000d905e00000,0x000000d905f00000] [id=14552]
  0x0000027f49eb5950 ConcurrentGCThread "G1 Refine#0" [stack: 0x000000d904800000,0x000000d904900000] [id=6584]
  0x0000027f50fc7050 ConcurrentGCThread "G1 Refine#1" [stack: 0x000000d905f00000,0x000000d906000000] [id=16420]
  0x0000027f308c6650 ConcurrentGCThread "G1 Service" [stack: 0x000000d904900000,0x000000d904a00000] [id=16240]

Threads with active compile tasks:
C2 CompilerThread0    13616 10456   !   4       org.jetbrains.kotlin.metadata.ProtoBuf$Type::<init> (875 bytes)

VM state: at safepoint (normal execution)

VM Mutex/Monitor currently owned by a thread:  ([mutex/lock_event])
[0x0000027f3080b780] Threads_lock - owner thread: 0x0000027f4a2b0a10
[0x0000027f30809ec0] Heap_lock - owner thread: 0x0000027f3080e220

Heap address: 0x0000000089400000, size: 1900 MB, Compressed Oops mode: 32-bit

CDS archive(s) not mapped
Compressed class space mapped at: 0x0000000100000000-0x0000000140000000, reserved size: 1073741824
Narrow klass base: 0x0000000000000000, Narrow klass shift: 3, Narrow klass range: 0x140000000

GC Precious Log:
 CPUs: 8 total, 8 available
 Memory: 7599M
 Large Page Support: Disabled
 NUMA Support: Disabled
 Compressed Oops: Enabled (32-bit)
 Heap Region Size: 1M
 Heap Min Capacity: 8M
 Heap Initial Capacity: 120M
 Heap Max Capacity: 1900M
 Pre-touch: Disabled
 Parallel Workers: 8
 Concurrent Workers: 2
 Concurrent Refinement Workers: 8
 Periodic GC: Disabled

Heap:
 garbage-first heap   total 122880K, used 66383K [0x0000000089400000, 0x0000000100000000)
  region size 1024K, 4 young (4096K), 4 survivors (4096K)
 Metaspace       used 63814K, committed 64128K, reserved 1114112K
  class space    used 7211K, committed 7360K, reserved 1048576K

Heap Regions: E=young(eden), S=young(survivor), O=old, HS=humongous(starts), HC=humongous(continues), CS=collection set, F=free, OA=open archive, CA=closed archive, TAMS=top-at-mark-start (previous, next)
|   0|0x0000000089400000, 0x0000000089500000, 0x0000000089500000|100%|HS|  |TAMS 0x0000000089500000, 0x0000000089400000| Complete 
|   1|0x0000000089500000, 0x0000000089600000, 0x0000000089600000|100%|HC|  |TAMS 0x0000000089600000, 0x0000000089500000| Complete 
|   2|0x0000000089600000, 0x0000000089700000, 0x0000000089700000|100%|HC|  |TAMS 0x0000000089700000, 0x0000000089600000| Complete 
|   3|0x0000000089700000, 0x0000000089800000, 0x0000000089800000|100%|HC|  |TAMS 0x0000000089800000, 0x0000000089700000| Complete 
|   4|0x0000000089800000, 0x0000000089900000, 0x0000000089900000|100%| O|  |TAMS 0x0000000089900000, 0x0000000089800000| Untracked 
|   5|0x0000000089900000, 0x0000000089a00000, 0x0000000089a00000|100%| O|  |TAMS 0x0000000089a00000, 0x0000000089900000| Untracked 
|   6|0x0000000089a00000, 0x0000000089b00000, 0x0000000089b00000|100%| O|  |TAMS 0x0000000089b00000, 0x0000000089a00000| Untracked 
|   7|0x0000000089b00000, 0x0000000089c00000, 0x0000000089c00000|100%| O|  |TAMS 0x0000000089c00000, 0x0000000089b00000| Untracked 
|   8|0x0000000089c00000, 0x0000000089d00000, 0x0000000089d00000|100%| O|  |TAMS 0x0000000089c00000, 0x0000000089c00000| Untracked 
|   9|0x0000000089d00000, 0x0000000089e00000, 0x0000000089e00000|100%| O|  |TAMS 0x0000000089e00000, 0x0000000089d00000| Untracked 
|  10|0x0000000089e00000, 0x0000000089f00000, 0x0000000089f00000|100%| O|  |TAMS 0x0000000089f00000, 0x0000000089e00000| Untracked 
|  11|0x0000000089f00000, 0x000000008a000000, 0x000000008a000000|100%| O|  |TAMS 0x000000008a000000, 0x0000000089f00000| Untracked 
|  12|0x000000008a000000, 0x000000008a100000, 0x000000008a100000|100%| O|  |TAMS 0x000000008a100000, 0x000000008a000000| Untracked 
|  13|0x000000008a100000, 0x000000008a200000, 0x000000008a200000|100%| O|  |TAMS 0x000000008a200000, 0x000000008a100000| Untracked 
|  14|0x000000008a200000, 0x000000008a300000, 0x000000008a300000|100%| O|  |TAMS 0x000000008a300000, 0x000000008a200000| Untracked 
|  15|0x000000008a300000, 0x000000008a400000, 0x000000008a400000|100%| O|  |TAMS 0x000000008a400000, 0x000000008a300000| Untracked 
|  16|0x000000008a400000, 0x000000008a500000, 0x000000008a500000|100%| O|  |TAMS 0x000000008a500000, 0x000000008a400000| Untracked 
|  17|0x000000008a500000, 0x000000008a600000, 0x000000008a600000|100%| O|  |TAMS 0x000000008a600000, 0x000000008a500000| Untracked 
|  18|0x000000008a600000, 0x000000008a700000, 0x000000008a700000|100%| O|  |TAMS 0x000000008a700000, 0x000000008a600000| Untracked 
|  19|0x000000008a700000, 0x000000008a800000, 0x000000008a800000|100%| O|  |TAMS 0x000000008a800000, 0x000000008a700000| Untracked 
|  20|0x000000008a800000, 0x000000008a900000, 0x000000008a900000|100%| O|  |TAMS 0x000000008a900000, 0x000000008a800000| Untracked 
|  21|0x000000008a900000, 0x000000008aa00000, 0x000000008aa00000|100%| O|  |TAMS 0x000000008aa00000, 0x000000008a900000| Untracked 
|  22|0x000000008aa00000, 0x000000008ab00000, 0x000000008ab00000|100%|HS|  |TAMS 0x000000008ab00000, 0x000000008aa00000| Complete 
|  23|0x000000008ab00000, 0x000000008ac00000, 0x000000008ac00000|100%|HC|  |TAMS 0x000000008ac00000, 0x000000008ab00000| Complete 
|  24|0x000000008ac00000, 0x000000008ad00000, 0x000000008ad00000|100%| O|  |TAMS 0x000000008ad00000, 0x000000008ac00000| Untracked 
|  25|0x000000008ad00000, 0x000000008ae00000, 0x000000008ae00000|100%| O|  |TAMS 0x000000008ae00000, 0x000000008ad00000| Untracked 
|  26|0x000000008ae00000, 0x000000008af00000, 0x000000008af00000|100%| O|  |TAMS 0x000000008af00000, 0x000000008ae00000| Untracked 
|  27|0x000000008af00000, 0x000000008b000000, 0x000000008b000000|100%| O|  |TAMS 0x000000008b000000, 0x000000008af00000| Untracked 
|  28|0x000000008b000000, 0x000000008b100000, 0x000000008b100000|100%| O|  |TAMS 0x000000008b100000, 0x000000008b000000| Untracked 
|  29|0x000000008b100000, 0x000000008b200000, 0x000000008b200000|100%| O|  |TAMS 0x000000008b200000, 0x000000008b100000| Untracked 
|  30|0x000000008b200000, 0x000000008b200000, 0x000000008b300000|  0%| F|  |TAMS 0x000000008b200000, 0x000000008b200000| Untracked 
|  31|0x000000008b300000, 0x000000008b400000, 0x000000008b400000|100%| O|  |TAMS 0x000000008b400000, 0x000000008b300000| Untracked 
|  32|0x000000008b400000, 0x000000008b500000, 0x000000008b500000|100%| O|  |TAMS 0x000000008b500000, 0x000000008b400000| Untracked 
|  33|0x000000008b500000, 0x000000008b600000, 0x000000008b600000|100%| O|  |TAMS 0x000000008b600000, 0x000000008b500000| Untracked 
|  34|0x000000008b600000, 0x000000008b700000, 0x000000008b700000|100%| O|  |TAMS 0x000000008b700000, 0x000000008b600000| Untracked 
|  35|0x000000008b700000, 0x000000008b800000, 0x000000008b800000|100%| O|  |TAMS 0x000000008b800000, 0x000000008b700000| Untracked 
|  36|0x000000008b800000, 0x000000008b900000, 0x000000008b900000|100%| O|  |TAMS 0x000000008b900000, 0x000000008b800000| Untracked 
|  37|0x000000008b900000, 0x000000008ba00000, 0x000000008ba00000|100%| O|  |TAMS 0x000000008ba00000, 0x000000008b900000| Untracked 
|  38|0x000000008ba00000, 0x000000008bb00000, 0x000000008bb00000|100%| O|  |TAMS 0x000000008bb00000, 0x000000008ba00000| Untracked 
|  39|0x000000008bb00000, 0x000000008bc00000, 0x000000008bc00000|100%| O|  |TAMS 0x000000008bc00000, 0x000000008bb00000| Untracked 
|  40|0x000000008bc00000, 0x000000008bd00000, 0x000000008bd00000|100%| O|  |TAMS 0x000000008bd00000, 0x000000008bc00000| Untracked 
|  41|0x000000008bd00000, 0x000000008be00000, 0x000000008be00000|100%| O|  |TAMS 0x000000008be00000, 0x000000008bd00000| Untracked 
|  42|0x000000008be00000, 0x000000008bf00000, 0x000000008bf00000|100%| O|  |TAMS 0x000000008bf00000, 0x000000008be00000| Untracked 
|  43|0x000000008bf00000, 0x000000008c000000, 0x000000008c000000|100%| O|  |TAMS 0x000000008c000000, 0x000000008bf00000| Untracked 
|  44|0x000000008c000000, 0x000000008c100000, 0x000000008c100000|100%| O|  |TAMS 0x000000008c100000, 0x000000008c000000| Untracked 
|  45|0x000000008c100000, 0x000000008c200000, 0x000000008c200000|100%| O|  |TAMS 0x000000008c200000, 0x000000008c100000| Untracked 
|  46|0x000000008c200000, 0x000000008c300000, 0x000000008c300000|100%| O|  |TAMS 0x000000008c300000, 0x000000008c200000| Untracked 
|  47|0x000000008c300000, 0x000000008c400000, 0x000000008c400000|100%| O|  |TAMS 0x000000008c400000, 0x000000008c300000| Untracked 
|  48|0x000000008c400000, 0x000000008c500000, 0x000000008c500000|100%| O|  |TAMS 0x000000008c500000, 0x000000008c400000| Untracked 
|  49|0x000000008c500000, 0x000000008c600000, 0x000000008c600000|100%| O|  |TAMS 0x000000008c600000, 0x000000008c500000| Untracked 
|  50|0x000000008c600000, 0x000000008c700000, 0x000000008c700000|100%| O|  |TAMS 0x000000008c700000, 0x000000008c600000| Untracked 
|  51|0x000000008c700000, 0x000000008c800000, 0x000000008c800000|100%| O|  |TAMS 0x000000008c800000, 0x000000008c700000| Untracked 
|  52|0x000000008c800000, 0x000000008c900000, 0x000000008c900000|100%| O|  |TAMS 0x000000008c900000, 0x000000008c800000| Untracked 
|  53|0x000000008c900000, 0x000000008ca00000, 0x000000008ca00000|100%| O|  |TAMS 0x000000008ca00000, 0x000000008c900000| Untracked 
|  54|0x000000008ca00000, 0x000000008cb00000, 0x000000008cb00000|100%| O|  |TAMS 0x000000008ca00000, 0x000000008ca00000| Untracked 
|  55|0x000000008cb00000, 0x000000008cc00000, 0x000000008cc00000|100%| O|  |TAMS 0x000000008cb00000, 0x000000008cb00000| Untracked 
|  56|0x000000008cc00000, 0x000000008cd00000, 0x000000008cd00000|100%| O|  |TAMS 0x000000008cc00000, 0x000000008cc00000| Untracked 
|  57|0x000000008cd00000, 0x000000008ce00000, 0x000000008ce00000|100%| O|  |TAMS 0x000000008cd00000, 0x000000008cd00000| Untracked 
|  58|0x000000008ce00000, 0x000000008cf00000, 0x000000008cf00000|100%| O|  |TAMS 0x000000008ce00000, 0x000000008ce00000| Untracked 
|  59|0x000000008cf00000, 0x000000008d000000, 0x000000008d000000|100%| O|  |TAMS 0x000000008cf00000, 0x000000008cf00000| Untracked 
|  60|0x000000008d000000, 0x000000008d100000, 0x000000008d100000|100%|HS|  |TAMS 0x000000008d000000, 0x000000008d000000| Complete 
|  61|0x000000008d100000, 0x000000008d200000, 0x000000008d200000|100%|HC|  |TAMS 0x000000008d100000, 0x000000008d100000| Complete 
|  62|0x000000008d200000, 0x000000008d200000, 0x000000008d300000|  0%| F|  |TAMS 0x000000008d200000, 0x000000008d200000| Untracked 
|  63|0x000000008d300000, 0x000000008d300000, 0x000000008d400000|  0%| F|  |TAMS 0x000000008d300000, 0x000000008d300000| Untracked 
|  64|0x000000008d400000, 0x000000008d400000, 0x000000008d500000|  0%| F|  |TAMS 0x000000008d400000, 0x000000008d400000| Untracked 
|  65|0x000000008d500000, 0x000000008d500000, 0x000000008d600000|  0%| F|  |TAMS 0x000000008d500000, 0x000000008d500000| Untracked 
|  66|0x000000008d600000, 0x000000008d600000, 0x000000008d700000|  0%| F|  |TAMS 0x000000008d600000, 0x000000008d600000| Untracked 
|  67|0x000000008d700000, 0x000000008d700000, 0x000000008d800000|  0%| F|  |TAMS 0x000000008d700000, 0x000000008d700000| Untracked 
|  68|0x000000008d800000, 0x000000008d800000, 0x000000008d900000|  0%| F|  |TAMS 0x000000008d800000, 0x000000008d800000| Untracked 
|  69|0x000000008d900000, 0x000000008d900000, 0x000000008da00000|  0%| F|  |TAMS 0x000000008d900000, 0x000000008d900000| Untracked 
|  70|0x000000008da00000, 0x000000008da00000, 0x000000008db00000|  0%| F|  |TAMS 0x000000008da00000, 0x000000008da00000| Untracked 
|  71|0x000000008db00000, 0x000000008db00000, 0x000000008dc00000|  0%| F|  |TAMS 0x000000008db00000, 0x000000008db00000| Untracked 
|  72|0x000000008dc00000, 0x000000008dc00000, 0x000000008dd00000|  0%| F|  |TAMS 0x000000008dc00000, 0x000000008dc00000| Untracked 
|  73|0x000000008dd00000, 0x000000008dd00000, 0x000000008de00000|  0%| F|  |TAMS 0x000000008dd00000, 0x000000008dd00000| Untracked 
|  74|0x000000008de00000, 0x000000008de00000, 0x000000008df00000|  0%| F|  |TAMS 0x000000008de00000, 0x000000008de00000| Untracked 
|  75|0x000000008df00000, 0x000000008df00000, 0x000000008e000000|  0%| F|  |TAMS 0x000000008df00000, 0x000000008df00000| Untracked 
|  76|0x000000008e000000, 0x000000008e000000, 0x000000008e100000|  0%| F|  |TAMS 0x000000008e000000, 0x000000008e000000| Untracked 
|  77|0x000000008e100000, 0x000000008e100000, 0x000000008e200000|  0%| F|  |TAMS 0x000000008e100000, 0x000000008e100000| Untracked 
|  78|0x000000008e200000, 0x000000008e2d3dd8, 0x000000008e300000| 82%| S|CS|TAMS 0x000000008e200000, 0x000000008e200000| Complete 
|  79|0x000000008e300000, 0x000000008e300000, 0x000000008e400000|  0%| F|  |TAMS 0x000000008e300000, 0x000000008e300000| Untracked 
|  80|0x000000008e400000, 0x000000008e400000, 0x000000008e500000|  0%| F|  |TAMS 0x000000008e400000, 0x000000008e400000| Untracked 
|  81|0x000000008e500000, 0x000000008e600000, 0x000000008e600000|100%| S|CS|TAMS 0x000000008e500000, 0x000000008e500000| Complete 
|  82|0x000000008e600000, 0x000000008e700000, 0x000000008e700000|100%| S|CS|TAMS 0x000000008e600000, 0x000000008e600000| Complete 
|  83|0x000000008e700000, 0x000000008e800000, 0x000000008e800000|100%| S|CS|TAMS 0x000000008e700000, 0x000000008e700000| Complete 
|  84|0x000000008e800000, 0x000000008e800000, 0x000000008e900000|  0%| F|  |TAMS 0x000000008e800000, 0x000000008e800000| Untracked 
|  85|0x000000008e900000, 0x000000008e900000, 0x000000008ea00000|  0%| F|  |TAMS 0x000000008e900000, 0x000000008e900000| Untracked 
|  86|0x000000008ea00000, 0x000000008ea00000, 0x000000008eb00000|  0%| F|  |TAMS 0x000000008ea00000, 0x000000008ea00000| Untracked 
|  87|0x000000008eb00000, 0x000000008eb00000, 0x000000008ec00000|  0%| F|  |TAMS 0x000000008eb00000, 0x000000008eb00000| Untracked 
|  88|0x000000008ec00000, 0x000000008ec00000, 0x000000008ed00000|  0%| F|  |TAMS 0x000000008ec00000, 0x000000008ec00000| Untracked 
|  89|0x000000008ed00000, 0x000000008ed00000, 0x000000008ee00000|  0%| F|  |TAMS 0x000000008ed00000, 0x000000008ed00000| Untracked 
|  90|0x000000008ee00000, 0x000000008ee00000, 0x000000008ef00000|  0%| F|  |TAMS 0x000000008ee00000, 0x000000008ee00000| Untracked 
|  91|0x000000008ef00000, 0x000000008ef00000, 0x000000008f000000|  0%| F|  |TAMS 0x000000008ef00000, 0x000000008ef00000| Untracked 
|  92|0x000000008f000000, 0x000000008f000000, 0x000000008f100000|  0%| F|  |TAMS 0x000000008f000000, 0x000000008f000000| Untracked 
|  93|0x000000008f100000, 0x000000008f100000, 0x000000008f200000|  0%| F|  |TAMS 0x000000008f100000, 0x000000008f100000| Untracked 
|  94|0x000000008f200000, 0x000000008f200000, 0x000000008f300000|  0%| F|  |TAMS 0x000000008f200000, 0x000000008f200000| Untracked 
|  95|0x000000008f300000, 0x000000008f300000, 0x000000008f400000|  0%| F|  |TAMS 0x000000008f300000, 0x000000008f300000| Untracked 
|  96|0x000000008f400000, 0x000000008f400000, 0x000000008f500000|  0%| F|  |TAMS 0x000000008f400000, 0x000000008f400000| Untracked 
|  97|0x000000008f500000, 0x000000008f500000, 0x000000008f600000|  0%| F|  |TAMS 0x000000008f500000, 0x000000008f500000| Untracked 
|  98|0x000000008f600000, 0x000000008f600000, 0x000000008f700000|  0%| F|  |TAMS 0x000000008f600000, 0x000000008f600000| Untracked 
|  99|0x000000008f700000, 0x000000008f700000, 0x000000008f800000|  0%| F|  |TAMS 0x000000008f700000, 0x000000008f700000| Untracked 
| 100|0x000000008f800000, 0x000000008f800000, 0x000000008f900000|  0%| F|  |TAMS 0x000000008f800000, 0x000000008f800000| Untracked 
| 101|0x000000008f900000, 0x000000008f900000, 0x000000008fa00000|  0%| F|  |TAMS 0x000000008f900000, 0x000000008f900000| Untracked 
| 102|0x000000008fa00000, 0x000000008fa00000, 0x000000008fb00000|  0%| F|  |TAMS 0x000000008fa00000, 0x000000008fa00000| Untracked 
| 103|0x000000008fb00000, 0x000000008fb00000, 0x000000008fc00000|  0%| F|  |TAMS 0x000000008fb00000, 0x000000008fb00000| Untracked 
| 104|0x000000008fc00000, 0x000000008fc00000, 0x000000008fd00000|  0%| F|  |TAMS 0x000000008fc00000, 0x000000008fc00000| Untracked 
| 105|0x000000008fd00000, 0x000000008fd00000, 0x000000008fe00000|  0%| F|  |TAMS 0x000000008fd00000, 0x000000008fd00000| Untracked 
| 106|0x000000008fe00000, 0x000000008fe00000, 0x000000008ff00000|  0%| F|  |TAMS 0x000000008fe00000, 0x000000008fe00000| Untracked 
| 107|0x000000008ff00000, 0x000000008ff00000, 0x0000000090000000|  0%| F|  |TAMS 0x000000008ff00000, 0x000000008ff00000| Untracked 
| 108|0x0000000090000000, 0x0000000090000000, 0x0000000090100000|  0%| F|  |TAMS 0x0000000090000000, 0x0000000090000000| Untracked 
| 109|0x0000000090100000, 0x0000000090100000, 0x0000000090200000|  0%| F|  |TAMS 0x0000000090100000, 0x0000000090100000| Untracked 
| 110|0x0000000090200000, 0x0000000090200000, 0x0000000090300000|  0%| F|  |TAMS 0x0000000090200000, 0x0000000090200000| Untracked 
| 111|0x0000000090300000, 0x0000000090300000, 0x0000000090400000|  0%| F|  |TAMS 0x0000000090300000, 0x0000000090300000| Untracked 
| 112|0x0000000090400000, 0x0000000090400000, 0x0000000090500000|  0%| F|  |TAMS 0x0000000090400000, 0x0000000090400000| Untracked 
| 113|0x0000000090500000, 0x0000000090500000, 0x0000000090600000|  0%| F|  |TAMS 0x0000000090500000, 0x0000000090500000| Untracked 
| 114|0x0000000090600000, 0x0000000090600000, 0x0000000090700000|  0%| F|  |TAMS 0x0000000090600000, 0x0000000090600000| Untracked 
| 115|0x0000000090700000, 0x0000000090700000, 0x0000000090800000|  0%| F|  |TAMS 0x0000000090700000, 0x0000000090700000| Untracked 
| 116|0x0000000090800000, 0x0000000090800000, 0x0000000090900000|  0%| F|  |TAMS 0x0000000090800000, 0x0000000090800000| Untracked 
| 117|0x0000000090900000, 0x0000000090900000, 0x0000000090a00000|  0%| F|  |TAMS 0x0000000090900000, 0x0000000090900000| Untracked 
| 118|0x0000000090a00000, 0x0000000090a00000, 0x0000000090b00000|  0%| F|  |TAMS 0x0000000090a00000, 0x0000000090a00000| Untracked 
| 119|0x0000000090b00000, 0x0000000090b00000, 0x0000000090c00000|  0%| F|  |TAMS 0x0000000090b00000, 0x0000000090b00000| Untracked 

Card table byte_map: [0x0000027f43400000,0x0000027f437c0000] _byte_map_base: 0x0000027f42fb6000

Marking Bits (Prev, Next): (CMBitMap*) 0x0000027f30866b80, (CMBitMap*) 0x0000027f30866bc0
 Prev Bits: [0x0000027f43b80000, 0x0000027f45930000)
 Next Bits: [0x0000027f45930000, 0x0000027f476e0000)

Polling page: 0x0000027f2e7c0000

Metaspace:

Usage:
  Non-class:     55.28 MB used.
      Class:      7.04 MB used.
       Both:     62.32 MB used.

Virtual space:
  Non-class space:       64.00 MB reserved,      55.44 MB ( 87%) committed,  1 nodes.
      Class space:        1.00 GB reserved,       7.19 MB ( <1%) committed,  1 nodes.
             Both:        1.06 GB reserved,      62.62 MB (  6%) committed. 

Chunk freelists:
   Non-Class:  7.86 MB
       Class:  8.82 MB
        Both:  16.68 MB

MaxMetaspaceSize: unlimited
CompressedClassSpaceSize: 1.00 GB
Initial GC threshold: 21.00 MB
Current GC threshold: 101.88 MB
CDS: off
MetaspaceReclaimPolicy: balanced
 - commit_granule_bytes: 65536.
 - commit_granule_words: 8192.
 - virtual_space_node_default_size: 8388608.
 - enlarge_chunks_in_place: 1.
 - new_chunks_are_fully_committed: 0.
 - uncommit_free_chunks: 1.
 - use_allocation_guard: 0.
 - handle_deallocations: 1.


Internal statistics:

num_allocs_failed_limit: 6.
num_arena_births: 318.
num_arena_deaths: 0.
num_vsnodes_births: 2.
num_vsnodes_deaths: 0.
num_space_committed: 1000.
num_space_uncommitted: 0.
num_chunks_returned_to_freelist: 6.
num_chunks_taken_from_freelist: 2416.
num_chunk_merges: 6.
num_chunk_splits: 1889.
num_chunks_enlarged: 1605.
num_inconsistent_stats: 0.

CodeHeap 'non-profiled nmethods': size=120000Kb used=3473Kb max_used=3473Kb free=116526Kb
 bounds [0x0000027f3b7c0000, 0x0000027f3bb30000, 0x0000027f42cf0000]
CodeHeap 'profiled nmethods': size=120000Kb used=21687Kb max_used=21687Kb free=98313Kb
 bounds [0x0000027f33cf0000, 0x0000027f35220000, 0x0000027f3b220000]
CodeHeap 'non-nmethods': size=5760Kb used=1302Kb max_used=1360Kb free=4457Kb
 bounds [0x0000027f3b220000, 0x0000027f3b490000, 0x0000027f3b7c0000]
 total_blobs=10218 nmethods=9607 adapters=520
 compilation: enabled
              stopped_count=0, restarted_count=0
 full_count=0

Compilation events (20 events):
Event: 13.560 Thread 0x0000027f4a2db180 10609       1       org.jetbrains.kotlin.contracts.ESVariableWithDataFlowValue::getDataFlowValue (5 bytes)
Event: 13.560 Thread 0x0000027f4a2db180 nmethod 10609 0x0000027f3bb23910 code [0x0000027f3bb23aa0, 0x0000027f3bb23b78]
Event: 13.563 Thread 0x0000027f4a2db180 10610       1       javaslang.collection.Iterator$1::hasNext (5 bytes)
Event: 13.563 Thread 0x0000027f4a2db180 nmethod 10610 0x0000027f3bb23c10 code [0x0000027f3bb23da0, 0x0000027f3bb23e78]
Event: 13.563 Thread 0x0000027f4a2db180 10612       2       javaslang.collection.Queue::<init> (43 bytes)
Event: 13.563 Thread 0x0000027f4a2db180 nmethod 10612 0x0000027f3521b110 code [0x0000027f3521b2c0, 0x0000027f3521b518]
Event: 13.563 Thread 0x0000027f4a2db180 10611       2       javaslang.Tuple::of (10 bytes)
Event: 13.563 Thread 0x0000027f4a2db180 nmethod 10611 0x0000027f3521b610 code [0x0000027f3521b7a0, 0x0000027f3521b998]
Event: 13.566 Thread 0x0000027f4a2db180 10613       2       org.jetbrains.kotlin.resolve.scopes.SubstitutingScope::getContributedClassifier (50 bytes)
Event: 13.567 Thread 0x0000027f4a2db180 nmethod 10613 0x0000027f3521ba90 code [0x0000027f3521bce0, 0x0000027f3521c258]
Event: 13.567 Thread 0x0000027f4a2db180 10614       1       org.jetbrains.kotlin.resolve.calls.tower.PSIKotlinCallForInvoke::getPsiCall (5 bytes)
Event: 13.567 Thread 0x0000027f4a2db180 nmethod 10614 0x0000027f3bb23f10 code [0x0000027f3bb240a0, 0x0000027f3bb24178]
Event: 13.567 Thread 0x0000027f4a2db180 10615       1       org.jetbrains.kotlin.resolve.calls.tower.PSIKotlinCallForVariable::getPsiCall (5 bytes)
Event: 13.567 Thread 0x0000027f4a2db180 nmethod 10615 0x0000027f3bb24210 code [0x0000027f3bb243a0, 0x0000027f3bb24478]
Event: 13.569 Thread 0x0000027f4a2db180 10616       2       androidx.compose.compiler.plugins.kotlin.inference.ApplierInferencer::toLazyScheme$lambda$2$declaredSchemeOf (90 bytes)
Event: 13.569 Thread 0x0000027f4a2db180 nmethod 10616 0x0000027f3521c590 code [0x0000027f3521c780, 0x0000027f3521cb28]
Event: 13.569 Thread 0x0000027f4a2db180 10618       2       androidx.compose.compiler.plugins.kotlin.k1.ComposableTargetChecker$infer$2::typeOf (9 bytes)
Event: 13.569 Thread 0x0000027f4a2db180 nmethod 10618 0x0000027f3521ce90 code [0x0000027f3521d040, 0x0000027f3521d1a8]
Event: 13.569 Thread 0x0000027f4a2db180 10617       2       androidx.compose.compiler.plugins.kotlin.k1.ComposableTargetChecker$infer$4::storeLazyScheme (38 bytes)
Event: 13.570 Thread 0x0000027f4a2db180 nmethod 10617 0x0000027f3521d290 code [0x0000027f3521d4c0, 0x0000027f3521d8d8]

GC Heap History (20 events):
Event: 7.466 GC heap after
{Heap after GC invocations=17 (full 0):
 garbage-first heap   total 94208K, used 40051K [0x0000000089400000, 0x0000000100000000)
  region size 1024K, 4 young (4096K), 4 survivors (4096K)
 Metaspace       used 54139K, committed 54336K, reserved 1114112K
  class space    used 6391K, committed 6464K, reserved 1048576K
}
Event: 8.202 GC heap before
{Heap before GC invocations=17 (full 0):
 garbage-first heap   total 94208K, used 70771K [0x0000000089400000, 0x0000000100000000)
  region size 1024K, 34 young (34816K), 4 survivors (4096K)
 Metaspace       used 55773K, committed 56064K, reserved 1114112K
  class space    used 6544K, committed 6656K, reserved 1048576K
}
Event: 8.217 GC heap after
{Heap after GC invocations=18 (full 0):
 garbage-first heap   total 94208K, used 45197K [0x0000000089400000, 0x0000000100000000)
  region size 1024K, 5 young (5120K), 5 survivors (5120K)
 Metaspace       used 55773K, committed 56064K, reserved 1114112K
  class space    used 6544K, committed 6656K, reserved 1048576K
}
Event: 8.860 GC heap before
{Heap before GC invocations=18 (full 0):
 garbage-first heap   total 94208K, used 71821K [0x0000000089400000, 0x0000000100000000)
  region size 1024K, 31 young (31744K), 5 survivors (5120K)
 Metaspace       used 57371K, committed 57600K, reserved 1114112K
  class space    used 6696K, committed 6784K, reserved 1048576K
}
Event: 8.878 GC heap after
{Heap after GC invocations=19 (full 0):
 garbage-first heap   total 94208K, used 49152K [0x0000000089400000, 0x0000000100000000)
  region size 1024K, 4 young (4096K), 4 survivors (4096K)
 Metaspace       used 57371K, committed 57600K, reserved 1114112K
  class space    used 6696K, committed 6784K, reserved 1048576K
}
Event: 9.505 GC heap before
{Heap before GC invocations=19 (full 0):
 garbage-first heap   total 94208K, used 73728K [0x0000000089400000, 0x0000000100000000)
  region size 1024K, 28 young (28672K), 4 survivors (4096K)
 Metaspace       used 59772K, committed 59968K, reserved 1114112K
  class space    used 7002K, committed 7104K, reserved 1048576K
}
Event: 9.518 GC heap after
{Heap after GC invocations=20 (full 0):
 garbage-first heap   total 94208K, used 52617K [0x0000000089400000, 0x0000000100000000)
  region size 1024K, 4 young (4096K), 4 survivors (4096K)
 Metaspace       used 59772K, committed 59968K, reserved 1114112K
  class space    used 7002K, committed 7104K, reserved 1048576K
}
Event: 10.240 GC heap before
{Heap before GC invocations=21 (full 0):
 garbage-first heap   total 94208K, used 74121K [0x0000000089400000, 0x0000000100000000)
  region size 1024K, 25 young (25600K), 4 survivors (4096K)
 Metaspace       used 61324K, committed 61568K, reserved 1114112K
  class space    used 7099K, committed 7232K, reserved 1048576K
}
Event: 10.253 GC heap after
{Heap after GC invocations=22 (full 0):
 garbage-first heap   total 94208K, used 55292K [0x0000000089400000, 0x0000000100000000)
  region size 1024K, 3 young (3072K), 3 survivors (3072K)
 Metaspace       used 61324K, committed 61568K, reserved 1114112K
  class space    used 7099K, committed 7232K, reserved 1048576K
}
Event: 10.267 GC heap before
{Heap before GC invocations=22 (full 0):
 garbage-first heap   total 94208K, used 56316K [0x0000000089400000, 0x0000000100000000)
  region size 1024K, 4 young (4096K), 3 survivors (3072K)
 Metaspace       used 61356K, committed 61632K, reserved 1114112K
  class space    used 7101K, committed 7232K, reserved 1048576K
}
Event: 10.279 GC heap after
{Heap after GC invocations=23 (full 0):
 garbage-first heap   total 113664K, used 54729K [0x0000000089400000, 0x0000000100000000)
  region size 1024K, 1 young (1024K), 1 survivors (1024K)
 Metaspace       used 61356K, committed 61632K, reserved 1114112K
  class space    used 7101K, committed 7232K, reserved 1048576K
}
Event: 11.076 GC heap before
{Heap before GC invocations=23 (full 0):
 garbage-first heap   total 113664K, used 87497K [0x0000000089400000, 0x0000000100000000)
  region size 1024K, 33 young (33792K), 1 survivors (1024K)
 Metaspace       used 62264K, committed 62592K, reserved 1114112K
  class space    used 7145K, committed 7296K, reserved 1048576K
}
Event: 11.086 GC heap after
{Heap after GC invocations=24 (full 0):
 garbage-first heap   total 113664K, used 57826K [0x0000000089400000, 0x0000000100000000)
  region size 1024K, 4 young (4096K), 4 survivors (4096K)
 Metaspace       used 62264K, committed 62592K, reserved 1114112K
  class space    used 7145K, committed 7296K, reserved 1048576K
}
Event: 11.963 GC heap before
{Heap before GC invocations=25 (full 0):
 garbage-first heap   total 113664K, used 89570K [0x0000000089400000, 0x0000000100000000)
  region size 1024K, 35 young (35840K), 4 survivors (4096K)
 Metaspace       used 62966K, committed 63296K, reserved 1114112K
  class space    used 7169K, committed 7360K, reserved 1048576K
}
Event: 11.984 GC heap after
{Heap after GC invocations=26 (full 0):
 garbage-first heap   total 113664K, used 61096K [0x0000000089400000, 0x0000000100000000)
  region size 1024K, 4 young (4096K), 4 survivors (4096K)
 Metaspace       used 62966K, committed 63296K, reserved 1114112K
  class space    used 7169K, committed 7360K, reserved 1048576K
}
Event: 12.010 GC heap before
{Heap before GC invocations=26 (full 0):
 garbage-first heap   total 113664K, used 62120K [0x0000000089400000, 0x0000000100000000)
  region size 1024K, 5 young (5120K), 4 survivors (4096K)
 Metaspace       used 62980K, committed 63296K, reserved 1114112K
  class space    used 7169K, committed 7360K, reserved 1048576K
}
Event: 12.019 GC heap after
{Heap after GC invocations=27 (full 0):
 garbage-first heap   total 113664K, used 61020K [0x0000000089400000, 0x0000000100000000)
  region size 1024K, 1 young (1024K), 1 survivors (1024K)
 Metaspace       used 62980K, committed 63296K, reserved 1114112K
  class space    used 7169K, committed 7360K, reserved 1048576K
}
Event: 12.845 GC heap before
{Heap before GC invocations=27 (full 0):
 garbage-first heap   total 113664K, used 92764K [0x0000000089400000, 0x0000000100000000)
  region size 1024K, 30 young (30720K), 1 survivors (1024K)
 Metaspace       used 63379K, committed 63744K, reserved 1114112K
  class space    used 7173K, committed 7360K, reserved 1048576K
}
Event: 12.856 GC heap after
{Heap after GC invocations=28 (full 0):
 garbage-first heap   total 113664K, used 64512K [0x0000000089400000, 0x0000000100000000)
  region size 1024K, 2 young (2048K), 2 survivors (2048K)
 Metaspace       used 63379K, committed 63744K, reserved 1114112K
  class space    used 7173K, committed 7360K, reserved 1048576K
}
Event: 13.572 GC heap before
{Heap before GC invocations=28 (full 0):
 garbage-first heap   total 113664K, used 92160K [0x0000000089400000, 0x0000000100000000)
  region size 1024K, 29 young (29696K), 2 survivors (2048K)
 Metaspace       used 63814K, committed 64128K, reserved 1114112K
  class space    used 7211K, committed 7360K, reserved 1048576K
}

Dll operation events (2 events):
Event: 0.011 Loaded shared library C:\Program Files\Android\Android Studio\jbr\bin\java.dll
Event: 2.429 Loaded shared library C:\Program Files\Android\Android Studio\jbr\bin\verify.dll

Deoptimization events (20 events):
Event: 12.952 Thread 0x0000027f3080e220 DEOPT PACKING pc=0x0000027f344cb157 sp=0x000000d9044ecb30
Event: 12.952 Thread 0x0000027f3080e220 DEOPT UNPACKING pc=0x0000027f3b277143 sp=0x000000d9044ebff0 mode 0
Event: 13.184 Thread 0x0000027f3080e220 Uncommon trap: trap_request=0xffffffdc fr.pc=0x0000027f3bb0d4b0 relative=0x0000000000000190
Event: 13.184 Thread 0x0000027f3080e220 Uncommon trap: reason=class_check action=make_not_entrant pc=0x0000027f3bb0d4b0 method=java.util.ArrayList.toArray([Ljava/lang/Object;)[Ljava/lang/Object; @ 21 c2
Event: 13.184 Thread 0x0000027f3080e220 DEOPT PACKING pc=0x0000027f3bb0d4b0 sp=0x000000d9044fae50
Event: 13.184 Thread 0x0000027f3080e220 DEOPT UNPACKING pc=0x0000027f3b2769a3 sp=0x000000d9044fae00 mode 2
Event: 13.192 Thread 0x0000027f3080e220 Uncommon trap: trap_request=0xffffffcc fr.pc=0x0000027f3bb0e24c relative=0x000000000000032c
Event: 13.192 Thread 0x0000027f3080e220 Uncommon trap: reason=intrinsic_or_type_checked_inlining action=make_not_entrant pc=0x0000027f3bb0e24c method=java.util.ArrayList.toArray([Ljava/lang/Object;)[Ljava/lang/Object; @ 36 c2
Event: 13.192 Thread 0x0000027f3080e220 DEOPT PACKING pc=0x0000027f3bb0e24c sp=0x000000d9044fbb50
Event: 13.192 Thread 0x0000027f3080e220 DEOPT UNPACKING pc=0x0000027f3b2769a3 sp=0x000000d9044fbb20 mode 2
Event: 13.374 Thread 0x0000027f3080e220 Uncommon trap: trap_request=0xffffffc6 fr.pc=0x0000027f3ba1d28c relative=0x00000000000009ec
Event: 13.374 Thread 0x0000027f3080e220 Uncommon trap: reason=bimorphic_or_optimized_type_check action=maybe_recompile pc=0x0000027f3ba1d28c method=gnu.trove.TObjectHash.insertionIndex(Ljava/lang/Object;)I @ 177 c2
Event: 13.374 Thread 0x0000027f3080e220 DEOPT PACKING pc=0x0000027f3ba1d28c sp=0x000000d9044f1a70
Event: 13.374 Thread 0x0000027f3080e220 DEOPT UNPACKING pc=0x0000027f3b2769a3 sp=0x000000d9044f19f8 mode 2
Event: 13.408 Thread 0x0000027f3080e220 Uncommon trap: trap_request=0xffffff45 fr.pc=0x0000027f3b8de448 relative=0x0000000000001a28
Event: 13.408 Thread 0x0000027f3080e220 Uncommon trap: reason=unstable_if action=reinterpret pc=0x0000027f3b8de448 method=jdk.internal.org.objectweb.asm.Frame.execute(IILjdk/internal/org/objectweb/asm/Symbol;Ljdk/internal/org/objectweb/asm/SymbolTable;)V @ 1 c2
Event: 13.408 Thread 0x0000027f3080e220 DEOPT PACKING pc=0x0000027f3b8de448 sp=0x000000d9044f6f30
Event: 13.408 Thread 0x0000027f3080e220 DEOPT UNPACKING pc=0x0000027f3b2769a3 sp=0x000000d9044f6ee8 mode 2
Event: 13.438 Thread 0x0000027f3080e220 DEOPT PACKING pc=0x0000027f350ee452 sp=0x000000d9044fbd10
Event: 13.438 Thread 0x0000027f3080e220 DEOPT UNPACKING pc=0x0000027f3b277143 sp=0x000000d9044fb1e0 mode 0

Classes unloaded (0 events):
No events

Classes redefined (0 events):
No events

Internal exceptions (20 events):
Event: 3.661 Thread 0x0000027f3080e220 Exception <a 'java/lang/NoSuchMethodError'{0x000000008be00ac8}: 'java.lang.Object java.lang.invoke.DirectMethodHandle$Holder.invokeVirtual(java.lang.Object, java.lang.Object, java.lang.Object)'> (0x000000008be00ac8) 
thrown [s\src\hotspot\share\interpreter\linkResolver.cpp, line 771]
Event: 4.700 Thread 0x0000027f3080e220 Exception <a 'java/lang/NoSuchMethodError'{0x000000008b7add58}: 'java.lang.Object java.lang.invoke.DirectMethodHandle$Holder.newInvokeSpecial(java.lang.Object, java.lang.Object, int)'> (0x000000008b7add58) 
thrown [s\src\hotspot\share\interpreter\linkResolver.cpp, line 771]
Event: 4.805 Thread 0x0000027f3080e220 Implicit null exception at 0x0000027f3b8d4cd0 to 0x0000027f3b8d4d9c
Event: 4.998 Thread 0x0000027f3080e220 Exception <a 'java/lang/NoSuchMethodError'{0x000000008e648d60}: 'java.lang.Object java.lang.invoke.DirectMethodHandle$Holder.newInvokeSpecial(java.lang.Object, java.lang.Object, java.lang.Object, int)'> (0x000000008e648d60) 
thrown [s\src\hotspot\share\interpreter\linkResolver.cpp, line 771]
Event: 4.999 Thread 0x0000027f3080e220 Exception <a 'java/lang/NoSuchMethodError'{0x000000008e64d3e8}: 'java.lang.Object java.lang.invoke.DirectMethodHandle$Holder.invokeSpecial(java.lang.Object, java.lang.Object, java.lang.Object, java.lang.Object, int)'> (0x000000008e64d3e8) 
thrown [s\src\hotspot\share\interpreter\linkResolver.cpp, line 771]
Event: 4.999 Thread 0x0000027f3080e220 Exception <a 'java/lang/NoSuchMethodError'{0x000000008e651258}: 'java.lang.Object java.lang.invoke.Invokers$Holder.linkToTargetMethod(java.lang.Object, java.lang.Object, int, java.lang.Object)'> (0x000000008e651258) 
thrown [s\src\hotspot\share\interpreter\linkResolver.cpp, line 771]
Event: 5.903 Thread 0x0000027f3080e220 Exception <a 'java/lang/NoSuchMethodError'{0x000000008bf4e270}: 'java.lang.Object java.lang.invoke.DirectMethodHandle$Holder.newInvokeSpecial(java.lang.Object, java.lang.Object, java.lang.Object, java.lang.Object, java.lang.Object, java.lang.Object)'> (0x000000008bf4e270) 
thrown [s\src\hotspot\share\interpreter\linkResolver.cpp, line 771]
Event: 6.312 Thread 0x0000027f3080e220 Implicit null exception at 0x0000027f3b80d00e to 0x0000027f3b80d264
Event: 7.241 Thread 0x0000027f3080e220 Exception <a 'java/lang/NoSuchMethodError'{0x000000008cd07d70}: 'java.lang.Object java.lang.invoke.DirectMethodHandle$Holder.invokeStaticInit(java.lang.Object, java.lang.Object, java.lang.Object)'> (0x000000008cd07d70) 
thrown [s\src\hotspot\share\interpreter\linkResolver.cpp, line 771]
Event: 8.002 Thread 0x0000027f3080e220 Exception <a 'java/lang/NoSuchMethodError'{0x000000008d75bbd0}: 'int java.lang.invoke.DirectMethodHandle$Holder.invokeStaticInit(java.lang.Object, int)'> (0x000000008d75bbd0) 
thrown [s\src\hotspot\share\interpreter\linkResolver.cpp, line 771]
Event: 8.439 Thread 0x0000027f3080e220 Implicit null exception at 0x0000027f3b8b6d89 to 0x0000027f3b8b6e70
Event: 8.439 Thread 0x0000027f3080e220 Implicit null exception at 0x0000027f3b825358 to 0x0000027f3b8253ea
Event: 8.448 Thread 0x0000027f3080e220 Implicit null exception at 0x0000027f3b81fd0f to 0x0000027f3b81fd85
Event: 8.895 Thread 0x0000027f3080e220 Exception <a 'java/lang/NoSuchMethodError'{0x0000000090b87b68}: 'java.lang.Object java.lang.invoke.DirectMethodHandle$Holder.invokeInterface(java.lang.Object, java.lang.Object, java.lang.Object)'> (0x0000000090b87b68) 
thrown [s\src\hotspot\share\interpreter\linkResolver.cpp, line 771]
Event: 8.895 Thread 0x0000027f3080e220 Exception <a 'java/lang/IncompatibleClassChangeError'{0x0000000090b8cf68}: Found class java.lang.Object, but interface was expected> (0x0000000090b8cf68) 
thrown [s\src\hotspot\share\interpreter\linkResolver.cpp, line 838]
Event: 9.408 Thread 0x0000027f3080e220 Exception <a 'java/lang/NoSuchMethodError'{0x000000008dc837f0}: 'java.lang.Object java.lang.invoke.DirectMethodHandle$Holder.newInvokeSpecial(java.lang.Object, int, java.lang.Object)'> (0x000000008dc837f0) 
thrown [s\src\hotspot\share\interpreter\linkResolver.cpp, line 771]
Event: 9.410 Thread 0x0000027f3080e220 Exception <a 'java/lang/NoSuchMethodError'{0x000000008dc8a370}: 'int java.lang.invoke.DirectMethodHandle$Holder.invokeInterface(java.lang.Object, java.lang.Object)'> (0x000000008dc8a370) 
thrown [s\src\hotspot\share\interpreter\linkResolver.cpp, line 771]
Event: 9.810 Thread 0x0000027f3080e220 Exception <a 'java/lang/NoSuchMethodError'{0x000000008e8af118}: 'java.lang.Object java.lang.invoke.DirectMethodHandle$Holder.newInvokeSpecial(java.lang.Object, java.lang.Object, java.lang.Object, java.lang.Object, java.lang.Object, java.lang.Object, java.lang.Object)'> (0x000000008e8af118) 
thrown [s\src\hotspot\share\interpreter\linkResolver.cpp, line 771]
Event: 9.811 Thread 0x0000027f3080e220 Exception <a 'java/lang/NoSuchMethodError'{0x000000008e8b3cd0}: 'java.lang.Object java.lang.invoke.Invokers$Holder.linkToTargetMethod(java.lang.Object, java.lang.Object, java.lang.Object, java.lang.Object, java.lang.Object, java.lang.Object, java.lang.Object)'> (0x000000008e8b3cd0) 
thrown [s\src\hotspot\share\interpreter\linkResolver.cpp, line 771]
Event: 10.701 Thread 0x0000027f3080e220 Exception <a 'java/lang/NoSuchMethodError'{0x000000008f315c80}: 'java.lang.Object java.lang.invoke.DirectMethodHandle$Holder.invokeStatic(java.lang.Object, int, java.lang.Object)'> (0x000000008f315c80) 
thrown [s\src\hotspot\share\interpreter\linkResolver.cpp, line 771]

VM Operations (20 events):
Event: 11.594 Executing VM operation: ICBufferFull done
Event: 11.874 Executing VM operation: ICBufferFull
Event: 11.874 Executing VM operation: ICBufferFull done
Event: 11.963 Executing VM operation: G1CollectForAllocation
Event: 11.984 Executing VM operation: G1CollectForAllocation done
Event: 12.010 Executing VM operation: G1CollectForAllocation
Event: 12.020 Executing VM operation: G1CollectForAllocation done
Event: 12.166 Executing VM operation: ICBufferFull
Event: 12.166 Executing VM operation: ICBufferFull done
Event: 12.421 Executing VM operation: ICBufferFull
Event: 12.421 Executing VM operation: ICBufferFull done
Event: 12.615 Executing VM operation: ICBufferFull
Event: 12.615 Executing VM operation: ICBufferFull done
Event: 12.845 Executing VM operation: G1CollectForAllocation
Event: 12.856 Executing VM operation: G1CollectForAllocation done
Event: 13.265 Executing VM operation: ICBufferFull
Event: 13.265 Executing VM operation: ICBufferFull done
Event: 13.461 Executing VM operation: ICBufferFull
Event: 13.461 Executing VM operation: ICBufferFull done
Event: 13.572 Executing VM operation: G1CollectForAllocation

Events (20 events):
Event: 13.412 loading class java/lang/invoke/BoundMethodHandle$Species_LJ
Event: 13.412 loading class java/lang/invoke/BoundMethodHandle$Species_LJ done
Event: 13.413 loading class java/lang/invoke/BoundMethodHandle$Species_LLLLLL
Event: 13.413 loading class java/lang/invoke/BoundMethodHandle$Species_LLLLLL done
Event: 13.414 loading class java/lang/invoke/BoundMethodHandle$Species_LLLLLLL
Event: 13.414 loading class java/lang/invoke/BoundMethodHandle$Species_LLLLLLL done
Event: 13.415 loading class java/lang/invoke/LambdaFormEditor$1
Event: 13.415 loading class java/lang/invoke/LambdaFormEditor$1 done
Event: 13.415 loading class java/util/TreeMap$EntrySet
Event: 13.415 loading class java/util/TreeMap$EntrySet done
Event: 13.415 loading class java/util/TreeMap$EntryIterator
Event: 13.415 loading class java/util/TreeMap$EntryIterator done
Event: 13.419 loading class java/lang/invoke/BoundMethodHandle$Species_LLLLLLLL
Event: 13.419 loading class java/lang/invoke/BoundMethodHandle$Species_LLLLLLLL done
Event: 13.420 loading class java/lang/invoke/BoundMethodHandle$Species_LLLLLLLLL
Event: 13.420 loading class java/lang/invoke/BoundMethodHandle$Species_LLLLLLLLL done
Event: 13.421 loading class java/lang/invoke/BoundMethodHandle$Species_LLLLLLLLLL
Event: 13.421 loading class java/lang/invoke/BoundMethodHandle$Species_LLLLLLLLLL done
Event: 13.422 loading class java/lang/invoke/BoundMethodHandle$Species_LLLLLLLLLLL
Event: 13.422 loading class java/lang/invoke/BoundMethodHandle$Species_LLLLLLLLLLL done


Dynamic libraries:
0x00007ff78dfd0000 - 0x00007ff78dfda000 	C:\Program Files\Android\Android Studio\jbr\bin\java.exe
0x00007ffd618d0000 - 0x00007ffd61ac8000 	C:\WINDOWS\SYSTEM32\ntdll.dll
0x00007ffd5fd80000 - 0x00007ffd5fe3d000 	C:\WINDOWS\System32\KERNEL32.DLL
0x00007ffd5f180000 - 0x00007ffd5f476000 	C:\WINDOWS\System32\KERNELBASE.dll
0x00007ffd5f7e0000 - 0x00007ffd5f8e0000 	C:\WINDOWS\System32\ucrtbase.dll
0x00007ffd35b70000 - 0x00007ffd35b8b000 	C:\Program Files\Android\Android Studio\jbr\bin\VCRUNTIME140.dll
0x00007ffd51650000 - 0x00007ffd51667000 	C:\Program Files\Android\Android Studio\jbr\bin\jli.dll
0x00007ffd604e0000 - 0x00007ffd6067f000 	C:\WINDOWS\System32\USER32.dll
0x00007ffd5efd0000 - 0x00007ffd5eff2000 	C:\WINDOWS\System32\win32u.dll
0x00007ffd60360000 - 0x00007ffd6038b000 	C:\WINDOWS\System32\GDI32.dll
0x00007ffd4ef40000 - 0x00007ffd4f1da000 	C:\WINDOWS\WinSxS\amd64_microsoft.windows.common-controls_6595b64144ccf1df_6.0.19041.4355_none_60b8b9eb71f62e16\COMCTL32.dll
0x00007ffd5f480000 - 0x00007ffd5f597000 	C:\WINDOWS\System32\gdi32full.dll
0x00007ffd5f000000 - 0x00007ffd5f09d000 	C:\WINDOWS\System32\msvcp_win.dll
0x00007ffd60680000 - 0x00007ffd6071e000 	C:\WINDOWS\System32\msvcrt.dll
0x00007ffd60390000 - 0x00007ffd603bf000 	C:\WINDOWS\System32\IMM32.DLL
0x00007ffd3e8a0000 - 0x00007ffd3e8ac000 	C:\Program Files\Android\Android Studio\jbr\bin\vcruntime140_1.dll
0x00007ffd29910000 - 0x00007ffd2999d000 	C:\Program Files\Android\Android Studio\jbr\bin\msvcp140.dll
0x00007ffd16150000 - 0x00007ffd16dd3000 	C:\Program Files\Android\Android Studio\jbr\bin\server\jvm.dll
0x00007ffd5fe40000 - 0x00007ffd5fef0000 	C:\WINDOWS\System32\ADVAPI32.dll
0x00007ffd5fb50000 - 0x00007ffd5fbf0000 	C:\WINDOWS\System32\sechost.dll
0x00007ffd5fa20000 - 0x00007ffd5fb43000 	C:\WINDOWS\System32\RPCRT4.dll
0x00007ffd5f7b0000 - 0x00007ffd5f7d7000 	C:\WINDOWS\System32\bcrypt.dll
0x00007ffd59b60000 - 0x00007ffd59b69000 	C:\WINDOWS\SYSTEM32\WSOCK32.dll
0x00007ffd5e930000 - 0x00007ffd5e97b000 	C:\WINDOWS\SYSTEM32\POWRPROF.dll
0x00007ffd553d0000 - 0x00007ffd553f7000 	C:\WINDOWS\SYSTEM32\WINMM.dll
0x00007ffd60470000 - 0x00007ffd604db000 	C:\WINDOWS\System32\WS2_32.dll
0x00007ffd55400000 - 0x00007ffd5540a000 	C:\WINDOWS\SYSTEM32\VERSION.dll
0x00007ffd5e910000 - 0x00007ffd5e922000 	C:\WINDOWS\SYSTEM32\UMPDC.dll
0x00007ffd5cdc0000 - 0x00007ffd5cdd2000 	C:\WINDOWS\SYSTEM32\kernel.appcore.dll
0x00007ffd597c0000 - 0x00007ffd597ca000 	C:\Program Files\Android\Android Studio\jbr\bin\jimage.dll
0x00007ffd524f0000 - 0x00007ffd526d4000 	C:\WINDOWS\SYSTEM32\DBGHELP.DLL
0x00007ffd4a4b0000 - 0x00007ffd4a4e4000 	C:\WINDOWS\SYSTEM32\dbgcore.DLL
0x00007ffd5f0f0000 - 0x00007ffd5f172000 	C:\WINDOWS\System32\bcryptPrimitives.dll
0x00007ffd585d0000 - 0x00007ffd585f5000 	C:\Program Files\Android\Android Studio\jbr\bin\java.dll
0x00007ffd58470000 - 0x00007ffd58488000 	C:\Program Files\Android\Android Studio\jbr\bin\zip.dll
0x00007ffd60780000 - 0x00007ffd60eec000 	C:\WINDOWS\System32\SHELL32.dll
0x00007ffd5cfe0000 - 0x00007ffd5d77d000 	C:\WINDOWS\SYSTEM32\windows.storage.dll
0x00007ffd60fa0000 - 0x00007ffd612f3000 	C:\WINDOWS\System32\combase.dll
0x00007ffd5e980000 - 0x00007ffd5e9ae000 	C:\WINDOWS\SYSTEM32\Wldp.dll
0x00007ffd61580000 - 0x00007ffd6164d000 	C:\WINDOWS\System32\OLEAUT32.dll
0x00007ffd60ef0000 - 0x00007ffd60f9d000 	C:\WINDOWS\System32\SHCORE.dll
0x00007ffd60720000 - 0x00007ffd60775000 	C:\WINDOWS\System32\shlwapi.dll
0x00007ffd5ee90000 - 0x00007ffd5eeb4000 	C:\WINDOWS\SYSTEM32\profapi.dll
0x00007ffd58450000 - 0x00007ffd58469000 	C:\Program Files\Android\Android Studio\jbr\bin\net.dll
0x00007ffd5be30000 - 0x00007ffd5bf3a000 	C:\WINDOWS\SYSTEM32\WINHTTP.dll
0x00007ffd5e670000 - 0x00007ffd5e6da000 	C:\WINDOWS\system32\mswsock.dll
0x00007ffd582c0000 - 0x00007ffd582d6000 	C:\Program Files\Android\Android Studio\jbr\bin\nio.dll
0x00007ffd582b0000 - 0x00007ffd582c0000 	C:\Program Files\Android\Android Studio\jbr\bin\verify.dll

dbghelp: loaded successfully - version: 4.0.5 - missing functions: none
symbol engine: initialized successfully - sym options: 0x614 - pdb path: .;C:\Program Files\Android\Android Studio\jbr\bin;C:\WINDOWS\SYSTEM32;C:\WINDOWS\WinSxS\amd64_microsoft.windows.common-controls_6595b64144ccf1df_6.0.19041.4355_none_60b8b9eb71f62e16;C:\Program Files\Android\Android Studio\jbr\bin\server

VM Arguments:
java_command: org.jetbrains.kotlin.cli.jvm.K2JVMCompiler @C:\Users\irese\StudioProjects\SchoolApp\app\build\20240710_11059713391469955325.compiler.options
java_class_path (initial): C:\Users\irese\.gradle\caches\modules-2\files-2.1\org.jetbrains.kotlin\kotlin-compiler-embeddable\1.9.0\2c8c3a7402becca891f12739b3e9fd2dc2adbd7a\kotlin-compiler-embeddable-1.9.0.jar;C:\Users\irese\.gradle\caches\modules-2\files-2.1\org.jetbrains.kotlin\kotlin-stdlib\1.9.0\8ee15ef0c67dc83d874f412d84378d7f0eb50b63\kotlin-stdlib-1.9.0.jar;C:\Users\irese\.gradle\caches\modules-2\files-2.1\org.jetbrains.kotlin\kotlin-script-runtime\1.9.0\4b3102cbbb7e1b58d9d1adf89563f00069ffa7d1\kotlin-script-runtime-1.9.0.jar;C:\Users\irese\.gradle\caches\modules-2\files-2.1\org.jetbrains.kotlin\kotlin-reflect\1.6.10\1cbe9c92c12a94eea200d23c2bbaedaf3daf5132\kotlin-reflect-1.6.10.jar;C:\Users\irese\.gradle\caches\modules-2\files-2.1\org.jetbrains.kotlin\kotlin-daemon-embeddable\1.9.0\186543f5e28cf8d9a0290fecc2cf34301c40a65c\kotlin-daemon-embeddable-1.9.0.jar;C:\Users\irese\.gradle\caches\modules-2\files-2.1\org.jetbrains.intellij.deps\trove4j\1.0.20200330\3afb14d5f9ceb459d724e907a21145e8ff394f02\trove4j-1.0.20200330.jar;C:\Users\irese\.gradle\caches\modules-2\files-2.1\org.jetbrains.kotlin\kotlin-stdlib-common\1.9.0\cd65c21cfd1eec4d44ef09f9f52b6d9f8a720636\kotlin-stdlib-common-1.9.0.jar;C:\Users\irese\.gradle\caches\modules-2\files-2.1\org.jetbrains\annotations\13.0\919f0dfe192fb4e063e7dacadee7f8bb9a2672a9\annotations-13.0.jar
Launcher Type: SUN_STANDARD

[Global flags]
     intx CICompilerCount                          = 4                                         {product} {ergonomic}
     uint ConcGCThreads                            = 2                                         {product} {ergonomic}
     uint G1ConcRefinementThreads                  = 8                                         {product} {ergonomic}
   size_t G1HeapRegionSize                         = 1048576                                   {product} {ergonomic}
    uintx GCDrainStackTargetSize                   = 64                                        {product} {ergonomic}
   size_t InitialHeapSize                          = 125829120                                 {product} {ergonomic}
   size_t MarkStackSize                            = 4194304                                   {product} {ergonomic}
   size_t MaxHeapSize                              = 1992294400                                {product} {ergonomic}
   size_t MaxNewSize                               = 1195376640                                {product} {ergonomic}
   size_t MinHeapDeltaBytes                        = 1048576                                   {product} {ergonomic}
   size_t MinHeapSize                              = 8388608                                   {product} {ergonomic}
    uintx NonNMethodCodeHeapSize                   = 5839372                                {pd product} {ergonomic}
    uintx NonProfiledCodeHeapSize                  = 122909434                              {pd product} {ergonomic}
    uintx ProfiledCodeHeapSize                     = 122909434                              {pd product} {ergonomic}
    uintx ReservedCodeCacheSize                    = 251658240                              {pd product} {ergonomic}
     bool SegmentedCodeCache                       = true                                      {product} {ergonomic}
   size_t SoftMaxHeapSize                          = 1992294400                             {manageable} {ergonomic}
     bool UseCompressedClassPointers               = true                           {product lp64_product} {ergonomic}
     bool UseCompressedOops                        = true                           {product lp64_product} {ergonomic}
     bool UseG1GC                                  = true                                      {product} {ergonomic}
     bool UseLargePagesIndividualAllocation        = false                                  {pd product} {ergonomic}

Logging:
Log output configuration:
 #0: stdout all=warning uptime,level,tags
 #1: stderr all=off uptime,level,tags

Environment Variables:
JAVA_HOME=C:\Program Files\Java\jdk-17
PATH=C:\ProgramData\Oracle\Java\javapath;C:\Program Files (x86)\NVIDIA Corporation\PhysX\Common;C:\Program Files\Common Files\Oracle\Java\javapath;C:\WINDOWS\system32;C:\WINDOWS;C:\WINDOWS\System32\Wbem;C:\WINDOWS\System32\WindowsPowerShell\v1.0\;C:\WINDOWS\System32\OpenSSH\;C:\Program Files (x86)\Windows Kits\10\Windows Performance Toolkit\;C:\Program Files\nodejs\;C:\Program Files\Java\jdk-17\bin;C:\apache-tomcat-8.5.95\bin;C:\Program Files\Microsoft SQL Server\150\Tools\Binn\;C:\Program Files\Microsoft SQL Server\Client SDK\ODBC\170\Tools\Binn\;C:\Program Files\dotnet\;C:\Program Files\Git\cmd;C:\Program Files\MySQL\MySQL Shell 8.0\bin\;C:\Users\irese\AppData\Local\Microsoft\WindowsApps;C:\Program Files\JetBrains\CLion 2023.3.1\bin;;C:\Users\irese\AppData\Local\Programs\Microsoft VS Code\bin;C:\msys64\ucrt64\bin;C:\Program Files\JetBrains\IntelliJ IDEA 2023.3.2\bin;;C:\Users\irese\AppData\Roaming\npm;C:\Program Files\JetBrains\WebStorm 2023.2.2\bin;;C:\Program Files\JetBrains\IntelliJ IDEA Community Edition 2023.2.3\bin;;C:\Users\irese\.dotnet\tools;C:\Users\irese\AppData\Local\GitHubDesktop\bin;C:\flutter\bin;;C:\Program Files\JetBrains\PyCharm 2024.1.3\bin;
USERNAME=irese
OS=Windows_NT
PROCESSOR_IDENTIFIER=AMD64 Family 23 Model 96 Stepping 1, AuthenticAMD
TMP=C:\Users\irese\AppData\Local\Temp
TEMP=C:\Users\irese\AppData\Local\Temp



Periodic native trim disabled

JNI global refs:
JNI global refs: 11, weak refs: 16

JNI global refs memory usage: 843, weak refs: 841

OOME stack traces (most recent first):
Classloader memory used:
Loader jdk.internal.loader.ClassLoaders$AppClassLoader                                 : 6543K
Loader bootstrap                                                                       : 1356K
Loader java.net.URLClassLoader                                                         : 58474B
Loader jdk.internal.reflect.DelegatingClassLoader                                      : 20779B


---------------  S Y S T E M  ---------------

OS:
 Windows 10 , 64 bit Build 19041 (10.0.19041.3636)
OS uptime: 0 days 18:25 hours

CPU: total 8 (initial active 8) (8 cores per cpu, 1 threads per core) family 23 model 96 stepping 1 microcode 0x0, cx8, cmov, fxsr, mmx, 3dnowpref, sse, sse2, sse3, ssse3, sse4a, sse4.1, sse4.2, popcnt, lzcnt, tsc, tscinvbit, avx, avx2, aes, clmul, bmi1, bmi2, adx, sha, fma, vzeroupper, clflush, clflushopt
Processor Information for all 8 processors :
  Max Mhz: 2000, Current Mhz: 2000, Mhz Limit: 2000

Memory: 4k page, system-wide physical 7599M (322M free)
TotalPageFile size 31151M (AvailPageFile size 48M)
current process WorkingSet (physical memory assigned to process): 269M, peak: 270M
current process commit charge ("private bytes"): 331M, peak: 475M

vm_info: OpenJDK 64-Bit Server VM (17.0.9+0--11185874) for windows-amd64 JRE (17.0.9+0--11185874), built on Dec  6 2023 18:57:44 by "androidbuild" with MS VC++ 16.10 / 16.11 (VS2019)

END.
